Fri Jan 10 16:03:02 JST 2020:util.Log[126]/init -> @@@ RUN STAMP @@@ -- Frontier-is
Fri Jan 10 16:03:02 JST 2020:util.FileManage[91]/ReadFile -> read setting.txt
 -> util.Config[76]/init
 -> util.Config[36]/<init>
 -> ActivityManager[41]/handling
 -> ActivityManager[21]/main
Fri Jan 10 16:03:02 JST 2020:util.Config[155]/Get -> read config ipAdress_server = localhost
Fri Jan 10 16:03:02 JST 2020:util.Config[155]/Get -> read config portNum_server = 11000
Fri Jan 10 16:03:02 JST 2020:ClientThreadUTF8[46]/<init> -> try to connect with localhost 11000
Fri Jan 10 16:03:02 JST 2020:ClientThreadUTF8[54]/<init> -> connected with localhost 11000
Fri Jan 10 16:03:16 JST 2020:ActivityManager[78]/handling -> Read activity: activities\4doc.txt
Fri Jan 10 16:03:34 JST 2020:ActivityManager[78]/handling -> Read activity: activities\clear.txt
Fri Jan 10 16:03:34 JST 2020:MemoryManager[142]/Read -> read memory: ok_silver_history = ok_silver2,ok_silver
Fri Jan 10 16:03:34 JST 2020:MemoryManager[94]/Add -> add new memory: ok_silver_history += ok_silver3 in long_memory.txt
Fri Jan 10 16:03:34 JST 2020:MemoryManager[94]/Add -> add new memory: activity_history += ok_silver3 in short_memory.txt
Fri Jan 10 16:03:34 JST 2020:MemoryManager[142]/Read -> read memory: praiselong_history = praiselong2,praiselong
Fri Jan 10 16:03:34 JST 2020:MemoryManager[181]/Clear -> clear memory: praiselong_history = praiselong2,praiselong
Fri Jan 10 16:03:34 JST 2020:MemoryManager[94]/Add -> add new memory: praiselong_history += praiselong2 in long_memory.txt
Fri Jan 10 16:03:34 JST 2020:MemoryManager[82]/Add -> already contain: praiselong2 at activity_history in short_memory.txt
Fri Jan 10 16:03:34 JST 2020:MemoryManager[142]/Read -> read memory: sotaaizuchi_history = sotaaizuchi3,sotaaizuchi4,sotaaizuchi,sotaaizuchi2
Fri Jan 10 16:03:34 JST 2020:MemoryManager[181]/Clear -> clear memory: sotaaizuchi_history = sotaaizuchi3,sotaaizuchi4,sotaaizuchi,sotaaizuchi2
Fri Jan 10 16:03:34 JST 2020:MemoryManager[94]/Add -> add new memory: sotaaizuchi_history += sotaaizuchi4 in long_memory.txt
Fri Jan 10 16:03:34 JST 2020:MemoryManager[82]/Add -> already contain: sotaaizuchi4 at activity_history in short_memory.txt
Fri Jan 10 16:03:34 JST 2020:ActivityManager[316]/ReadBehaviors -> Load Activity: sotaaizuchi
Fri Jan 10 16:03:34 JST 2020:ActivityManager[316]/ReadBehaviors -> Load Activity: praiselong
Fri Jan 10 16:03:34 JST 2020:ActivityManager[78]/handling -> Read activity: activities\ok_silver3.txt
Fri Jan 10 16:09:22 JST 2020:ActivityManager[78]/handling -> Read activity: activities\4doc.txt
Fri Jan 10 16:09:57 JST 2020:ActivityManager[78]/handling -> Read activity: activities\clear.txt
Fri Jan 10 16:09:57 JST 2020:MemoryManager[142]/Read -> read memory: target_history = target4
Fri Jan 10 16:09:57 JST 2020:MemoryManager[94]/Add -> add new memory: target_history += target in long_memory.txt
Fri Jan 10 16:09:57 JST 2020:MemoryManager[82]/Add -> already contain: target at activity_history in short_memory.txt
Fri Jan 10 16:09:57 JST 2020:ActivityManager[78]/handling -> Read activity: activities\target.txt
Fri Jan 10 16:10:16 JST 2020:MemoryManager[142]/Read -> read memory: aizuchi_history = aizuchi4,aizuchi3,aizuchi2,aizuchi
Fri Jan 10 16:10:16 JST 2020:MemoryManager[181]/Clear -> clear memory: aizuchi_history = aizuchi4,aizuchi3,aizuchi2,aizuchi
Fri Jan 10 16:10:16 JST 2020:MemoryManager[94]/Add -> add new memory: aizuchi_history += aizuchi in long_memory.txt
Fri Jan 10 16:10:16 JST 2020:MemoryManager[82]/Add -> already contain: aizuchi at activity_history in short_memory.txt
Fri Jan 10 16:10:16 JST 2020:ActivityManager[316]/ReadBehaviors -> Load Activity: aizuchi
Fri Jan 10 16:10:16 JST 2020:ActivityManager[78]/handling -> Read activity: activities\long.txt
Fri Jan 10 16:10:20 JST 2020:ActivityManager[163]/selectActivity -> Activity ERROR: Could not find activity: 161016160
Fri Jan 10 16:10:23 JST 2020:ActivityManager[163]/selectActivity -> Activity ERROR: Could not find activity: 161016469
Fri Jan 10 16:10:25 JST 2020:ActivityManager[78]/handling -> Read activity: activities\clear.txt
Fri Jan 10 16:10:25 JST 2020:MemoryManager[142]/Read -> read memory: ok_silver_history = ok_silver2,ok_silver,ok_silver3
Fri Jan 10 16:10:25 JST 2020:MemoryManager[181]/Clear -> clear memory: ok_silver_history = ok_silver2,ok_silver,ok_silver3
Fri Jan 10 16:10:25 JST 2020:MemoryManager[94]/Add -> add new memory: ok_silver_history += ok_silver2 in long_memory.txt
Fri Jan 10 16:10:25 JST 2020:MemoryManager[82]/Add -> already contain: ok_silver2 at activity_history in short_memory.txt
Fri Jan 10 16:10:25 JST 2020:MemoryManager[142]/Read -> read memory: praiselong_history = praiselong2
Fri Jan 10 16:10:26 JST 2020:MemoryManager[94]/Add -> add new memory: praiselong_history += praiselong in long_memory.txt
Fri Jan 10 16:10:26 JST 2020:MemoryManager[82]/Add -> already contain: praiselong at activity_history in short_memory.txt
Fri Jan 10 16:10:26 JST 2020:MemoryManager[142]/Read -> read memory: sotaaizuchi_history = sotaaizuchi4
Fri Jan 10 16:10:26 JST 2020:MemoryManager[94]/Add -> add new memory: sotaaizuchi_history += sotaaizuchi2 in long_memory.txt
Fri Jan 10 16:10:26 JST 2020:MemoryManager[82]/Add -> already contain: sotaaizuchi2 at activity_history in short_memory.txt
Fri Jan 10 16:10:26 JST 2020:ActivityManager[316]/ReadBehaviors -> Load Activity: sotaaizuchi
Fri Jan 10 16:10:26 JST 2020:ActivityManager[316]/ReadBehaviors -> Load Activity: praiselong
Fri Jan 10 16:10:26 JST 2020:ActivityManager[78]/handling -> Read activity: activities\ok_silver2.txt
Fri Jan 10 16:10:52 JST 2020:MemoryManager[142]/Read -> read memory: aizuchi_history = aizuchi
Fri Jan 10 16:10:52 JST 2020:MemoryManager[94]/Add -> add new memory: aizuchi_history += aizuchi4 in long_memory.txt
Fri Jan 10 16:10:52 JST 2020:MemoryManager[82]/Add -> already contain: aizuchi4 at activity_history in short_memory.txt
Fri Jan 10 16:10:52 JST 2020:ActivityManager[316]/ReadBehaviors -> Load Activity: aizuchi
Fri Jan 10 16:10:52 JST 2020:ActivityManager[78]/handling -> Read activity: activities\rubi.txt
Fri Jan 10 16:10:54 JST 2020:ActivityManager[163]/selectActivity -> Activity ERROR: Could not find activity: 161049502
Fri Jan 10 16:10:56 JST 2020:ActivityManager[78]/handling -> Read activity: activities\clear.txt
Fri Jan 10 16:10:56 JST 2020:MemoryManager[142]/Read -> read memory: kanren_history = kanren,kanren2,kanren3
Fri Jan 10 16:10:56 JST 2020:MemoryManager[94]/Add -> add new memory: kanren_history += kanren4 in long_memory.txt
Fri Jan 10 16:10:56 JST 2020:MemoryManager[82]/Add -> already contain: kanren4 at activity_history in short_memory.txt
Fri Jan 10 16:10:56 JST 2020:MemoryManager[142]/Read -> read memory: aizuchi_history = aizuchi,aizuchi4
Fri Jan 10 16:10:56 JST 2020:MemoryManager[94]/Add -> add new memory: aizuchi_history += aizuchi2 in long_memory.txt
Fri Jan 10 16:10:56 JST 2020:MemoryManager[82]/Add -> already contain: aizuchi2 at activity_history in short_memory.txt
Fri Jan 10 16:10:56 JST 2020:ActivityManager[316]/ReadBehaviors -> Load Activity: aizuchi
Fri Jan 10 16:10:56 JST 2020:MemoryManager[142]/Read -> read memory: sotaaizuchi_history = sotaaizuchi4,sotaaizuchi2
Fri Jan 10 16:10:56 JST 2020:MemoryManager[94]/Add -> add new memory: sotaaizuchi_history += sotaaizuchi in long_memory.txt
Fri Jan 10 16:10:56 JST 2020:MemoryManager[82]/Add -> already contain: sotaaizuchi at activity_history in short_memory.txt
Fri Jan 10 16:10:56 JST 2020:ActivityManager[316]/ReadBehaviors -> Load Activity: sotaaizuchi
Fri Jan 10 16:10:56 JST 2020:ActivityManager[78]/handling -> Read activity: activities\kanren4.txt
Fri Jan 10 16:11:34 JST 2020:ActivityManager[78]/handling -> Read activity: activities\clear.txt
Fri Jan 10 16:11:34 JST 2020:MemoryManager[142]/Read -> read memory: ka_heart_history = ka_heart2
Fri Jan 10 16:11:34 JST 2020:MemoryManager[94]/Add -> add new memory: ka_heart_history += ka_heart in long_memory.txt
Fri Jan 10 16:11:34 JST 2020:MemoryManager[82]/Add -> already contain: ka_heart at activity_history in short_memory.txt
Fri Jan 10 16:11:34 JST 2020:MemoryManager[142]/Read -> read memory: aizuchi_history = aizuchi,aizuchi4,aizuchi2
Fri Jan 10 16:11:34 JST 2020:MemoryManager[94]/Add -> add new memory: aizuchi_history += aizuchi3 in long_memory.txt
Fri Jan 10 16:11:34 JST 2020:MemoryManager[82]/Add -> already contain: aizuchi3 at activity_history in short_memory.txt
Fri Jan 10 16:11:34 JST 2020:ActivityManager[316]/ReadBehaviors -> Load Activity: aizuchi
Fri Jan 10 16:11:34 JST 2020:MemoryManager[142]/Read -> read memory: aizuchi_history = aizuchi,aizuchi4,aizuchi2,aizuchi3
Fri Jan 10 16:11:34 JST 2020:MemoryManager[181]/Clear -> clear memory: aizuchi_history = aizuchi,aizuchi4,aizuchi2,aizuchi3
Fri Jan 10 16:11:34 JST 2020:MemoryManager[94]/Add -> add new memory: aizuchi_history += aizuchi in long_memory.txt
Fri Jan 10 16:11:35 JST 2020:MemoryManager[82]/Add -> already contain: aizuchi at activity_history in short_memory.txt
Fri Jan 10 16:11:35 JST 2020:ActivityManager[316]/ReadBehaviors -> Load Activity: aizuchi
Fri Jan 10 16:11:35 JST 2020:ActivityManager[78]/handling -> Read activity: activities\ka_heart.txt
Fri Jan 10 16:11:56 JST 2020:ActivityManager[78]/handling -> Read activity: activities\clear.txt
Fri Jan 10 16:11:56 JST 2020:ActivityManager[78]/handling -> Read activity: activities\1.0.txt
Fri Jan 10 16:12:03 JST 2020:ActivityManager[78]/handling -> Read activity: activities\clear.txt
Fri Jan 10 16:12:03 JST 2020:MemoryManager[142]/Read -> read memory: ok_silver_history = ok_silver2
Fri Jan 10 16:12:03 JST 2020:MemoryManager[94]/Add -> add new memory: ok_silver_history += ok_silver in long_memory.txt
Fri Jan 10 16:12:03 JST 2020:MemoryManager[82]/Add -> already contain: ok_silver at activity_history in short_memory.txt
Fri Jan 10 16:12:03 JST 2020:MemoryManager[142]/Read -> read memory: praiselong_history = praiselong2,praiselong
Fri Jan 10 16:12:03 JST 2020:MemoryManager[181]/Clear -> clear memory: praiselong_history = praiselong2,praiselong
Fri Jan 10 16:12:03 JST 2020:MemoryManager[94]/Add -> add new memory: praiselong_history += praiselong in long_memory.txt
Fri Jan 10 16:12:03 JST 2020:MemoryManager[82]/Add -> already contain: praiselong at activity_history in short_memory.txt
Fri Jan 10 16:12:03 JST 2020:MemoryManager[142]/Read -> read memory: sotaaizuchi_history = sotaaizuchi4,sotaaizuchi2,sotaaizuchi
Fri Jan 10 16:12:03 JST 2020:MemoryManager[94]/Add -> add new memory: sotaaizuchi_history += sotaaizuchi3 in long_memory.txt
Fri Jan 10 16:12:03 JST 2020:MemoryManager[82]/Add -> already contain: sotaaizuchi3 at activity_history in short_memory.txt
Fri Jan 10 16:12:03 JST 2020:ActivityManager[316]/ReadBehaviors -> Load Activity: sotaaizuchi
Fri Jan 10 16:12:03 JST 2020:ActivityManager[316]/ReadBehaviors -> Load Activity: praiselong
Fri Jan 10 16:12:03 JST 2020:ActivityManager[78]/handling -> Read activity: activities\ok_silver.txt
Fri Jan 10 16:12:24 JST 2020:ActivityManager[78]/handling -> Read activity: activities\clear.txt
Fri Jan 10 16:12:24 JST 2020:ActivityManager[78]/handling -> Read activity: activities\1_2.txt
Fri Jan 10 16:12:29 JST 2020:ActivityManager[78]/handling -> Read activity: activities\clear.txt
Fri Jan 10 16:12:29 JST 2020:MemoryManager[142]/Read -> read memory: ok_silver_history = ok_silver2,ok_silver
Fri Jan 10 16:12:29 JST 2020:MemoryManager[94]/Add -> add new memory: ok_silver_history += ok_silver3 in long_memory.txt
Fri Jan 10 16:12:29 JST 2020:MemoryManager[82]/Add -> already contain: ok_silver3 at activity_history in short_memory.txt
Fri Jan 10 16:12:29 JST 2020:MemoryManager[142]/Read -> read memory: praiselong_history = praiselong
Fri Jan 10 16:12:29 JST 2020:MemoryManager[94]/Add -> add new memory: praiselong_history += praiselong2 in long_memory.txt
Fri Jan 10 16:12:29 JST 2020:MemoryManager[82]/Add -> already contain: praiselong2 at activity_history in short_memory.txt
Fri Jan 10 16:12:29 JST 2020:MemoryManager[142]/Read -> read memory: sotaaizuchi_history = sotaaizuchi4,sotaaizuchi2,sotaaizuchi,sotaaizuchi3
Fri Jan 10 16:12:29 JST 2020:MemoryManager[181]/Clear -> clear memory: sotaaizuchi_history = sotaaizuchi4,sotaaizuchi2,sotaaizuchi,sotaaizuchi3
Fri Jan 10 16:12:29 JST 2020:MemoryManager[94]/Add -> add new memory: sotaaizuchi_history += sotaaizuchi in long_memory.txt
Fri Jan 10 16:12:29 JST 2020:MemoryManager[82]/Add -> already contain: sotaaizuchi at activity_history in short_memory.txt
Fri Jan 10 16:12:29 JST 2020:ActivityManager[316]/ReadBehaviors -> Load Activity: sotaaizuchi
Fri Jan 10 16:12:29 JST 2020:ActivityManager[316]/ReadBehaviors -> Load Activity: praiselong
Fri Jan 10 16:12:29 JST 2020:ActivityManager[78]/handling -> Read activity: activities\ok_silver3.txt
Fri Jan 10 16:12:54 JST 2020:ActivityManager[78]/handling -> Read activity: activities\clear.txt
Fri Jan 10 16:12:54 JST 2020:ActivityManager[78]/handling -> Read activity: activities\1_3.txt
Fri Jan 10 16:13:32 JST 2020:ActivityManager[78]/handling -> Read activity: activities\clear.txt
Fri Jan 10 16:13:32 JST 2020:MemoryManager[142]/Read -> read memory: ok_silver_history = ok_silver2,ok_silver,ok_silver3
Fri Jan 10 16:13:32 JST 2020:MemoryManager[181]/Clear -> clear memory: ok_silver_history = ok_silver2,ok_silver,ok_silver3
Fri Jan 10 16:13:32 JST 2020:MemoryManager[94]/Add -> add new memory: ok_silver_history += ok_silver3 in long_memory.txt
Fri Jan 10 16:13:32 JST 2020:MemoryManager[82]/Add -> already contain: ok_silver3 at activity_history in short_memory.txt
Fri Jan 10 16:13:32 JST 2020:MemoryManager[142]/Read -> read memory: praiselong_history = praiselong,praiselong2
Fri Jan 10 16:13:32 JST 2020:MemoryManager[181]/Clear -> clear memory: praiselong_history = praiselong,praiselong2
Fri Jan 10 16:13:32 JST 2020:MemoryManager[94]/Add -> add new memory: praiselong_history += praiselong in long_memory.txt
Fri Jan 10 16:13:32 JST 2020:MemoryManager[82]/Add -> already contain: praiselong at activity_history in short_memory.txt
Fri Jan 10 16:13:32 JST 2020:MemoryManager[142]/Read -> read memory: sotaaizuchi_history = sotaaizuchi
Fri Jan 10 16:13:32 JST 2020:MemoryManager[94]/Add -> add new memory: sotaaizuchi_history += sotaaizuchi2 in long_memory.txt
Fri Jan 10 16:13:32 JST 2020:MemoryManager[82]/Add -> already contain: sotaaizuchi2 at activity_history in short_memory.txt
Fri Jan 10 16:13:32 JST 2020:ActivityManager[316]/ReadBehaviors -> Load Activity: sotaaizuchi
Fri Jan 10 16:13:32 JST 2020:ActivityManager[316]/ReadBehaviors -> Load Activity: praiselong
Fri Jan 10 16:13:32 JST 2020:ActivityManager[78]/handling -> Read activity: activities\ok_silver3.txt
Fri Jan 10 16:14:00 JST 2020:ActivityManager[78]/handling -> Read activity: activities\clear.txt
Fri Jan 10 16:14:00 JST 2020:ActivityManager[78]/handling -> Read activity: activities\28.txt
Fri Jan 10 16:14:17 JST 2020:ActivityManager[78]/handling -> Read activity: activities\clear.txt
Fri Jan 10 16:14:17 JST 2020:MemoryManager[142]/Read -> read memory: target_history = target4,target
Fri Jan 10 16:14:17 JST 2020:MemoryManager[94]/Add -> add new memory: target_history += target2 in long_memory.txt
Fri Jan 10 16:14:17 JST 2020:MemoryManager[82]/Add -> already contain: target2 at activity_history in short_memory.txt
Fri Jan 10 16:14:17 JST 2020:ActivityManager[78]/handling -> Read activity: activities\target2.txt
Fri Jan 10 16:14:28 JST 2020:ActivityManager[78]/handling -> Read activity: activities\clear.txt
Fri Jan 10 16:14:28 JST 2020:ActivityManager[78]/handling -> Read activity: activities\28_2.txt
Fri Jan 10 16:14:52 JST 2020:ActivityManager[78]/handling -> Read activity: activities\clear.txt
Fri Jan 10 16:14:52 JST 2020:MemoryManager[142]/Read -> read memory: target_history = target4,target,target2
Fri Jan 10 16:14:52 JST 2020:MemoryManager[94]/Add -> add new memory: target_history += target3 in long_memory.txt
Fri Jan 10 16:14:52 JST 2020:MemoryManager[82]/Add -> already contain: target3 at activity_history in short_memory.txt
Fri Jan 10 16:14:52 JST 2020:ActivityManager[78]/handling -> Read activity: activities\target3.txt
Fri Jan 10 16:15:32 JST 2020:MemoryManager[142]/Read -> read memory: boost_history = boost
Fri Jan 10 16:15:32 JST 2020:MemoryManager[94]/Add -> add new memory: boost_history += boost2 in long_memory.txt
Fri Jan 10 16:15:32 JST 2020:MemoryManager[82]/Add -> already contain: boost2 at activity_history in short_memory.txt
Fri Jan 10 16:15:32 JST 2020:ActivityManager[78]/handling -> Read activity: activities\boost2.txt
Fri Jan 10 16:45:40 JST 2020:ActivityManager[78]/handling -> Read activity: activities\4doc.txt
Fri Jan 10 16:46:49 JST 2020:ActivityManager[78]/handling -> Read activity: activities\4doc.txt
Fri Jan 10 16:47:24 JST 2020:ActivityManager[78]/handling -> Read activity: activities\clear.txt
Fri Jan 10 16:47:24 JST 2020:MemoryManager[142]/Read -> read memory: aizuchi_history = aizuchi
Fri Jan 10 16:47:24 JST 2020:MemoryManager[94]/Add -> add new memory: aizuchi_history += aizuchi3 in long_memory.txt
Fri Jan 10 16:47:24 JST 2020:MemoryManager[82]/Add -> already contain: aizuchi3 at activity_history in short_memory.txt
Fri Jan 10 16:47:24 JST 2020:ActivityManager[316]/ReadBehaviors -> Load Activity: aizuchi
Fri Jan 10 16:47:24 JST 2020:ActivityManager[78]/handling -> Read activity: activities\long.txt
Fri Jan 10 16:48:01 JST 2020:MemoryManager[142]/Read -> read memory: aizuchi_history = aizuchi,aizuchi3
Fri Jan 10 16:48:01 JST 2020:MemoryManager[94]/Add -> add new memory: aizuchi_history += aizuchi4 in long_memory.txt
Fri Jan 10 16:48:01 JST 2020:MemoryManager[82]/Add -> already contain: aizuchi4 at activity_history in short_memory.txt
Fri Jan 10 16:48:01 JST 2020:ActivityManager[316]/ReadBehaviors -> Load Activity: aizuchi
Fri Jan 10 16:48:01 JST 2020:ActivityManager[78]/handling -> Read activity: activities\silver.txt
Fri Jan 10 16:48:36 JST 2020:ActivityManager[78]/handling -> Read activity: activities\clear.txt
Fri Jan 10 16:48:36 JST 2020:MemoryManager[142]/Read -> read memory: aizuchi_history = aizuchi,aizuchi3,aizuchi4
Fri Jan 10 16:48:36 JST 2020:MemoryManager[94]/Add -> add new memory: aizuchi_history += aizuchi2 in long_memory.txt
Fri Jan 10 16:48:36 JST 2020:MemoryManager[82]/Add -> already contain: aizuchi2 at activity_history in short_memory.txt
Fri Jan 10 16:48:36 JST 2020:ActivityManager[316]/ReadBehaviors -> Load Activity: aizuchi
Fri Jan 10 16:48:36 JST 2020:ActivityManager[78]/handling -> Read activity: activities\heart.txt
Fri Jan 10 16:48:56 JST 2020:MemoryManager[142]/Read -> read memory: aizuchi_history = aizuchi,aizuchi3,aizuchi4,aizuchi2
Fri Jan 10 16:48:56 JST 2020:MemoryManager[181]/Clear -> clear memory: aizuchi_history = aizuchi,aizuchi3,aizuchi4,aizuchi2
Fri Jan 10 16:48:56 JST 2020:MemoryManager[94]/Add -> add new memory: aizuchi_history += aizuchi4 in long_memory.txt
Fri Jan 10 16:48:56 JST 2020:MemoryManager[82]/Add -> already contain: aizuchi4 at activity_history in short_memory.txt
Fri Jan 10 16:48:56 JST 2020:ActivityManager[316]/ReadBehaviors -> Load Activity: aizuchi
Fri Jan 10 16:48:56 JST 2020:ActivityManager[78]/handling -> Read activity: activities\silver.txt
Fri Jan 10 16:49:31 JST 2020:ActivityManager[78]/handling -> Read activity: activities\clear.txt
Fri Jan 10 16:49:31 JST 2020:MemoryManager[142]/Read -> read memory: aizuchi_history = aizuchi4
Fri Jan 10 16:49:31 JST 2020:MemoryManager[94]/Add -> add new memory: aizuchi_history += aizuchi3 in long_memory.txt
Fri Jan 10 16:49:31 JST 2020:MemoryManager[82]/Add -> already contain: aizuchi3 at activity_history in short_memory.txt
Fri Jan 10 16:49:31 JST 2020:ActivityManager[316]/ReadBehaviors -> Load Activity: aizuchi
Fri Jan 10 16:49:31 JST 2020:ActivityManager[78]/handling -> Read activity: activities\long.txt
