Wed Jan 15 08:44:23 JST 2020:util.Log[126]/init -> @@@ RUN STAMP @@@ -- Frontier-is
Wed Jan 15 08:44:23 JST 2020:util.Config[155]/Get -> read config ipAdress_server = localhost
Wed Jan 15 08:44:23 JST 2020:util.Config[155]/Get -> read config portNum_server = 11000
Wed Jan 15 08:44:23 JST 2020:ScenarioUpdater[55]/update -> Scenario Update
Wed Jan 15 08:44:23 JST 2020:ClientThreadUTF8[46]/<init> -> try to connect with localhost 11000
Wed Jan 15 08:44:23 JST 2020:ClientThreadUTF8[54]/<init> -> connected with localhost 11000
Wed Jan 15 08:44:23 JST 2020:util.Config[155]/Get -> read config init_message = name;sh
Wed Jan 15 08:44:23 JST 2020:util.Config[155]/Get -> read config scenario_file = room.txt
Wed Jan 15 08:44:23 JST 2020:util.Config[110]/Set -> Not change config ipAdress_server = localhost
Wed Jan 15 08:44:23 JST 2020:util.Config[110]/Set -> Not change config portNum_server = 11000
Wed Jan 15 08:44:23 JST 2020:util.Config[110]/Set -> Not change config init_message = name;sh
Wed Jan 15 08:44:23 JST 2020:util.Config[110]/Set -> Not change config scenario_file = room.txt
Wed Jan 15 08:44:23 JST 2020:util.Config[155]/Get -> read config scenario_file = room.txt
Wed Jan 15 08:44:23 JST 2020:StateHandler[624]/ReadFile_sh -> read room.txt
 -> StateHandler[269]/readScenario
 -> StateHandler[65]/handling
 -> StateHandler[18]/main
Wed Jan 15 08:44:23 JST 2020:util.Config[155]/Get -> read config scenario_file = room.txt
Wed Jan 15 08:44:23 JST 2020:StateHandler[66]/handling -> Load room.txt
Wed Jan 15 08:44:25 JST 2020:MemoryManager[142]/Read -> read memory: newnews = false
Wed Jan 15 08:44:25 JST 2020:MemoryManager[139]/Read -> Could Not find 'reported_news' in long_memory.txt
Wed Jan 15 08:44:25 JST 2020:MemoryManager[139]/Read -> Could Not find 'reported_news' in long_memory.txt
Wed Jan 15 08:44:25 JST 2020:MemoryManager[139]/Read -> Could Not find 'reported_news' in long_memory.txt
Wed Jan 15 08:44:25 JST 2020:MemoryManager[139]/Read -> Could Not find 'reported_news' in long_memory.txt
Wed Jan 15 08:44:25 JST 2020:MemoryManager[139]/Read -> Could Not find 'reported_news' in long_memory.txt
Wed Jan 15 08:44:25 JST 2020:MemoryManager[139]/Read -> Could Not find 'reported_news' in long_memory.txt
Wed Jan 15 08:44:25 JST 2020:MemoryManager[139]/Read -> Could Not find 'reported_news' in long_memory.txt
Wed Jan 15 08:44:25 JST 2020:MemoryManager[139]/Read -> Could Not find 'reported_news' in long_memory.txt
Wed Jan 15 08:44:25 JST 2020:MemoryManager[260]/Contain -> Not Contained!: true at newnews in long_memory.txt
Wed Jan 15 08:44:26 JST 2020:ScenarioUpdater[456]/makeActivity_weather -> ERROR(weather): javax.script.ScriptException: TypeError: Cannot read property "dateLabel" from undefined in <eval> at line number 1
Wed Jan 15 08:44:26 JST 2020:MemoryManager[255]/Contain -> Contained!: 2020 at year in long_memory.txt
Wed Jan 15 08:44:26 JST 2020:MemoryManager[255]/Contain -> Contained!: 1 at month in long_memory.txt
Wed Jan 15 08:44:26 JST 2020:MemoryManager[255]/Contain -> Contained!: 15 at day in long_memory.txt
Wed Jan 15 08:44:26 JST 2020:MemoryManager[255]/Contain -> Contained!: 4 at day_of_week in long_memory.txt
Wed Jan 15 08:44:26 JST 2020:MemoryManager[255]/Contain -> Contained!: 8 at hour in long_memory.txt
Wed Jan 15 08:45:26 JST 2020:ScenarioUpdater[55]/update -> Scenario Update
Wed Jan 15 08:45:26 JST 2020:MemoryManager[142]/Read -> read memory: newnews = false
Wed Jan 15 08:45:26 JST 2020:MemoryManager[139]/Read -> Could Not find 'reported_news' in long_memory.txt
Wed Jan 15 08:45:26 JST 2020:MemoryManager[139]/Read -> Could Not find 'reported_news' in long_memory.txt
Wed Jan 15 08:45:26 JST 2020:MemoryManager[139]/Read -> Could Not find 'reported_news' in long_memory.txt
Wed Jan 15 08:45:26 JST 2020:MemoryManager[139]/Read -> Could Not find 'reported_news' in long_memory.txt
Wed Jan 15 08:45:26 JST 2020:MemoryManager[139]/Read -> Could Not find 'reported_news' in long_memory.txt
Wed Jan 15 08:45:26 JST 2020:MemoryManager[139]/Read -> Could Not find 'reported_news' in long_memory.txt
Wed Jan 15 08:45:26 JST 2020:MemoryManager[139]/Read -> Could Not find 'reported_news' in long_memory.txt
Wed Jan 15 08:45:26 JST 2020:MemoryManager[139]/Read -> Could Not find 'reported_news' in long_memory.txt
Wed Jan 15 08:45:26 JST 2020:MemoryManager[260]/Contain -> Not Contained!: true at newnews in long_memory.txt
Wed Jan 15 08:45:26 JST 2020:ScenarioUpdater[456]/makeActivity_weather -> ERROR(weather): javax.script.ScriptException: TypeError: Cannot read property "dateLabel" from undefined in <eval> at line number 1
Wed Jan 15 08:45:26 JST 2020:MemoryManager[255]/Contain -> Contained!: 2020 at year in long_memory.txt
Wed Jan 15 08:45:26 JST 2020:MemoryManager[255]/Contain -> Contained!: 1 at month in long_memory.txt
Wed Jan 15 08:45:26 JST 2020:MemoryManager[255]/Contain -> Contained!: 15 at day in long_memory.txt
Wed Jan 15 08:45:26 JST 2020:MemoryManager[255]/Contain -> Contained!: 4 at day_of_week in long_memory.txt
Wed Jan 15 08:45:26 JST 2020:MemoryManager[255]/Contain -> Contained!: 8 at hour in long_memory.txt
Wed Jan 15 08:46:26 JST 2020:ScenarioUpdater[55]/update -> Scenario Update
Wed Jan 15 08:46:26 JST 2020:MemoryManager[142]/Read -> read memory: newnews = false
Wed Jan 15 08:46:26 JST 2020:MemoryManager[139]/Read -> Could Not find 'reported_news' in long_memory.txt
Wed Jan 15 08:46:26 JST 2020:MemoryManager[139]/Read -> Could Not find 'reported_news' in long_memory.txt
Wed Jan 15 08:46:26 JST 2020:MemoryManager[139]/Read -> Could Not find 'reported_news' in long_memory.txt
Wed Jan 15 08:46:26 JST 2020:MemoryManager[139]/Read -> Could Not find 'reported_news' in long_memory.txt
Wed Jan 15 08:46:26 JST 2020:MemoryManager[139]/Read -> Could Not find 'reported_news' in long_memory.txt
Wed Jan 15 08:46:26 JST 2020:MemoryManager[139]/Read -> Could Not find 'reported_news' in long_memory.txt
Wed Jan 15 08:46:26 JST 2020:MemoryManager[139]/Read -> Could Not find 'reported_news' in long_memory.txt
Wed Jan 15 08:46:26 JST 2020:MemoryManager[139]/Read -> Could Not find 'reported_news' in long_memory.txt
Wed Jan 15 08:46:26 JST 2020:MemoryManager[260]/Contain -> Not Contained!: true at newnews in long_memory.txt
Wed Jan 15 08:46:26 JST 2020:ScenarioUpdater[456]/makeActivity_weather -> ERROR(weather): javax.script.ScriptException: TypeError: Cannot read property "dateLabel" from undefined in <eval> at line number 1
Wed Jan 15 08:46:27 JST 2020:MemoryManager[255]/Contain -> Contained!: 2020 at year in long_memory.txt
Wed Jan 15 08:46:27 JST 2020:MemoryManager[255]/Contain -> Contained!: 1 at month in long_memory.txt
Wed Jan 15 08:46:27 JST 2020:MemoryManager[255]/Contain -> Contained!: 15 at day in long_memory.txt
Wed Jan 15 08:46:27 JST 2020:MemoryManager[255]/Contain -> Contained!: 4 at day_of_week in long_memory.txt
Wed Jan 15 08:46:27 JST 2020:MemoryManager[255]/Contain -> Contained!: 8 at hour in long_memory.txt
Wed Jan 15 08:46:31 JST 2020:StateHandler[80]/handling -> received: 4doc (current state: start )
Wed Jan 15 08:46:31 JST 2020:util.Config[155]/Get -> read config scenario_file = room.txt
Wed Jan 15 08:46:31 JST 2020:StateHandler[624]/ReadFile_sh -> read room.txt
 -> StateHandler[269]/readScenario
 -> StateHandler[119]/handling
 -> StateHandler[18]/main
Wed Jan 15 08:46:31 JST 2020:StateHandler[172]/handling -> Read transition: start:4doc:start:4doc:na
Wed Jan 15 08:46:55 JST 2020:StateHandler[80]/handling -> received: clear (current state: start )
Wed Jan 15 08:46:55 JST 2020:util.Config[155]/Get -> read config scenario_file = room.txt
Wed Jan 15 08:46:55 JST 2020:StateHandler[624]/ReadFile_sh -> read room.txt
 -> StateHandler[269]/readScenario
 -> StateHandler[119]/handling
 -> StateHandler[18]/main
Wed Jan 15 08:46:56 JST 2020:StateHandler[172]/handling -> Read transition: start:clear:start:clear:na
Wed Jan 15 08:46:56 JST 2020:StateHandler[80]/handling -> received: kanren (current state: start )
Wed Jan 15 08:46:56 JST 2020:util.Config[155]/Get -> read config scenario_file = room.txt
Wed Jan 15 08:46:56 JST 2020:StateHandler[624]/ReadFile_sh -> read room.txt
 -> StateHandler[269]/readScenario
 -> StateHandler[119]/handling
 -> StateHandler[18]/main
Wed Jan 15 08:46:56 JST 2020:StateHandler[172]/handling -> Read transition: start:kanren:start:kanren:na
Wed Jan 15 08:47:27 JST 2020:ScenarioUpdater[55]/update -> Scenario Update
Wed Jan 15 08:47:27 JST 2020:MemoryManager[142]/Read -> read memory: newnews = false
Wed Jan 15 08:47:27 JST 2020:MemoryManager[139]/Read -> Could Not find 'reported_news' in long_memory.txt
Wed Jan 15 08:47:27 JST 2020:MemoryManager[139]/Read -> Could Not find 'reported_news' in long_memory.txt
Wed Jan 15 08:47:27 JST 2020:MemoryManager[139]/Read -> Could Not find 'reported_news' in long_memory.txt
Wed Jan 15 08:47:27 JST 2020:MemoryManager[139]/Read -> Could Not find 'reported_news' in long_memory.txt
Wed Jan 15 08:47:27 JST 2020:MemoryManager[139]/Read -> Could Not find 'reported_news' in long_memory.txt
Wed Jan 15 08:47:27 JST 2020:MemoryManager[139]/Read -> Could Not find 'reported_news' in long_memory.txt
Wed Jan 15 08:47:27 JST 2020:MemoryManager[139]/Read -> Could Not find 'reported_news' in long_memory.txt
Wed Jan 15 08:47:27 JST 2020:MemoryManager[139]/Read -> Could Not find 'reported_news' in long_memory.txt
Wed Jan 15 08:47:27 JST 2020:MemoryManager[260]/Contain -> Not Contained!: true at newnews in long_memory.txt
Wed Jan 15 08:47:27 JST 2020:ScenarioUpdater[456]/makeActivity_weather -> ERROR(weather): javax.script.ScriptException: TypeError: Cannot read property "dateLabel" from undefined in <eval> at line number 1
Wed Jan 15 08:47:27 JST 2020:MemoryManager[255]/Contain -> Contained!: 2020 at year in long_memory.txt
Wed Jan 15 08:47:27 JST 2020:MemoryManager[255]/Contain -> Contained!: 1 at month in long_memory.txt
Wed Jan 15 08:47:27 JST 2020:MemoryManager[255]/Contain -> Contained!: 15 at day in long_memory.txt
Wed Jan 15 08:47:27 JST 2020:MemoryManager[255]/Contain -> Contained!: 4 at day_of_week in long_memory.txt
Wed Jan 15 08:47:27 JST 2020:MemoryManager[255]/Contain -> Contained!: 8 at hour in long_memory.txt
Wed Jan 15 08:47:47 JST 2020:StateHandler[80]/handling -> received: 4doc (current state: start )
Wed Jan 15 08:47:47 JST 2020:util.Config[155]/Get -> read config scenario_file = room.txt
Wed Jan 15 08:47:47 JST 2020:StateHandler[624]/ReadFile_sh -> read room.txt
 -> StateHandler[269]/readScenario
 -> StateHandler[119]/handling
 -> StateHandler[18]/main
Wed Jan 15 08:47:47 JST 2020:StateHandler[172]/handling -> Read transition: start:4doc:start:4doc:na
Wed Jan 15 08:47:58 JST 2020:StateHandler[80]/handling -> received: clear (current state: start )
Wed Jan 15 08:47:58 JST 2020:util.Config[155]/Get -> read config scenario_file = room.txt
Wed Jan 15 08:47:58 JST 2020:StateHandler[624]/ReadFile_sh -> read room.txt
 -> StateHandler[269]/readScenario
 -> StateHandler[119]/handling
 -> StateHandler[18]/main
Wed Jan 15 08:47:58 JST 2020:StateHandler[172]/handling -> Read transition: start:clear:start:clear:na
Wed Jan 15 08:47:58 JST 2020:StateHandler[80]/handling -> received: ok_silver (current state: start )
Wed Jan 15 08:47:58 JST 2020:util.Config[155]/Get -> read config scenario_file = room.txt
Wed Jan 15 08:47:58 JST 2020:StateHandler[624]/ReadFile_sh -> read room.txt
 -> StateHandler[269]/readScenario
 -> StateHandler[119]/handling
 -> StateHandler[18]/main
Wed Jan 15 08:47:58 JST 2020:StateHandler[172]/handling -> Read transition: start:ok_silver:start:ok_silver:na
Wed Jan 15 08:48:27 JST 2020:ScenarioUpdater[55]/update -> Scenario Update
Wed Jan 15 08:48:27 JST 2020:MemoryManager[142]/Read -> read memory: newnews = false
Wed Jan 15 08:48:27 JST 2020:MemoryManager[139]/Read -> Could Not find 'reported_news' in long_memory.txt
Wed Jan 15 08:48:27 JST 2020:MemoryManager[139]/Read -> Could Not find 'reported_news' in long_memory.txt
Wed Jan 15 08:48:27 JST 2020:MemoryManager[139]/Read -> Could Not find 'reported_news' in long_memory.txt
Wed Jan 15 08:48:27 JST 2020:MemoryManager[139]/Read -> Could Not find 'reported_news' in long_memory.txt
Wed Jan 15 08:48:27 JST 2020:MemoryManager[139]/Read -> Could Not find 'reported_news' in long_memory.txt
Wed Jan 15 08:48:27 JST 2020:MemoryManager[139]/Read -> Could Not find 'reported_news' in long_memory.txt
Wed Jan 15 08:48:27 JST 2020:MemoryManager[139]/Read -> Could Not find 'reported_news' in long_memory.txt
Wed Jan 15 08:48:27 JST 2020:MemoryManager[139]/Read -> Could Not find 'reported_news' in long_memory.txt
Wed Jan 15 08:48:27 JST 2020:MemoryManager[260]/Contain -> Not Contained!: true at newnews in long_memory.txt
Wed Jan 15 08:48:27 JST 2020:ScenarioUpdater[456]/makeActivity_weather -> ERROR(weather): javax.script.ScriptException: TypeError: Cannot read property "dateLabel" from undefined in <eval> at line number 1
Wed Jan 15 08:48:27 JST 2020:MemoryManager[255]/Contain -> Contained!: 2020 at year in long_memory.txt
Wed Jan 15 08:48:27 JST 2020:MemoryManager[255]/Contain -> Contained!: 1 at month in long_memory.txt
Wed Jan 15 08:48:27 JST 2020:MemoryManager[255]/Contain -> Contained!: 15 at day in long_memory.txt
Wed Jan 15 08:48:27 JST 2020:MemoryManager[255]/Contain -> Contained!: 4 at day_of_week in long_memory.txt
Wed Jan 15 08:48:27 JST 2020:MemoryManager[255]/Contain -> Contained!: 8 at hour in long_memory.txt
Wed Jan 15 08:48:59 JST 2020:StateHandler[80]/handling -> received: 4doc (current state: start )
Wed Jan 15 08:48:59 JST 2020:util.Config[155]/Get -> read config scenario_file = room.txt
Wed Jan 15 08:48:59 JST 2020:StateHandler[624]/ReadFile_sh -> read room.txt
 -> StateHandler[269]/readScenario
 -> StateHandler[119]/handling
 -> StateHandler[18]/main
Wed Jan 15 08:48:59 JST 2020:StateHandler[172]/handling -> Read transition: start:4doc:start:4doc:na
Wed Jan 15 08:49:23 JST 2020:StateHandler[80]/handling -> received: clear (current state: start )
Wed Jan 15 08:49:23 JST 2020:util.Config[155]/Get -> read config scenario_file = room.txt
Wed Jan 15 08:49:23 JST 2020:StateHandler[624]/ReadFile_sh -> read room.txt
 -> StateHandler[269]/readScenario
 -> StateHandler[119]/handling
 -> StateHandler[18]/main
Wed Jan 15 08:49:23 JST 2020:StateHandler[172]/handling -> Read transition: start:clear:start:clear:na
Wed Jan 15 08:49:23 JST 2020:StateHandler[80]/handling -> received: ok_long (current state: start )
Wed Jan 15 08:49:23 JST 2020:util.Config[155]/Get -> read config scenario_file = room.txt
Wed Jan 15 08:49:23 JST 2020:StateHandler[624]/ReadFile_sh -> read room.txt
 -> StateHandler[269]/readScenario
 -> StateHandler[119]/handling
 -> StateHandler[18]/main
Wed Jan 15 08:49:23 JST 2020:StateHandler[172]/handling -> Read transition: start:ok_long:start:ok_long:na
Wed Jan 15 08:49:27 JST 2020:ScenarioUpdater[55]/update -> Scenario Update
Wed Jan 15 08:49:27 JST 2020:MemoryManager[142]/Read -> read memory: newnews = false
Wed Jan 15 08:49:27 JST 2020:MemoryManager[139]/Read -> Could Not find 'reported_news' in long_memory.txt
Wed Jan 15 08:49:27 JST 2020:MemoryManager[139]/Read -> Could Not find 'reported_news' in long_memory.txt
Wed Jan 15 08:49:27 JST 2020:MemoryManager[139]/Read -> Could Not find 'reported_news' in long_memory.txt
Wed Jan 15 08:49:27 JST 2020:MemoryManager[139]/Read -> Could Not find 'reported_news' in long_memory.txt
Wed Jan 15 08:49:27 JST 2020:MemoryManager[139]/Read -> Could Not find 'reported_news' in long_memory.txt
Wed Jan 15 08:49:27 JST 2020:MemoryManager[139]/Read -> Could Not find 'reported_news' in long_memory.txt
Wed Jan 15 08:49:27 JST 2020:MemoryManager[139]/Read -> Could Not find 'reported_news' in long_memory.txt
Wed Jan 15 08:49:27 JST 2020:MemoryManager[139]/Read -> Could Not find 'reported_news' in long_memory.txt
Wed Jan 15 08:49:27 JST 2020:MemoryManager[139]/Read -> Could Not find 'reported_news' in long_memory.txt
Wed Jan 15 08:49:27 JST 2020:MemoryManager[260]/Contain -> Not Contained!: true at newnews in long_memory.txt
Wed Jan 15 08:49:27 JST 2020:ScenarioUpdater[456]/makeActivity_weather -> ERROR(weather): javax.script.ScriptException: TypeError: Cannot read property "dateLabel" from undefined in <eval> at line number 1
Wed Jan 15 08:49:27 JST 2020:MemoryManager[255]/Contain -> Contained!: 2020 at year in long_memory.txt
Wed Jan 15 08:49:27 JST 2020:MemoryManager[255]/Contain -> Contained!: 1 at month in long_memory.txt
Wed Jan 15 08:49:27 JST 2020:MemoryManager[255]/Contain -> Contained!: 15 at day in long_memory.txt
Wed Jan 15 08:49:27 JST 2020:MemoryManager[255]/Contain -> Contained!: 4 at day_of_week in long_memory.txt
Wed Jan 15 08:49:27 JST 2020:MemoryManager[255]/Contain -> Contained!: 8 at hour in long_memory.txt
Wed Jan 15 08:50:27 JST 2020:ScenarioUpdater[55]/update -> Scenario Update
Wed Jan 15 08:50:28 JST 2020:MemoryManager[142]/Read -> read memory: newnews = false
Wed Jan 15 08:50:28 JST 2020:MemoryManager[139]/Read -> Could Not find 'reported_news' in long_memory.txt
Wed Jan 15 08:50:28 JST 2020:MemoryManager[139]/Read -> Could Not find 'reported_news' in long_memory.txt
Wed Jan 15 08:50:28 JST 2020:MemoryManager[139]/Read -> Could Not find 'reported_news' in long_memory.txt
Wed Jan 15 08:50:28 JST 2020:MemoryManager[139]/Read -> Could Not find 'reported_news' in long_memory.txt
Wed Jan 15 08:50:28 JST 2020:MemoryManager[139]/Read -> Could Not find 'reported_news' in long_memory.txt
Wed Jan 15 08:50:28 JST 2020:MemoryManager[139]/Read -> Could Not find 'reported_news' in long_memory.txt
Wed Jan 15 08:50:28 JST 2020:MemoryManager[139]/Read -> Could Not find 'reported_news' in long_memory.txt
Wed Jan 15 08:50:28 JST 2020:MemoryManager[139]/Read -> Could Not find 'reported_news' in long_memory.txt
Wed Jan 15 08:50:28 JST 2020:MemoryManager[139]/Read -> Could Not find 'reported_news' in long_memory.txt
Wed Jan 15 08:50:28 JST 2020:MemoryManager[260]/Contain -> Not Contained!: true at newnews in long_memory.txt
Wed Jan 15 08:50:28 JST 2020:ScenarioUpdater[456]/makeActivity_weather -> ERROR(weather): javax.script.ScriptException: TypeError: Cannot read property "dateLabel" from undefined in <eval> at line number 1
Wed Jan 15 08:50:28 JST 2020:MemoryManager[255]/Contain -> Contained!: 2020 at year in long_memory.txt
Wed Jan 15 08:50:28 JST 2020:MemoryManager[255]/Contain -> Contained!: 1 at month in long_memory.txt
Wed Jan 15 08:50:28 JST 2020:MemoryManager[255]/Contain -> Contained!: 15 at day in long_memory.txt
Wed Jan 15 08:50:28 JST 2020:MemoryManager[255]/Contain -> Contained!: 4 at day_of_week in long_memory.txt
Wed Jan 15 08:50:28 JST 2020:MemoryManager[255]/Contain -> Contained!: 8 at hour in long_memory.txt
