Wed Jun 26 18:13:47 JST 2019:util.Log[70]/access$0 -> Make NEW File 'javalog_starting_record.log'
Wed Jun 26 18:13:47 JST 2019:util.Log[70]/access$0 -> Make New File 'javalog_logNum.log'
Wed Jun 26 18:13:47 JST 2019:util.Log[96]/init -> @@@ RUN STAMP @@@ -- Frontier-is
Wed Jun 26 18:13:48 JST 2019:util.Log[70]/access$0 -> Make NEW Directly 'log'
Wed Jun 26 18:13:48 JST 2019:util.Log[96]/init -> @@@ RUN STAMP @@@ -- Frontier-is
Wed Jun 26 18:21:04 JST 2019:util.Log[96]/init -> @@@ RUN STAMP @@@ -- Frontier-is
Wed Jun 26 18:21:04 JST 2019:util.Log[96]/init -> @@@ RUN STAMP @@@ -- Frontier-is
Wed Jun 26 18:21:04 JST 2019:util.FileManage[91]/ReadFile -> read setting.txt
 -> util.Config[76]/init
 -> util.Config[36]/<init>
 -> StateHandler[40]/handling
 -> StateHandler[18]/main
Wed Jun 26 18:22:27 JST 2019:util.Log[96]/init -> @@@ RUN STAMP @@@ -- Frontier-is
Wed Jun 26 18:22:27 JST 2019:util.Log[96]/init -> @@@ RUN STAMP @@@ -- Frontier-is
Wed Jun 26 18:26:01 JST 2019:util.Log[96]/init -> @@@ RUN STAMP @@@ -- Frontier-is
Wed Jun 26 18:26:02 JST 2019:util.Log[96]/init -> @@@ RUN STAMP @@@ -- Frontier-is
Thu Jun 27 15:11:34 JST 2019:util.Log[96]/init -> @@@ RUN STAMP @@@ -- Frontier-is
Thu Jun 27 15:11:34 JST 2019:util.FileManage[91]/ReadFile -> read setting.txt
 -> util.Config[76]/init
 -> util.Config[36]/<init>
 -> StateHandler[40]/handling
 -> StateHandler[18]/main
Thu Jun 27 15:11:35 JST 2019:util.Log[96]/init -> @@@ RUN STAMP @@@ -- Frontier-is
Fri Jun 28 15:04:57 JST 2019:util.Log[96]/init -> @@@ RUN STAMP @@@ -- Frontier-is
Fri Jun 28 15:04:57 JST 2019:util.Log[96]/init -> @@@ RUN STAMP @@@ -- Frontier-is
Mon Jul 01 13:59:25 JST 2019:util.Log[96]/init -> @@@ RUN STAMP @@@ -- Frontier-is
Mon Jul 01 13:59:25 JST 2019:util.Log[96]/init -> @@@ RUN STAMP @@@ -- Frontier-is
Mon Jul 01 13:59:25 JST 2019:util.FileManage[91]/ReadFile -> read setting.txt
 -> util.Config[76]/init
 -> util.Config[36]/<init>
 -> StateHandler[40]/handling
 -> StateHandler[18]/main
Mon Jul 01 14:38:31 JST 2019:util.Log[96]/init -> @@@ RUN STAMP @@@ -- Frontier-is
Mon Jul 01 14:38:31 JST 2019:util.Log[96]/init -> @@@ RUN STAMP @@@ -- Frontier-is
Mon Jul 01 14:38:31 JST 2019:util.FileManage[91]/ReadFile -> read setting.txt
 -> util.Config[76]/init
 -> util.Config[36]/<init>
 -> StateHandler[40]/handling
 -> StateHandler[18]/main
Wed Jul 10 18:32:22 JST 2019:util.Log[96]/init -> @@@ RUN STAMP @@@ -- Frontier-is
Wed Jul 10 18:32:22 JST 2019:util.Log[96]/init -> @@@ RUN STAMP @@@ -- Frontier-is
Wed Jul 31 16:40:30 JST 2019:util.Log[96]/init -> @@@ RUN STAMP @@@ -- Frontier-is
Wed Jul 31 16:40:30 JST 2019:util.FileManage[91]/ReadFile -> read setting.txt
 -> util.Config[76]/init
 -> util.Config[36]/<init>
 -> StateHandler[40]/handling
 -> StateHandler[18]/main
Wed Jul 31 16:40:30 JST 2019:util.Log[96]/init -> @@@ RUN STAMP @@@ -- Frontier-is
Wed Jul 31 16:42:26 JST 2019:util.Log[96]/init -> @@@ RUN STAMP @@@ -- Frontier-is
Wed Jul 31 16:42:26 JST 2019:util.Log[96]/init -> @@@ RUN STAMP @@@ -- Frontier-is
Wed Jul 31 16:42:26 JST 2019:util.FileManage[91]/ReadFile -> read setting.txt
 -> util.Config[76]/init
 -> util.Config[36]/<init>
 -> StateHandler[40]/handling
 -> StateHandler[18]/main
Wed Jul 31 18:22:38 JST 2019:util.Log[96]/init -> @@@ RUN STAMP @@@ -- Frontier-is
Wed Jul 31 18:22:38 JST 2019:util.Log[96]/init -> @@@ RUN STAMP @@@ -- Frontier-is
Wed Jul 31 18:24:58 JST 2019:util.Log[96]/init -> @@@ RUN STAMP @@@ -- Frontier-is
Wed Jul 31 18:24:58 JST 2019:util.Log[96]/init -> @@@ RUN STAMP @@@ -- Frontier-is
Wed Jul 31 18:31:51 JST 2019:util.Log[96]/init -> @@@ RUN STAMP @@@ -- Frontier-is
Wed Jul 31 18:31:51 JST 2019:util.Log[96]/init -> @@@ RUN STAMP @@@ -- Frontier-is
Thu Aug 01 10:16:25 JST 2019:util.Log[96]/init -> @@@ RUN STAMP @@@ -- Frontier-is
Thu Aug 01 10:16:26 JST 2019:util.Log[96]/init -> @@@ RUN STAMP @@@ -- Frontier-is
Thu Aug 01 10:16:26 JST 2019:util.FileManage[91]/ReadFile -> read setting.txt
 -> util.Config[76]/init
 -> util.Config[36]/<init>
 -> StateHandler[40]/handling
 -> StateHandler[18]/main
Mon Aug 19 17:47:39 JST 2019:util.Log[96]/init -> @@@ RUN STAMP @@@ -- Frontier-is
Mon Aug 19 17:47:39 JST 2019:util.Log[96]/init -> @@@ RUN STAMP @@@ -- Frontier-is
Mon Aug 19 17:47:39 JST 2019:util.FileManage[91]/ReadFile -> read setting.txt
 -> util.Config[76]/init
 -> util.Config[36]/<init>
 -> StateHandler[40]/handling
 -> StateHandler[18]/main
Mon Aug 19 17:58:58 JST 2019:util.Log[96]/init -> @@@ RUN STAMP @@@ -- Frontier-is
Mon Aug 19 17:58:59 JST 2019:util.FileManage[91]/ReadFile -> read setting.txt
 -> util.Config[76]/init
 -> util.Config[36]/<init>
 -> StateHandler[40]/handling
 -> StateHandler[18]/main
Mon Aug 19 17:58:59 JST 2019:util.Log[96]/init -> @@@ RUN STAMP @@@ -- Frontier-is
Mon Aug 19 18:16:10 JST 2019:util.Log[96]/init -> @@@ RUN STAMP @@@ -- Frontier-is
Mon Aug 26 01:31:25 JST 2019:util.Log[96]/init -> @@@ RUN STAMP @@@ -- Frontier-is
Mon Aug 26 01:31:25 JST 2019:util.Log[96]/init -> @@@ RUN STAMP @@@ -- Frontier-is
Mon Aug 26 01:31:25 JST 2019:util.FileManage[91]/ReadFile -> read setting.txt
 -> util.Config[76]/init
 -> util.Config[36]/<init>
 -> StateHandler[40]/handling
 -> StateHandler[18]/main
Mon Aug 26 10:28:43 JST 2019:util.Log[96]/init -> @@@ RUN STAMP @@@ -- Frontier-is
Mon Aug 26 10:28:43 JST 2019:util.FileManage[91]/ReadFile -> read setting.txt
 -> util.Config[76]/init
 -> util.Config[36]/<init>
 -> StateHandler[40]/handling
 -> StateHandler[18]/main
Mon Aug 26 10:28:43 JST 2019:util.Log[96]/init -> @@@ RUN STAMP @@@ -- Frontier-is
Mon Aug 26 10:38:09 JST 2019:util.Log[96]/init -> @@@ RUN STAMP @@@ -- Frontier-is
Mon Aug 26 10:38:09 JST 2019:util.Log[96]/init -> @@@ RUN STAMP @@@ -- Frontier-is
Mon Aug 26 10:38:09 JST 2019:util.FileManage[91]/ReadFile -> read setting.txt
 -> util.Config[76]/init
 -> util.Config[36]/<init>
 -> StateHandler[40]/handling
 -> StateHandler[18]/main
Mon Aug 26 10:46:51 JST 2019:util.Log[96]/init -> @@@ RUN STAMP @@@ -- Frontier-is
Mon Aug 26 10:46:51 JST 2019:util.Log[96]/init -> @@@ RUN STAMP @@@ -- Frontier-is
Mon Aug 26 10:46:51 JST 2019:util.FileManage[91]/ReadFile -> read setting.txt
 -> util.Config[76]/init
 -> util.Config[36]/<init>
 -> StateHandler[40]/handling
 -> StateHandler[18]/main
Mon Aug 26 15:41:52 JST 2019:util.Log[96]/init -> @@@ RUN STAMP @@@ -- Frontier-is
Mon Aug 26 15:41:52 JST 2019:util.Log[96]/init -> @@@ RUN STAMP @@@ -- Frontier-is
Mon Aug 26 15:41:52 JST 2019:util.FileManage[91]/ReadFile -> read setting.txt
 -> util.Config[76]/init
 -> util.Config[36]/<init>
 -> StateHandler[40]/handling
 -> StateHandler[18]/main
Mon Aug 26 17:58:25 JST 2019:util.Log[96]/init -> @@@ RUN STAMP @@@ -- Frontier-is
Mon Aug 26 17:58:25 JST 2019:util.Log[96]/init -> @@@ RUN STAMP @@@ -- Frontier-is
Mon Aug 26 17:58:25 JST 2019:ScenarioUpdater[55]/update -> Scenario Update
Thu Aug 29 16:46:13 JST 2019:util.Log[96]/init -> @@@ RUN STAMP @@@ -- Frontier-is
Thu Aug 29 16:46:13 JST 2019:util.Log[96]/init -> @@@ RUN STAMP @@@ -- Frontier-is
Thu Aug 29 16:46:13 JST 2019:util.FileManage[91]/ReadFile -> read setting.txt
 -> util.Config[76]/init
 -> util.Config[36]/<init>
 -> StateHandler[40]/handling
 -> StateHandler[18]/main
Fri Aug 30 16:50:04 JST 2019:util.Log[96]/init -> @@@ RUN STAMP @@@ -- Frontier-is
Fri Aug 30 16:50:04 JST 2019:util.Log[96]/init -> @@@ RUN STAMP @@@ -- Frontier-is
Wed Sep 04 14:38:02 JST 2019:util.Log[96]/init -> @@@ RUN STAMP @@@ -- Frontier-is
Wed Sep 04 14:38:02 JST 2019:util.FileManage[91]/ReadFile -> read setting.txt
 -> util.Config[76]/init
 -> util.Config[36]/<init>
 -> StateHandler[40]/handling
 -> StateHandler[18]/main
Wed Sep 04 14:38:02 JST 2019:util.Log[96]/init -> @@@ RUN STAMP @@@ -- Frontier-is
Wed Sep 04 15:03:57 JST 2019:util.Log[96]/init -> @@@ RUN STAMP @@@ -- Frontier-is
Wed Sep 04 15:03:57 JST 2019:util.Log[96]/init -> @@@ RUN STAMP @@@ -- Frontier-is
Wed Sep 04 15:03:57 JST 2019:util.FileManage[91]/ReadFile -> read setting.txt
 -> util.Config[76]/init
 -> util.Config[36]/<init>
 -> StateHandler[40]/handling
 -> StateHandler[18]/main
Wed Sep 04 16:14:52 JST 2019:util.Log[96]/init -> @@@ RUN STAMP @@@ -- Frontier-is
Wed Sep 04 16:14:52 JST 2019:util.Log[96]/init -> @@@ RUN STAMP @@@ -- Frontier-is
Wed Sep 04 16:14:52 JST 2019:util.FileManage[91]/ReadFile -> read setting.txt
 -> util.Config[76]/init
 -> util.Config[36]/<init>
 -> StateHandler[40]/handling
 -> StateHandler[18]/main
Wed Sep 04 16:27:49 JST 2019:util.Log[96]/init -> @@@ RUN STAMP @@@ -- Frontier-is
Wed Sep 04 16:27:49 JST 2019:util.Log[96]/init -> @@@ RUN STAMP @@@ -- Frontier-is
Wed Sep 04 16:27:49 JST 2019:util.FileManage[91]/ReadFile -> read setting.txt
 -> util.Config[76]/init
 -> util.Config[36]/<init>
 -> StateHandler[40]/handling
 -> StateHandler[18]/main
Wed Sep 04 17:06:47 JST 2019:util.Log[96]/init -> @@@ RUN STAMP @@@ -- Frontier-is
Wed Sep 04 17:06:47 JST 2019:util.Log[96]/init -> @@@ RUN STAMP @@@ -- Frontier-is
Wed Sep 04 17:06:47 JST 2019:util.FileManage[91]/ReadFile -> read setting.txt
 -> util.Config[76]/init
 -> util.Config[36]/<init>
 -> StateHandler[40]/handling
 -> StateHandler[18]/main
Wed Sep 04 17:07:54 JST 2019:util.Log[96]/init -> @@@ RUN STAMP @@@ -- Frontier-is
Wed Sep 04 17:07:54 JST 2019:util.Log[96]/init -> @@@ RUN STAMP @@@ -- Frontier-is
Wed Sep 04 17:07:54 JST 2019:util.FileManage[91]/ReadFile -> read setting.txt
 -> util.Config[76]/init
 -> util.Config[36]/<init>
 -> StateHandler[40]/handling
 -> StateHandler[18]/main
Mon Sep 09 16:21:53 JST 2019:util.Log[96]/init -> @@@ RUN STAMP @@@ -- Frontier-is
Mon Sep 09 16:21:53 JST 2019:util.Log[96]/init -> @@@ RUN STAMP @@@ -- Frontier-is
Mon Sep 09 16:21:53 JST 2019:util.FileManage[91]/ReadFile -> read setting.txt
 -> util.Config[76]/init
 -> util.Config[36]/<init>
 -> StateHandler[40]/handling
 -> StateHandler[18]/main
Tue Sep 17 03:50:02 JST 2019:util.Log[96]/init -> @@@ RUN STAMP @@@ -- Frontier-is
Tue Sep 17 03:50:02 JST 2019:util.Log[96]/init -> @@@ RUN STAMP @@@ -- Frontier-is
Tue Sep 17 03:50:02 JST 2019:util.FileManage[91]/ReadFile -> read setting.txt
 -> util.Config[76]/init
 -> util.Config[36]/<init>
 -> StateHandler[40]/handling
 -> StateHandler[18]/main
Tue Sep 17 22:04:56 JST 2019:util.Log[96]/init -> @@@ RUN STAMP @@@ -- Frontier-is
Tue Sep 17 22:04:56 JST 2019:util.Log[96]/init -> @@@ RUN STAMP @@@ -- Frontier-is
Tue Sep 17 22:04:56 JST 2019:util.FileManage[91]/ReadFile -> read setting.txt
 -> util.Config[76]/init
 -> util.Config[36]/<init>
 -> StateHandler[40]/handling
 -> StateHandler[18]/main
Wed Sep 25 17:01:30 JST 2019:util.Log[96]/init -> @@@ RUN STAMP @@@ -- Frontier-is
Wed Sep 25 17:01:30 JST 2019:util.Log[96]/init -> @@@ RUN STAMP @@@ -- Frontier-is
Wed Sep 25 17:02:44 JST 2019:util.Log[96]/init -> @@@ RUN STAMP @@@ -- Frontier-is
Wed Sep 25 17:02:44 JST 2019:util.Log[96]/init -> @@@ RUN STAMP @@@ -- Frontier-is
Wed Sep 25 17:02:44 JST 2019:util.FileManage[91]/ReadFile -> read setting.txt
 -> util.Config[76]/init
 -> util.Config[36]/<init>
 -> StateHandler[40]/handling
 -> StateHandler[18]/main
Fri Sep 27 09:55:36 JST 2019:util.Log[96]/init -> @@@ RUN STAMP @@@ -- Frontier-is
Fri Sep 27 09:55:36 JST 2019:util.Log[96]/init -> @@@ RUN STAMP @@@ -- Frontier-is
Fri Sep 27 09:55:36 JST 2019:util.FileManage[91]/ReadFile -> read setting.txt
 -> util.Config[76]/init
 -> util.Config[36]/<init>
 -> StateHandler[40]/handling
 -> StateHandler[18]/main
Mon Sep 30 08:30:40 JST 2019:util.Log[96]/init -> @@@ RUN STAMP @@@ -- Frontier-is
Mon Sep 30 08:30:40 JST 2019:util.Log[96]/init -> @@@ RUN STAMP @@@ -- Frontier-is
Mon Sep 30 08:30:40 JST 2019:util.FileManage[91]/ReadFile -> read setting.txt
 -> util.Config[76]/init
 -> util.Config[36]/<init>
 -> StateHandler[40]/handling
 -> StateHandler[18]/main
Mon Sep 30 08:53:45 JST 2019:util.Log[96]/init -> @@@ RUN STAMP @@@ -- Frontier-is
Mon Sep 30 08:53:45 JST 2019:util.Log[96]/init -> @@@ RUN STAMP @@@ -- Frontier-is
Mon Sep 30 08:53:45 JST 2019:util.FileManage[91]/ReadFile -> read setting.txt
 -> util.Config[76]/init
 -> util.Config[36]/<init>
 -> StateHandler[40]/handling
 -> StateHandler[18]/main
Mon Sep 30 08:57:24 JST 2019:util.Log[96]/init -> @@@ RUN STAMP @@@ -- Frontier-is
Mon Sep 30 08:57:24 JST 2019:util.Log[96]/init -> @@@ RUN STAMP @@@ -- Frontier-is
Mon Sep 30 08:57:24 JST 2019:util.FileManage[91]/ReadFile -> read setting.txt
 -> util.Config[76]/init
 -> util.Config[36]/<init>
 -> StateHandler[40]/handling
 -> StateHandler[18]/main
Mon Sep 30 09:00:30 JST 2019:util.Log[96]/init -> @@@ RUN STAMP @@@ -- Frontier-is
Mon Sep 30 09:00:30 JST 2019:util.Log[96]/init -> @@@ RUN STAMP @@@ -- Frontier-is
Mon Sep 30 09:00:30 JST 2019:util.FileManage[91]/ReadFile -> read setting.txt
 -> util.Config[76]/init
 -> util.Config[36]/<init>
 -> StateHandler[40]/handling
 -> StateHandler[18]/main
Mon Sep 30 09:01:34 JST 2019:util.Log[96]/init -> @@@ RUN STAMP @@@ -- Frontier-is
Mon Sep 30 09:01:34 JST 2019:util.Log[96]/init -> @@@ RUN STAMP @@@ -- Frontier-is
Mon Sep 30 09:01:34 JST 2019:util.FileManage[91]/ReadFile -> read setting.txt
 -> util.Config[76]/init
 -> util.Config[36]/<init>
 -> StateHandler[40]/handling
 -> StateHandler[18]/main
Mon Sep 30 09:09:33 JST 2019:util.Log[96]/init -> @@@ RUN STAMP @@@ -- Frontier-is
Mon Sep 30 09:09:33 JST 2019:util.Log[96]/init -> @@@ RUN STAMP @@@ -- Frontier-is
Mon Sep 30 09:09:33 JST 2019:util.FileManage[91]/ReadFile -> read setting.txt
 -> util.Config[76]/init
 -> util.Config[36]/<init>
 -> StateHandler[40]/handling
 -> StateHandler[18]/main
Mon Sep 30 09:14:16 JST 2019:util.Log[96]/init -> @@@ RUN STAMP @@@ -- Frontier-is
Mon Sep 30 09:14:16 JST 2019:util.Log[96]/init -> @@@ RUN STAMP @@@ -- Frontier-is
Mon Sep 30 10:02:33 JST 2019:util.Log[96]/init -> @@@ RUN STAMP @@@ -- Frontier-is
Mon Sep 30 10:02:33 JST 2019:util.Log[96]/init -> @@@ RUN STAMP @@@ -- Frontier-is
Mon Sep 30 10:02:33 JST 2019:util.FileManage[91]/ReadFile -> read setting.txt
 -> util.Config[76]/init
 -> util.Config[36]/<init>
 -> StateHandler[40]/handling
 -> StateHandler[18]/main
Mon Sep 30 13:58:26 JST 2019:util.Log[96]/init -> @@@ RUN STAMP @@@ -- Frontier-is
Mon Sep 30 13:58:26 JST 2019:util.Log[96]/init -> @@@ RUN STAMP @@@ -- Frontier-is
Mon Sep 30 13:58:26 JST 2019:util.FileManage[91]/ReadFile -> read setting.txt
 -> util.Config[76]/init
 -> util.Config[36]/<init>
 -> StateHandler[40]/handling
 -> StateHandler[18]/main
Fri Oct 04 13:07:53 JST 2019:util.Log[96]/init -> @@@ RUN STAMP @@@ -- Frontier-is
Fri Oct 04 13:07:53 JST 2019:util.Log[96]/init -> @@@ RUN STAMP @@@ -- Frontier-is
Fri Oct 04 20:16:10 JST 2019:util.Log[96]/init -> @@@ RUN STAMP @@@ -- Frontier-is
Fri Oct 04 20:16:10 JST 2019:util.Log[96]/init -> @@@ RUN STAMP @@@ -- Frontier-is
Fri Oct 04 20:16:10 JST 2019:util.FileManage[91]/ReadFile -> read setting.txt
 -> util.Config[76]/init
 -> util.Config[36]/<init>
 -> StateHandler[40]/handling
 -> StateHandler[18]/main
Fri Oct 11 14:29:08 JST 2019:util.Log[96]/init -> @@@ RUN STAMP @@@ -- Frontier-is
Fri Oct 11 14:29:08 JST 2019:util.Log[96]/init -> @@@ RUN STAMP @@@ -- Frontier-is
Fri Oct 11 14:29:08 JST 2019:util.FileManage[91]/ReadFile -> read setting.txt
 -> util.Config[76]/init
 -> util.Config[36]/<init>
 -> StateHandler[40]/handling
 -> StateHandler[18]/main
Mon Oct 21 10:17:53 JST 2019:util.Log[96]/init -> @@@ RUN STAMP @@@ -- Frontier-is
Mon Oct 21 10:17:53 JST 2019:util.Log[96]/init -> @@@ RUN STAMP @@@ -- Frontier-is
Mon Oct 21 14:50:53 JST 2019:util.Log[96]/init -> @@@ RUN STAMP @@@ -- Frontier-is
Mon Oct 21 14:50:53 JST 2019:util.Log[96]/init -> @@@ RUN STAMP @@@ -- Frontier-is
Mon Oct 21 14:50:53 JST 2019:util.FileManage[91]/ReadFile -> read setting.txt
 -> util.Config[76]/init
 -> util.Config[36]/<init>
 -> StateHandler[40]/handling
 -> StateHandler[18]/main
Mon Oct 28 00:18:15 JST 2019:util.Log[96]/init -> @@@ RUN STAMP @@@ -- Frontier-is
Mon Oct 28 00:18:15 JST 2019:util.Log[96]/init -> @@@ RUN STAMP @@@ -- Frontier-is
Mon Oct 28 00:18:15 JST 2019:util.FileManage[91]/ReadFile -> read setting.txt
 -> util.Config[76]/init
 -> util.Config[36]/<init>
 -> StateHandler[40]/handling
 -> StateHandler[18]/main
Mon Oct 28 11:17:15 JST 2019:util.Log[96]/init -> @@@ RUN STAMP @@@ -- Frontier-is
Mon Oct 28 11:17:15 JST 2019:util.Log[96]/init -> @@@ RUN STAMP @@@ -- Frontier-is
Mon Oct 28 11:17:15 JST 2019:util.FileManage[91]/ReadFile -> read setting.txt
 -> util.Config[76]/init
 -> util.Config[36]/<init>
 -> StateHandler[40]/handling
 -> StateHandler[18]/main
Mon Oct 28 12:15:21 JST 2019:util.Log[96]/init -> @@@ RUN STAMP @@@ -- Frontier-is
Mon Oct 28 12:15:21 JST 2019:util.Log[96]/init -> @@@ RUN STAMP @@@ -- Frontier-is
Mon Oct 28 12:15:21 JST 2019:util.FileManage[91]/ReadFile -> read setting.txt
 -> util.Config[76]/init
 -> util.Config[36]/<init>
 -> StateHandler[40]/handling
 -> StateHandler[18]/main
Wed Nov 06 18:02:09 JST 2019:util.Log[96]/init -> @@@ RUN STAMP @@@ -- Frontier-is
Wed Nov 06 18:02:09 JST 2019:util.Log[96]/init -> @@@ RUN STAMP @@@ -- Frontier-is
Fri Nov 08 13:52:09 JST 2019:util.Log[96]/init -> @@@ RUN STAMP @@@ -- Frontier-is
Fri Nov 08 13:52:09 JST 2019:util.Log[96]/init -> @@@ RUN STAMP @@@ -- Frontier-is
Fri Nov 08 13:52:09 JST 2019:util.FileManage[91]/ReadFile -> read setting.txt
 -> util.Config[76]/init
 -> util.Config[36]/<init>
 -> StateHandler[40]/handling
 -> StateHandler[18]/main
Fri Nov 08 13:55:57 JST 2019:util.Log[96]/init -> @@@ RUN STAMP @@@ -- Frontier-is
Fri Nov 08 13:55:57 JST 2019:util.FileManage[91]/ReadFile -> read setting.txt
 -> util.Config[76]/init
 -> util.Config[36]/<init>
 -> StateHandler[40]/handling
 -> StateHandler[18]/main
Fri Nov 08 13:55:57 JST 2019:util.Log[96]/init -> @@@ RUN STAMP @@@ -- Frontier-is
Mon Nov 11 15:22:18 JST 2019:util.Log[96]/init -> @@@ RUN STAMP @@@ -- Frontier-is
Mon Nov 11 15:22:18 JST 2019:util.Log[96]/init -> @@@ RUN STAMP @@@ -- Frontier-is
Mon Nov 11 15:22:18 JST 2019:util.FileManage[91]/ReadFile -> read setting.txt
 -> util.Config[76]/init
 -> util.Config[36]/<init>
 -> StateHandler[40]/handling
 -> StateHandler[18]/main
Tue Nov 12 17:47:18 JST 2019:util.Log[96]/init -> @@@ RUN STAMP @@@ -- Frontier-is
Tue Nov 12 17:47:18 JST 2019:util.FileManage[91]/ReadFile -> read setting.txt
 -> util.Config[76]/init
 -> util.Config[36]/<init>
 -> StateHandler[40]/handling
 -> StateHandler[18]/main
Tue Nov 12 17:47:18 JST 2019:util.Log[96]/init -> @@@ RUN STAMP @@@ -- Frontier-is
Mon Nov 18 15:41:05 JST 2019:util.Log[96]/init -> @@@ RUN STAMP @@@ -- Frontier-is
Mon Nov 18 15:41:05 JST 2019:util.Log[96]/init -> @@@ RUN STAMP @@@ -- Frontier-is
Thu Nov 21 14:47:21 JST 2019:util.Log[96]/init -> @@@ RUN STAMP @@@ -- Frontier-is
Thu Nov 21 14:47:21 JST 2019:util.Log[96]/init -> @@@ RUN STAMP @@@ -- Frontier-is
Thu Nov 21 14:47:21 JST 2019:util.FileManage[91]/ReadFile -> read setting.txt
 -> util.Config[76]/init
 -> util.Config[36]/<init>
 -> StateHandler[40]/handling
 -> StateHandler[18]/main
Mon Nov 25 13:42:14 JST 2019:util.Log[96]/init -> @@@ RUN STAMP @@@ -- Frontier-is
Mon Nov 25 13:42:14 JST 2019:util.Log[96]/init -> @@@ RUN STAMP @@@ -- Frontier-is
Mon Nov 25 13:42:14 JST 2019:util.FileManage[91]/ReadFile -> read setting.txt
 -> util.Config[76]/init
 -> util.Config[36]/<init>
 -> StateHandler[40]/handling
 -> StateHandler[18]/main
Mon Dec 02 06:26:37 JST 2019:util.Log[96]/init -> @@@ RUN STAMP @@@ -- Frontier-is
Mon Dec 02 06:26:37 JST 2019:util.FileManage[91]/ReadFile -> read setting.txt
 -> util.Config[76]/init
 -> util.Config[36]/<init>
 -> StateHandler[40]/handling
 -> StateHandler[18]/main
Mon Dec 02 06:26:37 JST 2019:util.Log[96]/init -> @@@ RUN STAMP @@@ -- Frontier-is
Tue Dec 03 15:22:19 JST 2019:util.Log[96]/init -> @@@ RUN STAMP @@@ -- Frontier-is
Tue Dec 03 15:22:19 JST 2019:util.FileManage[91]/ReadFile -> read setting.txt
 -> util.Config[76]/init
 -> util.Config[36]/<init>
 -> StateHandler[40]/handling
 -> StateHandler[18]/main
Tue Dec 03 15:22:19 JST 2019:util.Log[96]/init -> @@@ RUN STAMP @@@ -- Frontier-is
Wed Dec 04 16:23:43 JST 2019:util.Log[96]/init -> @@@ RUN STAMP @@@ -- Frontier-is
Wed Dec 04 16:23:43 JST 2019:util.FileManage[91]/ReadFile -> read setting.txt
 -> util.Config[76]/init
 -> util.Config[36]/<init>
 -> StateHandler[40]/handling
 -> StateHandler[18]/main
Wed Dec 04 16:23:43 JST 2019:util.Log[96]/init -> @@@ RUN STAMP @@@ -- Frontier-is
Mon Dec 09 14:10:14 JST 2019:util.Log[96]/init -> @@@ RUN STAMP @@@ -- Frontier-is
Mon Dec 09 14:10:14 JST 2019:util.Log[96]/init -> @@@ RUN STAMP @@@ -- Frontier-is
Tue Dec 10 15:55:16 JST 2019:util.Log[96]/init -> @@@ RUN STAMP @@@ -- Frontier-is
Tue Dec 10 15:55:16 JST 2019:util.Log[96]/init -> @@@ RUN STAMP @@@ -- Frontier-is
Tue Dec 10 15:55:16 JST 2019:util.FileManage[91]/ReadFile -> read setting.txt
 -> util.Config[76]/init
 -> util.Config[36]/<init>
 -> StateHandler[40]/handling
 -> StateHandler[18]/main
Tue Dec 10 16:58:42 JST 2019:util.Log[96]/init -> @@@ RUN STAMP @@@ -- Frontier-is
Tue Dec 10 16:58:42 JST 2019:util.Log[96]/init -> @@@ RUN STAMP @@@ -- Frontier-is
Tue Dec 10 16:58:42 JST 2019:util.FileManage[91]/ReadFile -> read setting.txt
 -> util.Config[76]/init
 -> util.Config[36]/<init>
 -> StateHandler[40]/handling
 -> StateHandler[18]/main
Fri Dec 13 17:31:20 JST 2019:util.Log[96]/init -> @@@ RUN STAMP @@@ -- Frontier-is
Fri Dec 13 17:31:20 JST 2019:util.Log[96]/init -> @@@ RUN STAMP @@@ -- Frontier-is
Fri Dec 13 17:31:20 JST 2019:util.FileManage[91]/ReadFile -> read setting.txt
 -> util.Config[76]/init
 -> util.Config[36]/<init>
 -> StateHandler[40]/handling
 -> StateHandler[18]/main
Sat Dec 14 19:24:22 JST 2019:util.Log[96]/init -> @@@ RUN STAMP @@@ -- Frontier-is
Sat Dec 14 19:24:22 JST 2019:util.Log[96]/init -> @@@ RUN STAMP @@@ -- Frontier-is
Sat Dec 14 19:24:22 JST 2019:util.FileManage[91]/ReadFile -> read setting.txt
 -> util.Config[76]/init
 -> util.Config[36]/<init>
 -> StateHandler[40]/handling
 -> StateHandler[18]/main
Sat Dec 14 19:28:24 JST 2019:util.Log[96]/init -> @@@ RUN STAMP @@@ -- Frontier-is
Sat Dec 14 19:28:24 JST 2019:util.Log[96]/init -> @@@ RUN STAMP @@@ -- Frontier-is
Sat Dec 14 19:28:24 JST 2019:util.FileManage[91]/ReadFile -> read setting.txt
 -> util.Config[76]/init
 -> util.Config[36]/<init>
 -> StateHandler[40]/handling
 -> StateHandler[18]/main
Sat Dec 14 19:29:07 JST 2019:util.Log[96]/init -> @@@ RUN STAMP @@@ -- Frontier-is
Sat Dec 14 19:29:07 JST 2019:util.Log[96]/init -> @@@ RUN STAMP @@@ -- Frontier-is
Sat Dec 14 19:29:07 JST 2019:util.FileManage[91]/ReadFile -> read setting.txt
 -> util.Config[76]/init
 -> util.Config[36]/<init>
 -> StateHandler[40]/handling
 -> StateHandler[18]/main
Sun Dec 15 08:02:38 JST 2019:util.Log[96]/init -> @@@ RUN STAMP @@@ -- Frontier-is
Sun Dec 15 08:02:38 JST 2019:util.Log[96]/init -> @@@ RUN STAMP @@@ -- Frontier-is
Sun Dec 15 08:02:38 JST 2019:util.FileManage[91]/ReadFile -> read setting.txt
 -> util.Config[76]/init
 -> util.Config[36]/<init>
 -> StateHandler[40]/handling
 -> StateHandler[18]/main
Sun Dec 15 08:04:35 JST 2019:util.Log[96]/init -> @@@ RUN STAMP @@@ -- Frontier-is
Sun Dec 15 08:04:35 JST 2019:util.Log[96]/init -> @@@ RUN STAMP @@@ -- Frontier-is
Sun Dec 15 08:04:35 JST 2019:util.FileManage[91]/ReadFile -> read setting.txt
 -> util.Config[76]/init
 -> util.Config[36]/<init>
 -> StateHandler[40]/handling
 -> StateHandler[18]/main
Mon Dec 16 14:12:50 JST 2019:util.Log[96]/init -> @@@ RUN STAMP @@@ -- Frontier-is
Mon Dec 16 14:12:50 JST 2019:util.Log[96]/init -> @@@ RUN STAMP @@@ -- Frontier-is
Tue Dec 17 19:00:20 JST 2019:util.Log[96]/init -> @@@ RUN STAMP @@@ -- Frontier-is
Tue Dec 17 19:00:20 JST 2019:util.Log[96]/init -> @@@ RUN STAMP @@@ -- Frontier-is
Tue Dec 17 19:00:20 JST 2019:util.FileManage[91]/ReadFile -> read setting.txt
 -> util.Config[76]/init
 -> util.Config[36]/<init>
 -> StateHandler[40]/handling
 -> StateHandler[18]/main
Tue Dec 17 23:15:51 JST 2019:util.Log[96]/init -> @@@ RUN STAMP @@@ -- Frontier-is
Tue Dec 17 23:15:51 JST 2019:util.Log[96]/init -> @@@ RUN STAMP @@@ -- Frontier-is
Tue Dec 17 23:15:51 JST 2019:util.FileManage[91]/ReadFile -> read setting.txt
 -> util.Config[76]/init
 -> util.Config[36]/<init>
 -> StateHandler[40]/handling
 -> StateHandler[18]/main
Tue Dec 17 23:24:26 JST 2019:util.Log[96]/init -> @@@ RUN STAMP @@@ -- Frontier-is
Tue Dec 17 23:24:26 JST 2019:util.Log[96]/init -> @@@ RUN STAMP @@@ -- Frontier-is
Tue Dec 17 23:24:26 JST 2019:util.FileManage[91]/ReadFile -> read setting.txt
 -> util.Config[76]/init
 -> util.Config[36]/<init>
 -> StateHandler[40]/handling
 -> StateHandler[18]/main
Tue Dec 17 23:25:22 JST 2019:util.Log[96]/init -> @@@ RUN STAMP @@@ -- Frontier-is
Tue Dec 17 23:25:22 JST 2019:util.FileManage[91]/ReadFile -> read setting.txt
 -> util.Config[76]/init
 -> util.Config[36]/<init>
 -> StateHandler[40]/handling
 -> StateHandler[18]/main
Tue Dec 17 23:25:22 JST 2019:util.Log[96]/init -> @@@ RUN STAMP @@@ -- Frontier-is
Tue Dec 17 23:27:09 JST 2019:util.Log[96]/init -> @@@ RUN STAMP @@@ -- Frontier-is
Tue Dec 17 23:27:09 JST 2019:util.FileManage[91]/ReadFile -> read setting.txt
 -> util.Config[76]/init
 -> util.Config[36]/<init>
 -> StateHandler[40]/handling
 -> StateHandler[18]/main
Tue Dec 17 23:27:09 JST 2019:util.Log[96]/init -> @@@ RUN STAMP @@@ -- Frontier-is
Tue Dec 17 23:31:22 JST 2019:util.Log[96]/init -> @@@ RUN STAMP @@@ -- Frontier-is
Tue Dec 17 23:31:22 JST 2019:util.Log[96]/init -> @@@ RUN STAMP @@@ -- Frontier-is
Tue Dec 17 23:31:22 JST 2019:util.FileManage[91]/ReadFile -> read setting.txt
 -> util.Config[76]/init
 -> util.Config[36]/<init>
 -> StateHandler[40]/handling
 -> StateHandler[18]/main
Thu Dec 19 14:17:42 JST 2019:util.Log[96]/init -> @@@ RUN STAMP @@@ -- Frontier-is
Thu Dec 19 14:17:42 JST 2019:util.Log[96]/init -> @@@ RUN STAMP @@@ -- Frontier-is
Thu Dec 19 14:17:42 JST 2019:util.FileManage[91]/ReadFile -> read setting.txt
 -> util.Config[76]/init
 -> util.Config[36]/<init>
 -> StateHandler[40]/handling
 -> StateHandler[18]/main
Mon Dec 23 14:07:15 JST 2019:util.Log[96]/init -> @@@ RUN STAMP @@@ -- Frontier-is
Mon Dec 23 14:07:15 JST 2019:util.Log[96]/init -> @@@ RUN STAMP @@@ -- Frontier-is
Mon Dec 23 14:07:15 JST 2019:ScenarioUpdater[55]/update -> Scenario Update
Mon Dec 23 18:01:48 JST 2019:util.Log[96]/init -> @@@ RUN STAMP @@@ -- Frontier-is
Mon Dec 23 18:01:48 JST 2019:util.FileManage[91]/ReadFile -> read setting.txt
 -> util.Config[76]/init
 -> util.Config[36]/<init>
 -> StateHandler[40]/handling
 -> StateHandler[18]/main
Mon Dec 23 18:01:48 JST 2019:util.Log[96]/init -> @@@ RUN STAMP @@@ -- Frontier-is
Tue Jan 07 14:16:11 JST 2020:util.Log[96]/init -> @@@ RUN STAMP @@@ -- Frontier-is
Tue Jan 07 14:16:11 JST 2020:util.Log[96]/init -> @@@ RUN STAMP @@@ -- Frontier-is
Tue Jan 07 14:16:11 JST 2020:util.FileManage[91]/ReadFile -> read setting.txt
 -> util.Config[76]/init
 -> util.Config[36]/<init>
 -> StateHandler[40]/handling
 -> StateHandler[18]/main
Tue Jan 07 14:25:50 JST 2020:util.Log[96]/init -> @@@ RUN STAMP @@@ -- Frontier-is
Tue Jan 07 14:25:50 JST 2020:util.Log[96]/init -> @@@ RUN STAMP @@@ -- Frontier-is
Tue Jan 07 14:25:50 JST 2020:util.FileManage[91]/ReadFile -> read setting.txt
 -> util.Config[76]/init
 -> util.Config[36]/<init>
 -> StateHandler[40]/handling
 -> StateHandler[18]/main
Tue Jan 07 16:34:15 JST 2020:util.Log[96]/init -> @@@ RUN STAMP @@@ -- Frontier-is
Tue Jan 07 16:34:15 JST 2020:util.Log[96]/init -> @@@ RUN STAMP @@@ -- Frontier-is
Tue Jan 07 16:34:15 JST 2020:util.FileManage[91]/ReadFile -> read setting.txt
 -> util.Config[76]/init
 -> util.Config[36]/<init>
 -> StateHandler[40]/handling
 -> StateHandler[18]/main
Wed Jan 08 18:48:32 JST 2020:util.Log[96]/init -> @@@ RUN STAMP @@@ -- Frontier-is
Wed Jan 08 18:48:32 JST 2020:util.Log[96]/init -> @@@ RUN STAMP @@@ -- Frontier-is
Fri Jan 10 16:01:03 JST 2020:util.Log[96]/init -> @@@ RUN STAMP @@@ -- Frontier-is
Fri Jan 10 16:01:03 JST 2020:util.Log[96]/init -> @@@ RUN STAMP @@@ -- Frontier-is
Fri Jan 10 16:01:03 JST 2020:util.FileManage[91]/ReadFile -> read setting.txt
 -> util.Config[76]/init
 -> util.Config[36]/<init>
 -> StateHandler[40]/handling
 -> StateHandler[18]/main
Fri Jan 10 16:03:02 JST 2020:util.Log[96]/init -> @@@ RUN STAMP @@@ -- Frontier-is
Fri Jan 10 16:03:02 JST 2020:util.Log[96]/init -> @@@ RUN STAMP @@@ -- Frontier-is
Fri Jan 10 16:03:02 JST 2020:util.FileManage[91]/ReadFile -> read setting.txt
 -> util.Config[76]/init
 -> util.Config[36]/<init>
 -> StateHandler[40]/handling
 -> StateHandler[18]/main
Mon Jan 13 14:33:51 JST 2020:util.Log[96]/init -> @@@ RUN STAMP @@@ -- Frontier-is
Mon Jan 13 14:33:51 JST 2020:util.Log[96]/init -> @@@ RUN STAMP @@@ -- Frontier-is
Mon Jan 13 14:33:51 JST 2020:util.FileManage[91]/ReadFile -> read setting.txt
 -> util.Config[76]/init
 -> util.Config[36]/<init>
 -> StateHandler[40]/handling
 -> StateHandler[18]/main
Tue Jan 14 03:32:16 JST 2020:util.Log[96]/init -> @@@ RUN STAMP @@@ -- Frontier-is
Tue Jan 14 03:32:16 JST 2020:util.FileManage[91]/ReadFile -> read setting.txt
 -> util.Config[76]/init
 -> util.Config[36]/<init>
 -> StateHandler[40]/handling
 -> StateHandler[18]/main
Tue Jan 14 03:32:16 JST 2020:util.Log[96]/init -> @@@ RUN STAMP @@@ -- Frontier-is
Tue Jan 14 10:12:06 JST 2020:util.Log[96]/init -> @@@ RUN STAMP @@@ -- Frontier-is
Tue Jan 14 10:12:06 JST 2020:util.Log[96]/init -> @@@ RUN STAMP @@@ -- Frontier-is
Tue Jan 14 10:12:06 JST 2020:util.FileManage[91]/ReadFile -> read setting.txt
 -> util.Config[76]/init
 -> util.Config[36]/<init>
 -> StateHandler[40]/handling
 -> StateHandler[18]/main
Wed Jan 15 08:44:23 JST 2020:util.Log[96]/init -> @@@ RUN STAMP @@@ -- Frontier-is
Wed Jan 15 08:44:23 JST 2020:util.Log[96]/init -> @@@ RUN STAMP @@@ -- Frontier-is
Wed Jan 15 08:44:23 JST 2020:util.FileManage[91]/ReadFile -> read setting.txt
 -> util.Config[76]/init
 -> util.Config[36]/<init>
 -> StateHandler[40]/handling
 -> StateHandler[18]/main
Wed Jan 15 08:52:42 JST 2020:util.Log[96]/init -> @@@ RUN STAMP @@@ -- Frontier-is
Wed Jan 15 08:52:42 JST 2020:util.Log[96]/init -> @@@ RUN STAMP @@@ -- Frontier-is
Wed Jan 15 08:52:42 JST 2020:util.FileManage[91]/ReadFile -> read setting.txt
 -> util.Config[76]/init
 -> util.Config[36]/<init>
 -> StateHandler[40]/handling
 -> StateHandler[18]/main
Wed Jan 15 16:08:08 JST 2020:util.Log[96]/init -> @@@ RUN STAMP @@@ -- Frontier-is
Wed Jan 15 16:08:08 JST 2020:util.FileManage[91]/ReadFile -> read setting.txt
 -> util.Config[76]/init
 -> util.Config[36]/<init>
 -> StateHandler[40]/handling
 -> StateHandler[18]/main
Wed Jan 15 16:08:08 JST 2020:util.Log[96]/init -> @@@ RUN STAMP @@@ -- Frontier-is
Thu Jan 16 08:42:43 JST 2020:util.Log[96]/init -> @@@ RUN STAMP @@@ -- Frontier-is
Thu Jan 16 08:42:43 JST 2020:util.Log[96]/init -> @@@ RUN STAMP @@@ -- Frontier-is
Thu Jan 16 08:42:43 JST 2020:util.FileManage[91]/ReadFile -> read setting.txt
 -> util.Config[76]/init
 -> util.Config[36]/<init>
 -> StateHandler[40]/handling
 -> StateHandler[18]/main
Fri Jan 17 08:47:49 JST 2020:util.Log[96]/init -> @@@ RUN STAMP @@@ -- Frontier-is
Fri Jan 17 08:47:49 JST 2020:util.Log[96]/init -> @@@ RUN STAMP @@@ -- Frontier-is
Fri Jan 17 08:47:49 JST 2020:util.FileManage[91]/ReadFile -> read setting.txt
 -> util.Config[76]/init
 -> util.Config[36]/<init>
 -> StateHandler[40]/handling
 -> StateHandler[18]/main
Fri Jan 31 21:42:18 JST 2020:util.Log[96]/init -> @@@ RUN STAMP @@@ -- Frontier-is
Fri Jan 31 21:42:18 JST 2020:util.Log[96]/init -> @@@ RUN STAMP @@@ -- Frontier-is
Fri Jan 31 21:42:18 JST 2020:util.FileManage[91]/ReadFile -> read setting.txt
 -> util.Config[76]/init
 -> util.Config[36]/<init>
 -> StateHandler[40]/handling
 -> StateHandler[18]/main
Mon Feb 10 19:13:08 JST 2020:util.Log[96]/init -> @@@ RUN STAMP @@@ -- Frontier-is
Mon Feb 10 19:13:08 JST 2020:util.Log[96]/init -> @@@ RUN STAMP @@@ -- Frontier-is
