Tue Jan 07 16:34:15 JST 2020:util.Log[126]/init -> @@@ RUN STAMP @@@ -- Frontier-is
Tue Jan 07 16:34:15 JST 2020:util.FileManage[91]/ReadFile -> read setting.txt
 -> util.Config[76]/init
 -> util.Config[36]/<init>
 -> ActivityManager[41]/handling
 -> ActivityManager[21]/main
Tue Jan 07 16:34:15 JST 2020:util.Config[155]/Get -> read config ipAdress_server = localhost
Tue Jan 07 16:34:15 JST 2020:util.Config[155]/Get -> read config portNum_server = 11000
Tue Jan 07 16:34:15 JST 2020:ClientThreadUTF8[46]/<init> -> try to connect with localhost 11000
Tue Jan 07 16:34:15 JST 2020:ClientThreadUTF8[54]/<init> -> connected with localhost 11000
Tue Jan 07 16:38:46 JST 2020:ActivityManager[78]/handling -> Read activity: activities\4doc.txt
Tue Jan 07 16:39:21 JST 2020:ActivityManager[78]/handling -> Read activity: activities\clear.txt
Tue Jan 07 16:39:21 JST 2020:MemoryManager[142]/Read -> read memory: aizuchi_history = aizuchi4,aizuchi3,aizuchi2,aizuchi
Tue Jan 07 16:39:21 JST 2020:MemoryManager[181]/Clear -> clear memory: aizuchi_history = aizuchi4,aizuchi3,aizuchi2,aizuchi
Tue Jan 07 16:39:21 JST 2020:MemoryManager[94]/Add -> add new memory: aizuchi_history += aizuchi4 in long_memory.txt
Tue Jan 07 16:39:21 JST 2020:MemoryManager[82]/Add -> already contain: aizuchi4 at activity_history in short_memory.txt
Tue Jan 07 16:39:21 JST 2020:ActivityManager[316]/ReadBehaviors -> Load Activity: aizuchi
Tue Jan 07 16:39:21 JST 2020:ActivityManager[78]/handling -> Read activity: activities\rubi.txt
Tue Jan 07 16:39:59 JST 2020:ActivityManager[78]/handling -> Read activity: activities\clear.txt
Tue Jan 07 16:40:00 JST 2020:MemoryManager[142]/Read -> read memory: kanren_history = kanren
Tue Jan 07 16:40:00 JST 2020:MemoryManager[94]/Add -> add new memory: kanren_history += kanren4 in long_memory.txt
Tue Jan 07 16:40:00 JST 2020:MemoryManager[82]/Add -> already contain: kanren4 at activity_history in short_memory.txt
Tue Jan 07 16:40:00 JST 2020:MemoryManager[142]/Read -> read memory: aizuchi_history = aizuchi4
Tue Jan 07 16:40:00 JST 2020:MemoryManager[94]/Add -> add new memory: aizuchi_history += aizuchi in long_memory.txt
Tue Jan 07 16:40:00 JST 2020:MemoryManager[82]/Add -> already contain: aizuchi at activity_history in short_memory.txt
Tue Jan 07 16:40:00 JST 2020:ActivityManager[316]/ReadBehaviors -> Load Activity: aizuchi
Tue Jan 07 16:40:00 JST 2020:MemoryManager[142]/Read -> read memory: sotaaizuchi_history = sotaaizuchi2,sotaaizuchi,sotaaizuchi4
Tue Jan 07 16:40:00 JST 2020:MemoryManager[94]/Add -> add new memory: sotaaizuchi_history += sotaaizuchi3 in long_memory.txt
Tue Jan 07 16:40:00 JST 2020:MemoryManager[94]/Add -> add new memory: activity_history += sotaaizuchi3 in short_memory.txt
Tue Jan 07 16:40:00 JST 2020:ActivityManager[316]/ReadBehaviors -> Load Activity: sotaaizuchi
Tue Jan 07 16:40:00 JST 2020:ActivityManager[78]/handling -> Read activity: activities\kanren4.txt
Tue Jan 07 16:40:40 JST 2020:ActivityManager[78]/handling -> Read activity: activities\shizuku.txt
Tue Jan 07 16:40:46 JST 2020:ActivityManager[78]/handling -> Read activity: activities\clear.txt
Tue Jan 07 16:40:46 JST 2020:MemoryManager[139]/Read -> Could Not find 'ok_silver_history' in long_memory.txt
Tue Jan 07 16:40:46 JST 2020:MemoryManager[70]/Add -> add new key and memory: ok_silver_history = ok_silver in long_memory.txt
Tue Jan 07 16:40:46 JST 2020:MemoryManager[94]/Add -> add new memory: activity_history += ok_silver in short_memory.txt
Tue Jan 07 16:40:46 JST 2020:MemoryManager[139]/Read -> Could Not find 'praiselong_history' in long_memory.txt
Tue Jan 07 16:40:46 JST 2020:MemoryManager[70]/Add -> add new key and memory: praiselong_history = praiselong in long_memory.txt
Tue Jan 07 16:40:46 JST 2020:MemoryManager[94]/Add -> add new memory: activity_history += praiselong in short_memory.txt
Tue Jan 07 16:40:46 JST 2020:MemoryManager[142]/Read -> read memory: sotaaizuchi_history = sotaaizuchi2,sotaaizuchi,sotaaizuchi4,sotaaizuchi3
Tue Jan 07 16:40:46 JST 2020:MemoryManager[181]/Clear -> clear memory: sotaaizuchi_history = sotaaizuchi2,sotaaizuchi,sotaaizuchi4,sotaaizuchi3
Tue Jan 07 16:40:46 JST 2020:MemoryManager[94]/Add -> add new memory: sotaaizuchi_history += sotaaizuchi2 in long_memory.txt
Tue Jan 07 16:40:46 JST 2020:MemoryManager[82]/Add -> already contain: sotaaizuchi2 at activity_history in short_memory.txt
Tue Jan 07 16:40:46 JST 2020:ActivityManager[316]/ReadBehaviors -> Load Activity: sotaaizuchi
Tue Jan 07 16:40:46 JST 2020:ActivityManager[316]/ReadBehaviors -> Load Activity: praiselong
Tue Jan 07 16:40:46 JST 2020:ActivityManager[78]/handling -> Read activity: activities\ok_silver.txt
Tue Jan 07 16:41:21 JST 2020:MemoryManager[142]/Read -> read memory: boost_history = boost2,boost
Tue Jan 07 16:41:21 JST 2020:MemoryManager[181]/Clear -> clear memory: boost_history = boost2,boost
Tue Jan 07 16:41:21 JST 2020:MemoryManager[94]/Add -> add new memory: boost_history += boost in long_memory.txt
Tue Jan 07 16:41:21 JST 2020:MemoryManager[82]/Add -> already contain: boost at activity_history in short_memory.txt
Tue Jan 07 16:41:21 JST 2020:ActivityManager[78]/handling -> Read activity: activities\boost.txt
Tue Jan 07 16:41:23 JST 2020:ActivityManager[163]/selectActivity -> Activity ERROR: Could not find activity: 164118146
Tue Jan 07 16:41:26 JST 2020:ActivityManager[163]/selectActivity -> Activity ERROR: Could not find activity: 164121201
Tue Jan 07 16:41:34 JST 2020:MemoryManager[142]/Read -> read memory: aizuchi_history = aizuchi4,aizuchi
Tue Jan 07 16:41:34 JST 2020:MemoryManager[94]/Add -> add new memory: aizuchi_history += aizuchi2 in long_memory.txt
Tue Jan 07 16:41:34 JST 2020:MemoryManager[82]/Add -> already contain: aizuchi2 at activity_history in short_memory.txt
Tue Jan 07 16:41:34 JST 2020:ActivityManager[316]/ReadBehaviors -> Load Activity: aizuchi
Tue Jan 07 16:41:34 JST 2020:ActivityManager[78]/handling -> Read activity: activities\heart.txt
Tue Jan 07 16:42:09 JST 2020:ActivityManager[78]/handling -> Read activity: activities\clear.txt
Tue Jan 07 16:42:09 JST 2020:MemoryManager[142]/Read -> read memory: aizuchi_history = aizuchi4,aizuchi,aizuchi2
Tue Jan 07 16:42:09 JST 2020:MemoryManager[94]/Add -> add new memory: aizuchi_history += aizuchi3 in long_memory.txt
Tue Jan 07 16:42:09 JST 2020:MemoryManager[82]/Add -> already contain: aizuchi3 at activity_history in short_memory.txt
Tue Jan 07 16:42:09 JST 2020:ActivityManager[316]/ReadBehaviors -> Load Activity: aizuchi
Tue Jan 07 16:42:09 JST 2020:ActivityManager[78]/handling -> Read activity: activities\silver.txt
Tue Jan 07 16:42:44 JST 2020:ActivityManager[78]/handling -> Read activity: activities\clear.txt
Tue Jan 07 16:42:44 JST 2020:MemoryManager[142]/Read -> read memory: aizuchi_history = aizuchi4,aizuchi,aizuchi2,aizuchi3
Tue Jan 07 16:42:44 JST 2020:MemoryManager[181]/Clear -> clear memory: aizuchi_history = aizuchi4,aizuchi,aizuchi2,aizuchi3
Tue Jan 07 16:42:44 JST 2020:MemoryManager[94]/Add -> add new memory: aizuchi_history += aizuchi4 in long_memory.txt
Tue Jan 07 16:42:44 JST 2020:MemoryManager[82]/Add -> already contain: aizuchi4 at activity_history in short_memory.txt
Tue Jan 07 16:42:44 JST 2020:ActivityManager[316]/ReadBehaviors -> Load Activity: aizuchi
Tue Jan 07 16:42:44 JST 2020:ActivityManager[78]/handling -> Read activity: activities\gold.txt
Tue Jan 07 16:43:19 JST 2020:ActivityManager[78]/handling -> Read activity: activities\4doc.txt
Tue Jan 07 16:43:54 JST 2020:ActivityManager[78]/handling -> Read activity: activities\clear.txt
Tue Jan 07 16:43:54 JST 2020:MemoryManager[142]/Read -> read memory: aizuchi_history = aizuchi4
Tue Jan 07 16:43:54 JST 2020:MemoryManager[94]/Add -> add new memory: aizuchi_history += aizuchi in long_memory.txt
Tue Jan 07 16:43:54 JST 2020:MemoryManager[82]/Add -> already contain: aizuchi at activity_history in short_memory.txt
Tue Jan 07 16:43:54 JST 2020:ActivityManager[316]/ReadBehaviors -> Load Activity: aizuchi
Tue Jan 07 16:43:54 JST 2020:ActivityManager[78]/handling -> Read activity: activities\heart.txt
Tue Jan 07 16:44:01 JST 2020:ActivityManager[78]/handling -> Read activity: activities\clear.txt
Tue Jan 07 16:44:01 JST 2020:MemoryManager[142]/Read -> read memory: ok_silver_history = ok_silver
Tue Jan 07 16:44:01 JST 2020:MemoryManager[94]/Add -> add new memory: ok_silver_history += ok_silver2 in long_memory.txt
Tue Jan 07 16:44:01 JST 2020:MemoryManager[94]/Add -> add new memory: activity_history += ok_silver2 in short_memory.txt
Tue Jan 07 16:44:01 JST 2020:MemoryManager[142]/Read -> read memory: praiselong_history = praiselong
Tue Jan 07 16:44:01 JST 2020:MemoryManager[94]/Add -> add new memory: praiselong_history += praiselong2 in long_memory.txt
Tue Jan 07 16:44:01 JST 2020:MemoryManager[94]/Add -> add new memory: activity_history += praiselong2 in short_memory.txt
Tue Jan 07 16:44:01 JST 2020:MemoryManager[142]/Read -> read memory: sotaaizuchi_history = sotaaizuchi2
Tue Jan 07 16:44:01 JST 2020:MemoryManager[94]/Add -> add new memory: sotaaizuchi_history += sotaaizuchi3 in long_memory.txt
Tue Jan 07 16:44:01 JST 2020:MemoryManager[82]/Add -> already contain: sotaaizuchi3 at activity_history in short_memory.txt
Tue Jan 07 16:44:01 JST 2020:ActivityManager[316]/ReadBehaviors -> Load Activity: sotaaizuchi
Tue Jan 07 16:44:01 JST 2020:ActivityManager[316]/ReadBehaviors -> Load Activity: praiselong
Tue Jan 07 16:44:01 JST 2020:ActivityManager[78]/handling -> Read activity: activities\ok_silver2.txt
Tue Jan 07 16:44:50 JST 2020:ActivityManager[78]/handling -> Read activity: activities\shizuku.txt
Tue Jan 07 16:44:55 JST 2020:ActivityManager[78]/handling -> Read activity: activities\clear.txt
Tue Jan 07 16:44:55 JST 2020:MemoryManager[142]/Read -> read memory: kanren_history = kanren,kanren4
Tue Jan 07 16:44:55 JST 2020:MemoryManager[94]/Add -> add new memory: kanren_history += kanren2 in long_memory.txt
Tue Jan 07 16:44:55 JST 2020:MemoryManager[82]/Add -> already contain: kanren2 at activity_history in short_memory.txt
Tue Jan 07 16:44:55 JST 2020:MemoryManager[142]/Read -> read memory: sotaaizuchi_history = sotaaizuchi2,sotaaizuchi3
Tue Jan 07 16:44:55 JST 2020:MemoryManager[94]/Add -> add new memory: sotaaizuchi_history += sotaaizuchi in long_memory.txt
Tue Jan 07 16:44:55 JST 2020:MemoryManager[82]/Add -> already contain: sotaaizuchi at activity_history in short_memory.txt
Tue Jan 07 16:44:55 JST 2020:ActivityManager[316]/ReadBehaviors -> Load Activity: sotaaizuchi
Tue Jan 07 16:44:55 JST 2020:ActivityManager[78]/handling -> Read activity: activities\kanren2.txt
Tue Jan 07 16:45:27 JST 2020:MemoryManager[142]/Read -> read memory: paru_history = paru
Tue Jan 07 16:45:27 JST 2020:MemoryManager[94]/Add -> add new memory: paru_history += paru2 in long_memory.txt
Tue Jan 07 16:45:27 JST 2020:MemoryManager[82]/Add -> already contain: paru2 at activity_history in short_memory.txt
Tue Jan 07 16:45:27 JST 2020:ActivityManager[78]/handling -> Read activity: activities\paru2.txt
Tue Jan 07 16:45:47 JST 2020:ActivityManager[78]/handling -> Read activity: activities\clear.txt
Tue Jan 07 16:45:47 JST 2020:MemoryManager[142]/Read -> read memory: ok_silver_history = ok_silver,ok_silver2
Tue Jan 07 16:45:47 JST 2020:MemoryManager[181]/Clear -> clear memory: ok_silver_history = ok_silver,ok_silver2
Tue Jan 07 16:45:48 JST 2020:MemoryManager[94]/Add -> add new memory: ok_silver_history += ok_silver2 in long_memory.txt
Tue Jan 07 16:45:48 JST 2020:MemoryManager[82]/Add -> already contain: ok_silver2 at activity_history in short_memory.txt
Tue Jan 07 16:45:48 JST 2020:MemoryManager[142]/Read -> read memory: praiselong_history = praiselong,praiselong2
Tue Jan 07 16:45:48 JST 2020:MemoryManager[181]/Clear -> clear memory: praiselong_history = praiselong,praiselong2
Tue Jan 07 16:45:48 JST 2020:MemoryManager[94]/Add -> add new memory: praiselong_history += praiselong2 in long_memory.txt
Tue Jan 07 16:45:48 JST 2020:MemoryManager[82]/Add -> already contain: praiselong2 at activity_history in short_memory.txt
Tue Jan 07 16:45:48 JST 2020:MemoryManager[142]/Read -> read memory: sotaaizuchi_history = sotaaizuchi2,sotaaizuchi3,sotaaizuchi
Tue Jan 07 16:45:48 JST 2020:MemoryManager[94]/Add -> add new memory: sotaaizuchi_history += sotaaizuchi4 in long_memory.txt
Tue Jan 07 16:45:48 JST 2020:MemoryManager[82]/Add -> already contain: sotaaizuchi4 at activity_history in short_memory.txt
Tue Jan 07 16:45:48 JST 2020:ActivityManager[316]/ReadBehaviors -> Load Activity: sotaaizuchi
Tue Jan 07 16:45:48 JST 2020:ActivityManager[316]/ReadBehaviors -> Load Activity: praiselong
Tue Jan 07 16:45:48 JST 2020:ActivityManager[78]/handling -> Read activity: activities\ok_silver2.txt
Tue Jan 07 16:46:32 JST 2020:ActivityManager[78]/handling -> Read activity: activities\clear.txt
Tue Jan 07 16:46:32 JST 2020:MemoryManager[142]/Read -> read memory: ok_silver_history = ok_silver2
Tue Jan 07 16:46:32 JST 2020:MemoryManager[94]/Add -> add new memory: ok_silver_history += ok_silver in long_memory.txt
Tue Jan 07 16:46:32 JST 2020:MemoryManager[82]/Add -> already contain: ok_silver at activity_history in short_memory.txt
Tue Jan 07 16:46:32 JST 2020:MemoryManager[142]/Read -> read memory: praiselong_history = praiselong2
Tue Jan 07 16:46:32 JST 2020:MemoryManager[94]/Add -> add new memory: praiselong_history += praiselong in long_memory.txt
Tue Jan 07 16:46:32 JST 2020:MemoryManager[82]/Add -> already contain: praiselong at activity_history in short_memory.txt
Tue Jan 07 16:46:32 JST 2020:MemoryManager[142]/Read -> read memory: sotaaizuchi_history = sotaaizuchi2,sotaaizuchi3,sotaaizuchi,sotaaizuchi4
Tue Jan 07 16:46:32 JST 2020:MemoryManager[181]/Clear -> clear memory: sotaaizuchi_history = sotaaizuchi2,sotaaizuchi3,sotaaizuchi,sotaaizuchi4
Tue Jan 07 16:46:32 JST 2020:MemoryManager[94]/Add -> add new memory: sotaaizuchi_history += sotaaizuchi in long_memory.txt
Tue Jan 07 16:46:32 JST 2020:MemoryManager[82]/Add -> already contain: sotaaizuchi at activity_history in short_memory.txt
Tue Jan 07 16:46:32 JST 2020:ActivityManager[316]/ReadBehaviors -> Load Activity: sotaaizuchi
Tue Jan 07 16:46:32 JST 2020:ActivityManager[316]/ReadBehaviors -> Load Activity: praiselong
Tue Jan 07 16:46:32 JST 2020:ActivityManager[78]/handling -> Read activity: activities\ok_silver.txt
Tue Jan 07 16:52:58 JST 2020:ActivityManager[78]/handling -> Read activity: activities\4doc.txt
Tue Jan 07 16:53:05 JST 2020:ActivityManager[78]/handling -> Read activity: activities\clear.txt
Tue Jan 07 16:53:05 JST 2020:MemoryManager[142]/Read -> read memory: ka_heart_history = ka_heart2,ka_heart
Tue Jan 07 16:53:05 JST 2020:MemoryManager[181]/Clear -> clear memory: ka_heart_history = ka_heart2,ka_heart
Tue Jan 07 16:53:05 JST 2020:MemoryManager[94]/Add -> add new memory: ka_heart_history += ka_heart2 in long_memory.txt
Tue Jan 07 16:53:05 JST 2020:MemoryManager[82]/Add -> already contain: ka_heart2 at activity_history in short_memory.txt
Tue Jan 07 16:53:05 JST 2020:MemoryManager[142]/Read -> read memory: aizuchi_history = aizuchi4,aizuchi
Tue Jan 07 16:53:05 JST 2020:MemoryManager[94]/Add -> add new memory: aizuchi_history += aizuchi3 in long_memory.txt
Tue Jan 07 16:53:05 JST 2020:MemoryManager[82]/Add -> already contain: aizuchi3 at activity_history in short_memory.txt
Tue Jan 07 16:53:05 JST 2020:ActivityManager[316]/ReadBehaviors -> Load Activity: aizuchi
Tue Jan 07 16:53:05 JST 2020:MemoryManager[142]/Read -> read memory: aizuchi_history = aizuchi4,aizuchi,aizuchi3
Tue Jan 07 16:53:05 JST 2020:MemoryManager[94]/Add -> add new memory: aizuchi_history += aizuchi2 in long_memory.txt
Tue Jan 07 16:53:05 JST 2020:MemoryManager[82]/Add -> already contain: aizuchi2 at activity_history in short_memory.txt
Tue Jan 07 16:53:05 JST 2020:ActivityManager[316]/ReadBehaviors -> Load Activity: aizuchi
Tue Jan 07 16:53:05 JST 2020:ActivityManager[78]/handling -> Read activity: activities\ka_heart2.txt
Tue Jan 07 16:54:02 JST 2020:ActivityManager[78]/handling -> Read activity: activities\clear.txt
Tue Jan 07 16:54:03 JST 2020:MemoryManager[142]/Read -> read memory: ka_shizuku_history = ka_shizuku
Tue Jan 07 16:54:03 JST 2020:MemoryManager[94]/Add -> add new memory: ka_shizuku_history += ka_shizuku2 in long_memory.txt
Tue Jan 07 16:54:03 JST 2020:MemoryManager[94]/Add -> add new memory: activity_history += ka_shizuku2 in short_memory.txt
Tue Jan 07 16:54:03 JST 2020:MemoryManager[142]/Read -> read memory: aizuchi_history = aizuchi4,aizuchi,aizuchi3,aizuchi2
Tue Jan 07 16:54:03 JST 2020:MemoryManager[181]/Clear -> clear memory: aizuchi_history = aizuchi4,aizuchi,aizuchi3,aizuchi2
Tue Jan 07 16:54:03 JST 2020:MemoryManager[94]/Add -> add new memory: aizuchi_history += aizuchi in long_memory.txt
Tue Jan 07 16:54:03 JST 2020:MemoryManager[82]/Add -> already contain: aizuchi at activity_history in short_memory.txt
Tue Jan 07 16:54:03 JST 2020:ActivityManager[316]/ReadBehaviors -> Load Activity: aizuchi
Tue Jan 07 16:54:03 JST 2020:ActivityManager[78]/handling -> Read activity: activities\ka_shizuku2.txt
Tue Jan 07 16:56:05 JST 2020:MemoryManager[142]/Read -> read memory: aizuchi_history = aizuchi
Tue Jan 07 16:56:05 JST 2020:MemoryManager[94]/Add -> add new memory: aizuchi_history += aizuchi3 in long_memory.txt
Tue Jan 07 16:56:05 JST 2020:MemoryManager[82]/Add -> already contain: aizuchi3 at activity_history in short_memory.txt
Tue Jan 07 16:56:05 JST 2020:ActivityManager[316]/ReadBehaviors -> Load Activity: aizuchi
Tue Jan 07 16:56:05 JST 2020:ActivityManager[78]/handling -> Read activity: activities\rubi.txt
Tue Jan 07 17:11:14 JST 2020:ActivityManager[78]/handling -> Read activity: activities\4doc.txt
Tue Jan 07 17:11:48 JST 2020:ActivityManager[78]/handling -> Read activity: activities\clear.txt
Tue Jan 07 17:11:48 JST 2020:MemoryManager[142]/Read -> read memory: kanren_history = kanren,kanren4,kanren2
Tue Jan 07 17:11:48 JST 2020:MemoryManager[94]/Add -> add new memory: kanren_history += kanren3 in long_memory.txt
Tue Jan 07 17:11:48 JST 2020:MemoryManager[82]/Add -> already contain: kanren3 at activity_history in short_memory.txt
Tue Jan 07 17:11:48 JST 2020:MemoryManager[142]/Read -> read memory: aizuchi_history = aizuchi,aizuchi3
Tue Jan 07 17:11:48 JST 2020:MemoryManager[94]/Add -> add new memory: aizuchi_history += aizuchi4 in long_memory.txt
Tue Jan 07 17:11:48 JST 2020:MemoryManager[82]/Add -> already contain: aizuchi4 at activity_history in short_memory.txt
Tue Jan 07 17:11:48 JST 2020:ActivityManager[316]/ReadBehaviors -> Load Activity: aizuchi
Tue Jan 07 17:11:48 JST 2020:ActivityManager[78]/handling -> Read activity: activities\kanren3.txt
Tue Jan 07 17:12:24 JST 2020:MemoryManager[142]/Read -> read memory: aizuchi_history = aizuchi,aizuchi3,aizuchi4
Tue Jan 07 17:12:24 JST 2020:MemoryManager[94]/Add -> add new memory: aizuchi_history += aizuchi2 in long_memory.txt
Tue Jan 07 17:12:24 JST 2020:MemoryManager[82]/Add -> already contain: aizuchi2 at activity_history in short_memory.txt
Tue Jan 07 17:12:24 JST 2020:ActivityManager[316]/ReadBehaviors -> Load Activity: aizuchi
Tue Jan 07 17:12:24 JST 2020:ActivityManager[78]/handling -> Read activity: activities\heart.txt
Tue Jan 07 17:12:34 JST 2020:ActivityManager[78]/handling -> Read activity: activities\clear.txt
Tue Jan 07 17:12:34 JST 2020:MemoryManager[142]/Read -> read memory: ok_long_history = ok_long
Tue Jan 07 17:12:34 JST 2020:MemoryManager[94]/Add -> add new memory: ok_long_history += ok_long2 in long_memory.txt
Tue Jan 07 17:12:34 JST 2020:MemoryManager[82]/Add -> already contain: ok_long2 at activity_history in short_memory.txt
Tue Jan 07 17:12:34 JST 2020:MemoryManager[142]/Read -> read memory: sotaaizuchi_history = sotaaizuchi
Tue Jan 07 17:12:34 JST 2020:MemoryManager[94]/Add -> add new memory: sotaaizuchi_history += sotaaizuchi2 in long_memory.txt
Tue Jan 07 17:12:34 JST 2020:MemoryManager[82]/Add -> already contain: sotaaizuchi2 at activity_history in short_memory.txt
Tue Jan 07 17:12:34 JST 2020:ActivityManager[316]/ReadBehaviors -> Load Activity: sotaaizuchi
Tue Jan 07 17:12:34 JST 2020:ActivityManager[316]/ReadBehaviors -> Load Activity: praisesilver
Tue Jan 07 17:12:34 JST 2020:ActivityManager[78]/handling -> Read activity: activities\ok_long2.txt
Tue Jan 07 17:13:12 JST 2020:MemoryManager[142]/Read -> read memory: aizuchi_history = aizuchi,aizuchi3,aizuchi4,aizuchi2
Tue Jan 07 17:13:12 JST 2020:MemoryManager[181]/Clear -> clear memory: aizuchi_history = aizuchi,aizuchi3,aizuchi4,aizuchi2
Tue Jan 07 17:13:12 JST 2020:MemoryManager[94]/Add -> add new memory: aizuchi_history += aizuchi in long_memory.txt
Tue Jan 07 17:13:12 JST 2020:MemoryManager[82]/Add -> already contain: aizuchi at activity_history in short_memory.txt
Tue Jan 07 17:13:12 JST 2020:ActivityManager[316]/ReadBehaviors -> Load Activity: aizuchi
Tue Jan 07 17:13:12 JST 2020:ActivityManager[78]/handling -> Read activity: activities\long.txt
Tue Jan 07 17:14:05 JST 2020:ActivityManager[78]/handling -> Read activity: activities\clear.txt
Tue Jan 07 17:14:05 JST 2020:MemoryManager[142]/Read -> read memory: ka_shizuku_history = ka_shizuku,ka_shizuku2
Tue Jan 07 17:14:05 JST 2020:MemoryManager[181]/Clear -> clear memory: ka_shizuku_history = ka_shizuku,ka_shizuku2
Tue Jan 07 17:14:05 JST 2020:MemoryManager[94]/Add -> add new memory: ka_shizuku_history += ka_shizuku in long_memory.txt
Tue Jan 07 17:14:05 JST 2020:MemoryManager[82]/Add -> already contain: ka_shizuku at activity_history in short_memory.txt
Tue Jan 07 17:14:05 JST 2020:MemoryManager[142]/Read -> read memory: aizuchi_history = aizuchi
Tue Jan 07 17:14:05 JST 2020:MemoryManager[94]/Add -> add new memory: aizuchi_history += aizuchi2 in long_memory.txt
Tue Jan 07 17:14:05 JST 2020:MemoryManager[82]/Add -> already contain: aizuchi2 at activity_history in short_memory.txt
Tue Jan 07 17:14:05 JST 2020:ActivityManager[316]/ReadBehaviors -> Load Activity: aizuchi
Tue Jan 07 17:14:05 JST 2020:ActivityManager[78]/handling -> Read activity: activities\ka_shizuku.txt
Tue Jan 07 17:14:33 JST 2020:ActivityManager[78]/handling -> Read activity: activities\clear.txt
Tue Jan 07 17:14:34 JST 2020:ActivityManager[78]/handling -> Read activity: activities\1.0.txt
Tue Jan 07 17:14:59 JST 2020:ActivityManager[78]/handling -> Read activity: activities\clear.txt
Tue Jan 07 17:14:59 JST 2020:MemoryManager[139]/Read -> Could Not find 'target_history' in long_memory.txt
Tue Jan 07 17:14:59 JST 2020:MemoryManager[70]/Add -> add new key and memory: target_history = target in long_memory.txt
Tue Jan 07 17:14:59 JST 2020:MemoryManager[94]/Add -> add new memory: activity_history += target in short_memory.txt
Tue Jan 07 17:14:59 JST 2020:ActivityManager[78]/handling -> Read activity: activities\target.txt
Tue Jan 07 17:15:32 JST 2020:ActivityManager[78]/handling -> Read activity: activities\clear.txt
Tue Jan 07 17:15:32 JST 2020:MemoryManager[142]/Read -> read memory: kanren_history = kanren,kanren4,kanren2,kanren3
Tue Jan 07 17:15:32 JST 2020:MemoryManager[181]/Clear -> clear memory: kanren_history = kanren,kanren4,kanren2,kanren3
Tue Jan 07 17:15:32 JST 2020:MemoryManager[94]/Add -> add new memory: kanren_history += kanren in long_memory.txt
Tue Jan 07 17:15:32 JST 2020:MemoryManager[82]/Add -> already contain: kanren at activity_history in short_memory.txt
Tue Jan 07 17:15:32 JST 2020:MemoryManager[142]/Read -> read memory: aizuchi_history = aizuchi,aizuchi2
Tue Jan 07 17:15:32 JST 2020:MemoryManager[94]/Add -> add new memory: aizuchi_history += aizuchi3 in long_memory.txt
Tue Jan 07 17:15:32 JST 2020:MemoryManager[82]/Add -> already contain: aizuchi3 at activity_history in short_memory.txt
Tue Jan 07 17:15:32 JST 2020:ActivityManager[316]/ReadBehaviors -> Load Activity: aizuchi
Tue Jan 07 17:15:32 JST 2020:ActivityManager[78]/handling -> Read activity: activities\kanren.txt
Tue Jan 07 17:15:44 JST 2020:ActivityManager[78]/handling -> Read activity: activities\clear.txt
Tue Jan 07 17:15:44 JST 2020:MemoryManager[142]/Read -> read memory: ok_long_history = ok_long,ok_long2
Tue Jan 07 17:15:44 JST 2020:MemoryManager[181]/Clear -> clear memory: ok_long_history = ok_long,ok_long2
Tue Jan 07 17:15:44 JST 2020:MemoryManager[94]/Add -> add new memory: ok_long_history += ok_long in long_memory.txt
Tue Jan 07 17:15:44 JST 2020:MemoryManager[82]/Add -> already contain: ok_long at activity_history in short_memory.txt
Tue Jan 07 17:15:44 JST 2020:MemoryManager[142]/Read -> read memory: aizuchi_history = aizuchi,aizuchi2,aizuchi3
Tue Jan 07 17:15:44 JST 2020:MemoryManager[94]/Add -> add new memory: aizuchi_history += aizuchi4 in long_memory.txt
Tue Jan 07 17:15:44 JST 2020:MemoryManager[82]/Add -> already contain: aizuchi4 at activity_history in short_memory.txt
Tue Jan 07 17:15:44 JST 2020:ActivityManager[316]/ReadBehaviors -> Load Activity: aizuchi
Tue Jan 07 17:15:44 JST 2020:MemoryManager[142]/Read -> read memory: sotaaizuchi_history = sotaaizuchi,sotaaizuchi2
Tue Jan 07 17:15:44 JST 2020:MemoryManager[94]/Add -> add new memory: sotaaizuchi_history += sotaaizuchi3 in long_memory.txt
Tue Jan 07 17:15:44 JST 2020:MemoryManager[82]/Add -> already contain: sotaaizuchi3 at activity_history in short_memory.txt
Tue Jan 07 17:15:44 JST 2020:ActivityManager[316]/ReadBehaviors -> Load Activity: sotaaizuchi
Tue Jan 07 17:15:44 JST 2020:ActivityManager[316]/ReadBehaviors -> Load Activity: praisesilver
Tue Jan 07 17:15:44 JST 2020:ActivityManager[78]/handling -> Read activity: activities\ok_long.txt
Tue Jan 07 17:16:11 JST 2020:ActivityManager[78]/handling -> Read activity: activities\clear.txt
Tue Jan 07 17:16:11 JST 2020:MemoryManager[142]/Read -> read memory: ok_silver_history = ok_silver2,ok_silver
Tue Jan 07 17:16:11 JST 2020:MemoryManager[181]/Clear -> clear memory: ok_silver_history = ok_silver2,ok_silver
Tue Jan 07 17:16:11 JST 2020:MemoryManager[94]/Add -> add new memory: ok_silver_history += ok_silver2 in long_memory.txt
Tue Jan 07 17:16:11 JST 2020:MemoryManager[82]/Add -> already contain: ok_silver2 at activity_history in short_memory.txt
Tue Jan 07 17:16:11 JST 2020:MemoryManager[142]/Read -> read memory: praiselong_history = praiselong2,praiselong
Tue Jan 07 17:16:11 JST 2020:MemoryManager[181]/Clear -> clear memory: praiselong_history = praiselong2,praiselong
Tue Jan 07 17:16:11 JST 2020:MemoryManager[94]/Add -> add new memory: praiselong_history += praiselong2 in long_memory.txt
Tue Jan 07 17:16:11 JST 2020:MemoryManager[82]/Add -> already contain: praiselong2 at activity_history in short_memory.txt
Tue Jan 07 17:16:11 JST 2020:MemoryManager[142]/Read -> read memory: sotaaizuchi_history = sotaaizuchi,sotaaizuchi2,sotaaizuchi3
Tue Jan 07 17:16:11 JST 2020:MemoryManager[94]/Add -> add new memory: sotaaizuchi_history += sotaaizuchi4 in long_memory.txt
Tue Jan 07 17:16:11 JST 2020:MemoryManager[82]/Add -> already contain: sotaaizuchi4 at activity_history in short_memory.txt
Tue Jan 07 17:16:11 JST 2020:ActivityManager[316]/ReadBehaviors -> Load Activity: sotaaizuchi
Tue Jan 07 17:16:11 JST 2020:ActivityManager[316]/ReadBehaviors -> Load Activity: praiselong
Tue Jan 07 17:16:11 JST 2020:ActivityManager[78]/handling -> Read activity: activities\ok_silver2.txt
Tue Jan 07 17:16:58 JST 2020:ActivityManager[78]/handling -> Read activity: activities\clear.txt
Tue Jan 07 17:16:58 JST 2020:MemoryManager[142]/Read -> read memory: target_history = target
Tue Jan 07 17:16:58 JST 2020:MemoryManager[94]/Add -> add new memory: target_history += target2 in long_memory.txt
Tue Jan 07 17:16:58 JST 2020:MemoryManager[94]/Add -> add new memory: activity_history += target2 in short_memory.txt
Tue Jan 07 17:16:58 JST 2020:ActivityManager[78]/handling -> Read activity: activities\target2.txt
Tue Jan 07 17:17:34 JST 2020:ActivityManager[78]/handling -> Read activity: activities\clear.txt
Tue Jan 07 17:17:34 JST 2020:MemoryManager[142]/Read -> read memory: kanren_history = kanren
Tue Jan 07 17:17:34 JST 2020:MemoryManager[94]/Add -> add new memory: kanren_history += kanren2 in long_memory.txt
Tue Jan 07 17:17:34 JST 2020:MemoryManager[82]/Add -> already contain: kanren2 at activity_history in short_memory.txt
Tue Jan 07 17:17:34 JST 2020:MemoryManager[142]/Read -> read memory: sotaaizuchi_history = sotaaizuchi,sotaaizuchi2,sotaaizuchi3,sotaaizuchi4
Tue Jan 07 17:17:34 JST 2020:MemoryManager[181]/Clear -> clear memory: sotaaizuchi_history = sotaaizuchi,sotaaizuchi2,sotaaizuchi3,sotaaizuchi4
Tue Jan 07 17:17:34 JST 2020:MemoryManager[94]/Add -> add new memory: sotaaizuchi_history += sotaaizuchi3 in long_memory.txt
Tue Jan 07 17:17:35 JST 2020:MemoryManager[82]/Add -> already contain: sotaaizuchi3 at activity_history in short_memory.txt
Tue Jan 07 17:17:35 JST 2020:ActivityManager[316]/ReadBehaviors -> Load Activity: sotaaizuchi
Tue Jan 07 17:17:35 JST 2020:ActivityManager[78]/handling -> Read activity: activities\kanren2.txt
Tue Jan 07 17:18:09 JST 2020:ActivityManager[78]/handling -> Read activity: activities\clear.txt
Tue Jan 07 17:18:09 JST 2020:MemoryManager[142]/Read -> read memory: ok_long_history = ok_long
Tue Jan 07 17:18:09 JST 2020:MemoryManager[94]/Add -> add new memory: ok_long_history += ok_long2 in long_memory.txt
Tue Jan 07 17:18:09 JST 2020:MemoryManager[82]/Add -> already contain: ok_long2 at activity_history in short_memory.txt
Tue Jan 07 17:18:09 JST 2020:MemoryManager[142]/Read -> read memory: sotaaizuchi_history = sotaaizuchi3
Tue Jan 07 17:18:09 JST 2020:MemoryManager[94]/Add -> add new memory: sotaaizuchi_history += sotaaizuchi4 in long_memory.txt
Tue Jan 07 17:18:09 JST 2020:MemoryManager[82]/Add -> already contain: sotaaizuchi4 at activity_history in short_memory.txt
Tue Jan 07 17:18:09 JST 2020:ActivityManager[316]/ReadBehaviors -> Load Activity: sotaaizuchi
Tue Jan 07 17:18:09 JST 2020:ActivityManager[316]/ReadBehaviors -> Load Activity: praisesilver
Tue Jan 07 17:18:09 JST 2020:ActivityManager[78]/handling -> Read activity: activities\ok_long2.txt
Tue Jan 07 17:18:54 JST 2020:ActivityManager[78]/handling -> Read activity: activities\clear.txt
Tue Jan 07 17:18:54 JST 2020:ActivityManager[78]/handling -> Read activity: activities\1_3.txt
Tue Jan 07 17:24:56 JST 2020:ActivityManager[78]/handling -> Read activity: activities\clear.txt
Tue Jan 07 17:24:56 JST 2020:MemoryManager[142]/Read -> read memory: target_history = target,target2
Tue Jan 07 17:24:56 JST 2020:MemoryManager[94]/Add -> add new memory: target_history += target3 in long_memory.txt
Tue Jan 07 17:24:56 JST 2020:MemoryManager[94]/Add -> add new memory: activity_history += target3 in short_memory.txt
Tue Jan 07 17:24:56 JST 2020:ActivityManager[78]/handling -> Read activity: activities\target3.txt
Tue Jan 07 17:25:36 JST 2020:MemoryManager[142]/Read -> read memory: boost_history = boost
Tue Jan 07 17:25:36 JST 2020:MemoryManager[94]/Add -> add new memory: boost_history += boost2 in long_memory.txt
Tue Jan 07 17:25:36 JST 2020:MemoryManager[82]/Add -> already contain: boost2 at activity_history in short_memory.txt
Tue Jan 07 17:25:36 JST 2020:ActivityManager[78]/handling -> Read activity: activities\boost2.txt
Tue Jan 07 17:29:18 JST 2020:ActivityManager[78]/handling -> Read activity: activities\clear.txt
Tue Jan 07 17:29:18 JST 2020:ActivityManager[78]/handling -> Read activity: activities\1.0.txt
Wed Jan 08 18:49:41 JST 2020:ActivityManager[78]/handling -> Read activity: activities\4doc.txt
Wed Jan 08 18:49:42 JST 2020:ActivityManager[163]/selectActivity -> Activity ERROR: Could not find activity: 18494192
Wed Jan 08 18:49:42 JST 2020:ActivityManager[163]/selectActivity -> Activity ERROR: Could not find activity: 184941118
Wed Jan 08 18:49:42 JST 2020:ActivityManager[163]/selectActivity -> Activity ERROR: Could not find activity: 18494267
Wed Jan 08 18:50:16 JST 2020:ActivityManager[78]/handling -> Read activity: activities\clear.txt
Wed Jan 08 18:50:16 JST 2020:ActivityManager[78]/handling -> Read activity: activities\shizuku.txt
Wed Jan 08 18:50:24 JST 2020:ActivityManager[163]/selectActivity -> Activity ERROR: Could not find activity: 185016247
Wed Jan 08 18:50:29 JST 2020:ActivityManager[163]/selectActivity -> Activity ERROR: Could not find activity: 185023214
Wed Jan 08 18:53:16 JST 2020:ActivityManager[78]/handling -> Read activity: activities\4doc.txt
Wed Jan 08 18:57:44 JST 2020:ActivityManager[78]/handling -> Read activity: activities\4doc.txt
Wed Jan 08 18:58:19 JST 2020:ActivityManager[78]/handling -> Read activity: activities\clear.txt
Wed Jan 08 18:58:19 JST 2020:MemoryManager[142]/Read -> read memory: aizuchi_history = aizuchi,aizuchi2,aizuchi3,aizuchi4
Wed Jan 08 18:58:19 JST 2020:MemoryManager[181]/Clear -> clear memory: aizuchi_history = aizuchi,aizuchi2,aizuchi3,aizuchi4
Wed Jan 08 18:58:19 JST 2020:MemoryManager[94]/Add -> add new memory: aizuchi_history += aizuchi in long_memory.txt
Wed Jan 08 18:58:19 JST 2020:MemoryManager[82]/Add -> already contain: aizuchi at activity_history in short_memory.txt
Wed Jan 08 18:58:19 JST 2020:ActivityManager[316]/ReadBehaviors -> Load Activity: aizuchi
Wed Jan 08 18:58:19 JST 2020:ActivityManager[78]/handling -> Read activity: activities\rubi.txt
Wed Jan 08 18:58:49 JST 2020:ActivityManager[78]/handling -> Read activity: activities\clear.txt
Wed Jan 08 18:58:49 JST 2020:MemoryManager[142]/Read -> read memory: kanren_history = kanren,kanren2
Wed Jan 08 18:58:49 JST 2020:MemoryManager[94]/Add -> add new memory: kanren_history += kanren3 in long_memory.txt
Wed Jan 08 18:58:49 JST 2020:MemoryManager[82]/Add -> already contain: kanren3 at activity_history in short_memory.txt
Wed Jan 08 18:58:49 JST 2020:MemoryManager[142]/Read -> read memory: aizuchi_history = aizuchi
Wed Jan 08 18:58:49 JST 2020:MemoryManager[94]/Add -> add new memory: aizuchi_history += aizuchi3 in long_memory.txt
Wed Jan 08 18:58:50 JST 2020:MemoryManager[82]/Add -> already contain: aizuchi3 at activity_history in short_memory.txt
Wed Jan 08 18:58:50 JST 2020:ActivityManager[316]/ReadBehaviors -> Load Activity: aizuchi
Wed Jan 08 18:58:50 JST 2020:ActivityManager[78]/handling -> Read activity: activities\kanren3.txt
Wed Jan 08 18:58:57 JST 2020:MemoryManager[142]/Read -> read memory: aizuchi_history = aizuchi,aizuchi3
Wed Jan 08 18:58:57 JST 2020:MemoryManager[94]/Add -> add new memory: aizuchi_history += aizuchi2 in long_memory.txt
Wed Jan 08 18:58:57 JST 2020:MemoryManager[82]/Add -> already contain: aizuchi2 at activity_history in short_memory.txt
Wed Jan 08 18:58:57 JST 2020:ActivityManager[316]/ReadBehaviors -> Load Activity: aizuchi
Wed Jan 08 18:58:57 JST 2020:ActivityManager[78]/handling -> Read activity: activities\silver.txt
Wed Jan 08 18:59:00 JST 2020:ActivityManager[163]/selectActivity -> Activity ERROR: Could not find activity: 185856940
Wed Jan 08 18:59:05 JST 2020:ActivityManager[163]/selectActivity -> Activity ERROR: Could not find activity: 185857694
Wed Jan 08 18:59:12 JST 2020:ActivityManager[78]/handling -> Read activity: activities\clear.txt
Wed Jan 08 18:59:12 JST 2020:MemoryManager[142]/Read -> read memory: ok_silver_history = ok_silver2
Wed Jan 08 18:59:12 JST 2020:MemoryManager[94]/Add -> add new memory: ok_silver_history += ok_silver in long_memory.txt
Wed Jan 08 18:59:12 JST 2020:MemoryManager[82]/Add -> already contain: ok_silver at activity_history in short_memory.txt
Wed Jan 08 18:59:12 JST 2020:MemoryManager[142]/Read -> read memory: praiselong_history = praiselong2
Wed Jan 08 18:59:12 JST 2020:MemoryManager[94]/Add -> add new memory: praiselong_history += praiselong in long_memory.txt
Wed Jan 08 18:59:12 JST 2020:MemoryManager[82]/Add -> already contain: praiselong at activity_history in short_memory.txt
Wed Jan 08 18:59:12 JST 2020:MemoryManager[142]/Read -> read memory: sotaaizuchi_history = sotaaizuchi3,sotaaizuchi4
Wed Jan 08 18:59:12 JST 2020:MemoryManager[94]/Add -> add new memory: sotaaizuchi_history += sotaaizuchi in long_memory.txt
Wed Jan 08 18:59:12 JST 2020:MemoryManager[82]/Add -> already contain: sotaaizuchi at activity_history in short_memory.txt
Wed Jan 08 18:59:12 JST 2020:ActivityManager[316]/ReadBehaviors -> Load Activity: sotaaizuchi
Wed Jan 08 18:59:12 JST 2020:ActivityManager[316]/ReadBehaviors -> Load Activity: praiselong
Wed Jan 08 18:59:12 JST 2020:ActivityManager[78]/handling -> Read activity: activities\ok_silver.txt
Wed Jan 08 19:00:01 JST 2020:MemoryManager[142]/Read -> read memory: aizuchi_history = aizuchi,aizuchi3,aizuchi2
Wed Jan 08 19:00:01 JST 2020:MemoryManager[94]/Add -> add new memory: aizuchi_history += aizuchi4 in long_memory.txt
Wed Jan 08 19:00:01 JST 2020:MemoryManager[82]/Add -> already contain: aizuchi4 at activity_history in short_memory.txt
Wed Jan 08 19:00:01 JST 2020:ActivityManager[316]/ReadBehaviors -> Load Activity: aizuchi
Wed Jan 08 19:00:01 JST 2020:ActivityManager[78]/handling -> Read activity: activities\long.txt
Wed Jan 08 19:00:36 JST 2020:ActivityManager[78]/handling -> Read activity: activities\clear.txt
Wed Jan 08 19:00:36 JST 2020:MemoryManager[142]/Read -> read memory: ok_silver_history = ok_silver2,ok_silver
Wed Jan 08 19:00:36 JST 2020:MemoryManager[181]/Clear -> clear memory: ok_silver_history = ok_silver2,ok_silver
Wed Jan 08 19:00:36 JST 2020:MemoryManager[94]/Add -> add new memory: ok_silver_history += ok_silver2 in long_memory.txt
Wed Jan 08 19:00:36 JST 2020:MemoryManager[82]/Add -> already contain: ok_silver2 at activity_history in short_memory.txt
Wed Jan 08 19:00:36 JST 2020:MemoryManager[142]/Read -> read memory: praiselong_history = praiselong2,praiselong
Wed Jan 08 19:00:36 JST 2020:MemoryManager[181]/Clear -> clear memory: praiselong_history = praiselong2,praiselong
Wed Jan 08 19:00:36 JST 2020:MemoryManager[94]/Add -> add new memory: praiselong_history += praiselong2 in long_memory.txt
Wed Jan 08 19:00:37 JST 2020:MemoryManager[82]/Add -> already contain: praiselong2 at activity_history in short_memory.txt
Wed Jan 08 19:00:37 JST 2020:MemoryManager[142]/Read -> read memory: sotaaizuchi_history = sotaaizuchi3,sotaaizuchi4,sotaaizuchi
Wed Jan 08 19:00:37 JST 2020:MemoryManager[94]/Add -> add new memory: sotaaizuchi_history += sotaaizuchi2 in long_memory.txt
Wed Jan 08 19:00:37 JST 2020:MemoryManager[82]/Add -> already contain: sotaaizuchi2 at activity_history in short_memory.txt
Wed Jan 08 19:00:37 JST 2020:ActivityManager[316]/ReadBehaviors -> Load Activity: sotaaizuchi
Wed Jan 08 19:00:37 JST 2020:ActivityManager[316]/ReadBehaviors -> Load Activity: praiselong
Wed Jan 08 19:00:37 JST 2020:ActivityManager[78]/handling -> Read activity: activities\ok_silver2.txt
Wed Jan 08 19:01:26 JST 2020:ActivityManager[78]/handling -> Read activity: activities\shizuku.txt
Wed Jan 08 19:01:37 JST 2020:ActivityManager[78]/handling -> Read activity: activities\clear.txt
Wed Jan 08 19:01:37 JST 2020:MemoryManager[142]/Read -> read memory: ok_silver_history = ok_silver2
Wed Jan 08 19:01:37 JST 2020:MemoryManager[94]/Add -> add new memory: ok_silver_history += ok_silver in long_memory.txt
Wed Jan 08 19:01:37 JST 2020:MemoryManager[82]/Add -> already contain: ok_silver at activity_history in short_memory.txt
Wed Jan 08 19:01:37 JST 2020:MemoryManager[142]/Read -> read memory: praiselong_history = praiselong2
Wed Jan 08 19:01:37 JST 2020:MemoryManager[94]/Add -> add new memory: praiselong_history += praiselong in long_memory.txt
Wed Jan 08 19:01:37 JST 2020:MemoryManager[82]/Add -> already contain: praiselong at activity_history in short_memory.txt
Wed Jan 08 19:01:37 JST 2020:MemoryManager[142]/Read -> read memory: sotaaizuchi_history = sotaaizuchi3,sotaaizuchi4,sotaaizuchi,sotaaizuchi2
Wed Jan 08 19:01:37 JST 2020:MemoryManager[181]/Clear -> clear memory: sotaaizuchi_history = sotaaizuchi3,sotaaizuchi4,sotaaizuchi,sotaaizuchi2
Wed Jan 08 19:01:37 JST 2020:MemoryManager[94]/Add -> add new memory: sotaaizuchi_history += sotaaizuchi4 in long_memory.txt
Wed Jan 08 19:01:37 JST 2020:MemoryManager[82]/Add -> already contain: sotaaizuchi4 at activity_history in short_memory.txt
Wed Jan 08 19:01:37 JST 2020:ActivityManager[316]/ReadBehaviors -> Load Activity: sotaaizuchi
Wed Jan 08 19:01:37 JST 2020:ActivityManager[316]/ReadBehaviors -> Load Activity: praiselong
Wed Jan 08 19:01:37 JST 2020:ActivityManager[78]/handling -> Read activity: activities\ok_silver.txt
Wed Jan 08 19:02:03 JST 2020:ActivityManager[78]/handling -> Read activity: activities\clear.txt
Wed Jan 08 19:02:03 JST 2020:MemoryManager[142]/Read -> read memory: ok_long_history = ok_long,ok_long2
Wed Jan 08 19:02:03 JST 2020:MemoryManager[181]/Clear -> clear memory: ok_long_history = ok_long,ok_long2
Wed Jan 08 19:02:03 JST 2020:MemoryManager[94]/Add -> add new memory: ok_long_history += ok_long2 in long_memory.txt
Wed Jan 08 19:02:03 JST 2020:MemoryManager[82]/Add -> already contain: ok_long2 at activity_history in short_memory.txt
Wed Jan 08 19:02:03 JST 2020:MemoryManager[142]/Read -> read memory: sotaaizuchi_history = sotaaizuchi4
Wed Jan 08 19:02:03 JST 2020:MemoryManager[94]/Add -> add new memory: sotaaizuchi_history += sotaaizuchi2 in long_memory.txt
Wed Jan 08 19:02:03 JST 2020:MemoryManager[82]/Add -> already contain: sotaaizuchi2 at activity_history in short_memory.txt
Wed Jan 08 19:02:03 JST 2020:ActivityManager[316]/ReadBehaviors -> Load Activity: sotaaizuchi
Wed Jan 08 19:02:03 JST 2020:ActivityManager[316]/ReadBehaviors -> Load Activity: praisesilver
Wed Jan 08 19:02:03 JST 2020:ActivityManager[78]/handling -> Read activity: activities\ok_long2.txt
Wed Jan 08 19:02:13 JST 2020:ActivityManager[78]/handling -> Read activity: activities\clear.txt
Wed Jan 08 19:02:13 JST 2020:MemoryManager[142]/Read -> read memory: ok_long_history = ok_long2
Wed Jan 08 19:02:13 JST 2020:MemoryManager[94]/Add -> add new memory: ok_long_history += ok_long in long_memory.txt
Wed Jan 08 19:02:13 JST 2020:MemoryManager[82]/Add -> already contain: ok_long at activity_history in short_memory.txt
Wed Jan 08 19:02:13 JST 2020:MemoryManager[142]/Read -> read memory: aizuchi_history = aizuchi,aizuchi3,aizuchi2,aizuchi4
Wed Jan 08 19:02:13 JST 2020:MemoryManager[181]/Clear -> clear memory: aizuchi_history = aizuchi,aizuchi3,aizuchi2,aizuchi4
Wed Jan 08 19:02:13 JST 2020:MemoryManager[94]/Add -> add new memory: aizuchi_history += aizuchi4 in long_memory.txt
Wed Jan 08 19:02:13 JST 2020:MemoryManager[82]/Add -> already contain: aizuchi4 at activity_history in short_memory.txt
Wed Jan 08 19:02:13 JST 2020:ActivityManager[316]/ReadBehaviors -> Load Activity: aizuchi
Wed Jan 08 19:02:13 JST 2020:MemoryManager[142]/Read -> read memory: sotaaizuchi_history = sotaaizuchi4,sotaaizuchi2
Wed Jan 08 19:02:13 JST 2020:MemoryManager[94]/Add -> add new memory: sotaaizuchi_history += sotaaizuchi3 in long_memory.txt
Wed Jan 08 19:02:14 JST 2020:MemoryManager[82]/Add -> already contain: sotaaizuchi3 at activity_history in short_memory.txt
Wed Jan 08 19:02:14 JST 2020:ActivityManager[316]/ReadBehaviors -> Load Activity: sotaaizuchi
Wed Jan 08 19:02:14 JST 2020:ActivityManager[316]/ReadBehaviors -> Load Activity: praisesilver
Wed Jan 08 19:02:14 JST 2020:ActivityManager[78]/handling -> Read activity: activities\ok_long.txt
Wed Jan 08 19:02:40 JST 2020:ActivityManager[78]/handling -> Read activity: activities\clear.txt
Wed Jan 08 19:02:40 JST 2020:ActivityManager[78]/handling -> Read activity: activities\1_3.txt
Wed Jan 08 19:02:55 JST 2020:ActivityManager[78]/handling -> Read activity: activities\clear.txt
Wed Jan 08 19:02:55 JST 2020:MemoryManager[142]/Read -> read memory: ok_long_history = ok_long2,ok_long
Wed Jan 08 19:02:55 JST 2020:MemoryManager[181]/Clear -> clear memory: ok_long_history = ok_long2,ok_long
Wed Jan 08 19:02:55 JST 2020:MemoryManager[94]/Add -> add new memory: ok_long_history += ok_long2 in long_memory.txt
Wed Jan 08 19:02:55 JST 2020:MemoryManager[82]/Add -> already contain: ok_long2 at activity_history in short_memory.txt
Wed Jan 08 19:02:55 JST 2020:MemoryManager[142]/Read -> read memory: sotaaizuchi_history = sotaaizuchi4,sotaaizuchi2,sotaaizuchi3
Wed Jan 08 19:02:55 JST 2020:MemoryManager[94]/Add -> add new memory: sotaaizuchi_history += sotaaizuchi in long_memory.txt
Wed Jan 08 19:02:55 JST 2020:MemoryManager[82]/Add -> already contain: sotaaizuchi at activity_history in short_memory.txt
Wed Jan 08 19:02:55 JST 2020:ActivityManager[316]/ReadBehaviors -> Load Activity: sotaaizuchi
Wed Jan 08 19:02:55 JST 2020:ActivityManager[316]/ReadBehaviors -> Load Activity: praisesilver
Wed Jan 08 19:02:55 JST 2020:ActivityManager[78]/handling -> Read activity: activities\ok_long2.txt
Wed Jan 08 19:03:29 JST 2020:ActivityManager[78]/handling -> Read activity: activities\clear.txt
Wed Jan 08 19:03:29 JST 2020:ActivityManager[78]/handling -> Read activity: activities\1.0.txt
Wed Jan 08 19:03:53 JST 2020:ActivityManager[78]/handling -> Read activity: activities\clear.txt
Wed Jan 08 19:03:54 JST 2020:ActivityManager[78]/handling -> Read activity: activities\1_3.txt
Wed Jan 08 19:04:05 JST 2020:ActivityManager[78]/handling -> Read activity: activities\clear.txt
Wed Jan 08 19:04:05 JST 2020:MemoryManager[142]/Read -> read memory: target_history = target,target2,target3
Wed Jan 08 19:04:05 JST 2020:MemoryManager[94]/Add -> add new memory: target_history += target4 in long_memory.txt
Wed Jan 08 19:04:05 JST 2020:MemoryManager[94]/Add -> add new memory: activity_history += target4 in short_memory.txt
Wed Jan 08 19:04:05 JST 2020:ActivityManager[78]/handling -> Read activity: activities\target4.txt
Wed Jan 08 19:04:45 JST 2020:MemoryManager[142]/Read -> read memory: boost_history = boost,boost2
Wed Jan 08 19:04:45 JST 2020:MemoryManager[181]/Clear -> clear memory: boost_history = boost,boost2
Wed Jan 08 19:04:45 JST 2020:MemoryManager[94]/Add -> add new memory: boost_history += boost in long_memory.txt
Wed Jan 08 19:04:45 JST 2020:MemoryManager[82]/Add -> already contain: boost at activity_history in short_memory.txt
Wed Jan 08 19:04:45 JST 2020:ActivityManager[78]/handling -> Read activity: activities\boost.txt
Wed Jan 08 19:04:54 JST 2020:ActivityManager[78]/handling -> Read activity: activities\clear.txt
Wed Jan 08 19:04:54 JST 2020:ActivityManager[78]/handling -> Read activity: activities\1_2.txt
Wed Jan 08 19:05:30 JST 2020:ActivityManager[78]/handling -> Read activity: activities\clear.txt
Wed Jan 08 19:05:30 JST 2020:ActivityManager[78]/handling -> Read activity: activities\1_3.txt
Wed Jan 08 19:05:47 JST 2020:ActivityManager[78]/handling -> Read activity: activities\clear.txt
Wed Jan 08 19:05:47 JST 2020:ActivityManager[78]/handling -> Read activity: activities\1.0.txt
Wed Jan 08 19:05:53 JST 2020:ActivityManager[78]/handling -> Read activity: activities\clear.txt
Wed Jan 08 19:05:53 JST 2020:MemoryManager[142]/Read -> read memory: target_history = target,target2,target3,target4
Wed Jan 08 19:05:53 JST 2020:MemoryManager[181]/Clear -> clear memory: target_history = target,target2,target3,target4
Wed Jan 08 19:05:53 JST 2020:MemoryManager[94]/Add -> add new memory: target_history += target4 in long_memory.txt
Wed Jan 08 19:05:53 JST 2020:MemoryManager[82]/Add -> already contain: target4 at activity_history in short_memory.txt
Wed Jan 08 19:05:53 JST 2020:ActivityManager[78]/handling -> Read activity: activities\target4.txt
Wed Jan 08 19:06:32 JST 2020:ActivityManager[78]/handling -> Read activity: activities\clear.txt
Wed Jan 08 19:06:32 JST 2020:ActivityManager[78]/handling -> Read activity: activities\1_2.txt
Wed Jan 08 19:06:48 JST 2020:ActivityManager[78]/handling -> Read activity: activities\clear.txt
Wed Jan 08 19:06:49 JST 2020:ActivityManager[78]/handling -> Read activity: activities\1_3.txt
Wed Jan 08 19:06:53 JST 2020:ActivityManager[78]/handling -> Read activity: activities\clear.txt
Wed Jan 08 19:06:53 JST 2020:MemoryManager[142]/Read -> read memory: ok_silver_history = ok_silver2,ok_silver
Wed Jan 08 19:06:53 JST 2020:MemoryManager[181]/Clear -> clear memory: ok_silver_history = ok_silver2,ok_silver
Wed Jan 08 19:06:53 JST 2020:MemoryManager[94]/Add -> add new memory: ok_silver_history += ok_silver2 in long_memory.txt
Wed Jan 08 19:06:53 JST 2020:MemoryManager[82]/Add -> already contain: ok_silver2 at activity_history in short_memory.txt
Wed Jan 08 19:06:53 JST 2020:MemoryManager[142]/Read -> read memory: praiselong_history = praiselong2,praiselong
Wed Jan 08 19:06:53 JST 2020:MemoryManager[181]/Clear -> clear memory: praiselong_history = praiselong2,praiselong
Wed Jan 08 19:06:54 JST 2020:MemoryManager[94]/Add -> add new memory: praiselong_history += praiselong2 in long_memory.txt
Wed Jan 08 19:06:54 JST 2020:MemoryManager[82]/Add -> already contain: praiselong2 at activity_history in short_memory.txt
Wed Jan 08 19:06:54 JST 2020:MemoryManager[142]/Read -> read memory: sotaaizuchi_history = sotaaizuchi4,sotaaizuchi2,sotaaizuchi3,sotaaizuchi
Wed Jan 08 19:06:54 JST 2020:MemoryManager[181]/Clear -> clear memory: sotaaizuchi_history = sotaaizuchi4,sotaaizuchi2,sotaaizuchi3,sotaaizuchi
Wed Jan 08 19:06:54 JST 2020:MemoryManager[94]/Add -> add new memory: sotaaizuchi_history += sotaaizuchi3 in long_memory.txt
Wed Jan 08 19:06:54 JST 2020:MemoryManager[82]/Add -> already contain: sotaaizuchi3 at activity_history in short_memory.txt
Wed Jan 08 19:06:54 JST 2020:ActivityManager[316]/ReadBehaviors -> Load Activity: sotaaizuchi
Wed Jan 08 19:06:54 JST 2020:ActivityManager[316]/ReadBehaviors -> Load Activity: praiselong
Wed Jan 08 19:06:54 JST 2020:ActivityManager[78]/handling -> Read activity: activities\ok_silver2.txt
Wed Jan 08 19:07:02 JST 2020:ActivityManager[78]/handling -> Read activity: activities\clear.txt
Wed Jan 08 19:07:02 JST 2020:ActivityManager[78]/handling -> Read activity: activities\27.txt
Wed Jan 08 19:07:07 JST 2020:ActivityManager[78]/handling -> Read activity: activities\clear.txt
Wed Jan 08 19:07:07 JST 2020:MemoryManager[142]/Read -> read memory: ok_silver_history = ok_silver2
Wed Jan 08 19:07:07 JST 2020:MemoryManager[94]/Add -> add new memory: ok_silver_history += ok_silver in long_memory.txt
Wed Jan 08 19:07:07 JST 2020:MemoryManager[82]/Add -> already contain: ok_silver at activity_history in short_memory.txt
Wed Jan 08 19:07:07 JST 2020:MemoryManager[142]/Read -> read memory: praiselong_history = praiselong2
Wed Jan 08 19:07:07 JST 2020:MemoryManager[94]/Add -> add new memory: praiselong_history += praiselong in long_memory.txt
Wed Jan 08 19:07:07 JST 2020:MemoryManager[82]/Add -> already contain: praiselong at activity_history in short_memory.txt
Wed Jan 08 19:07:07 JST 2020:MemoryManager[142]/Read -> read memory: sotaaizuchi_history = sotaaizuchi3
Wed Jan 08 19:07:07 JST 2020:MemoryManager[94]/Add -> add new memory: sotaaizuchi_history += sotaaizuchi4 in long_memory.txt
Wed Jan 08 19:07:07 JST 2020:MemoryManager[82]/Add -> already contain: sotaaizuchi4 at activity_history in short_memory.txt
Wed Jan 08 19:07:07 JST 2020:ActivityManager[316]/ReadBehaviors -> Load Activity: sotaaizuchi
Wed Jan 08 19:07:07 JST 2020:ActivityManager[316]/ReadBehaviors -> Load Activity: praiselong
Wed Jan 08 19:07:07 JST 2020:ActivityManager[78]/handling -> Read activity: activities\ok_silver.txt
Wed Jan 08 19:07:21 JST 2020:ActivityManager[78]/handling -> Read activity: activities\clear.txt
Wed Jan 08 19:07:21 JST 2020:ActivityManager[78]/handling -> Read activity: activities\27_2.txt
Fri Jan 10 16:01:19 JST 2020:ActivityManager[78]/handling -> Read activity: activities\4doc.txt
Fri Jan 10 16:01:20 JST 2020:ActivityManager[163]/selectActivity -> Activity ERROR: Could not find activity: 16119824
Fri Jan 10 16:01:21 JST 2020:ActivityManager[163]/selectActivity -> Activity ERROR: Could not find activity: 16119865
Fri Jan 10 16:01:21 JST 2020:ActivityManager[163]/selectActivity -> Activity ERROR: Could not find activity: 16120804
Fri Jan 10 16:01:41 JST 2020:ActivityManager[78]/handling -> Read activity: activities\clear.txt
Fri Jan 10 16:01:41 JST 2020:MemoryManager[142]/Read -> read memory: ok_long_history = ok_long2
Fri Jan 10 16:01:41 JST 2020:MemoryManager[94]/Add -> add new memory: ok_long_history += ok_long in long_memory.txt
Fri Jan 10 16:01:41 JST 2020:MemoryManager[82]/Add -> already contain: ok_long at activity_history in short_memory.txt
Fri Jan 10 16:01:41 JST 2020:MemoryManager[142]/Read -> read memory: aizuchi_history = aizuchi4
Fri Jan 10 16:01:41 JST 2020:MemoryManager[94]/Add -> add new memory: aizuchi_history += aizuchi3 in long_memory.txt
Fri Jan 10 16:01:41 JST 2020:MemoryManager[82]/Add -> already contain: aizuchi3 at activity_history in short_memory.txt
Fri Jan 10 16:01:41 JST 2020:ActivityManager[316]/ReadBehaviors -> Load Activity: aizuchi
Fri Jan 10 16:01:41 JST 2020:MemoryManager[142]/Read -> read memory: praisesilver_history = praisesilver
Fri Jan 10 16:01:41 JST 2020:MemoryManager[94]/Add -> add new memory: praisesilver_history += praisesilver2 in long_memory.txt
Fri Jan 10 16:01:41 JST 2020:MemoryManager[94]/Add -> add new memory: activity_history += praisesilver2 in short_memory.txt
Fri Jan 10 16:01:41 JST 2020:MemoryManager[142]/Read -> read memory: sotaaizuchi_history = sotaaizuchi3,sotaaizuchi4,sotaaizuchi
Fri Jan 10 16:01:41 JST 2020:MemoryManager[94]/Add -> add new memory: sotaaizuchi_history += sotaaizuchi2 in long_memory.txt
Fri Jan 10 16:01:41 JST 2020:MemoryManager[82]/Add -> already contain: sotaaizuchi2 at activity_history in short_memory.txt
Fri Jan 10 16:01:41 JST 2020:ActivityManager[316]/ReadBehaviors -> Load Activity: sotaaizuchi
Fri Jan 10 16:01:41 JST 2020:ActivityManager[316]/ReadBehaviors -> Load Activity: praisesilver
Fri Jan 10 16:01:41 JST 2020:ActivityManager[78]/handling -> Read activity: activities\ok_long.txt
Fri Jan 10 16:01:44 JST 2020:ActivityManager[163]/selectActivity -> Activity ERROR: Could not find activity: 16141604
Fri Jan 10 16:01:47 JST 2020:ActivityManager[163]/selectActivity -> Activity ERROR: Could not find activity: 16141649
Fri Jan 10 16:01:51 JST 2020:MemoryManager[142]/Read -> read memory: aizuchi_history = aizuchi4,aizuchi3
Fri Jan 10 16:01:51 JST 2020:MemoryManager[94]/Add -> add new memory: aizuchi_history += aizuchi2 in long_memory.txt
Fri Jan 10 16:01:51 JST 2020:MemoryManager[82]/Add -> already contain: aizuchi2 at activity_history in short_memory.txt
Fri Jan 10 16:01:51 JST 2020:ActivityManager[316]/ReadBehaviors -> Load Activity: aizuchi
Fri Jan 10 16:01:51 JST 2020:ActivityManager[78]/handling -> Read activity: activities\silver.txt
Fri Jan 10 16:01:51 JST 2020:ActivityManager[163]/selectActivity -> Activity ERROR: Could not find activity: 16144715
Fri Jan 10 16:01:54 JST 2020:ActivityManager[163]/selectActivity -> Activity ERROR: Could not find activity: 16151234
Fri Jan 10 16:01:57 JST 2020:ActivityManager[163]/selectActivity -> Activity ERROR: Could not find activity: 16151234
Fri Jan 10 16:02:21 JST 2020:ActivityManager[78]/handling -> Read activity: activities\clear.txt
Fri Jan 10 16:02:21 JST 2020:MemoryManager[142]/Read -> read memory: ka_shizuku_history = ka_shizuku,ka_shizuku2
Fri Jan 10 16:02:21 JST 2020:MemoryManager[181]/Clear -> clear memory: ka_shizuku_history = ka_shizuku,ka_shizuku2
Fri Jan 10 16:02:21 JST 2020:MemoryManager[94]/Add -> add new memory: ka_shizuku_history += ka_shizuku2 in long_memory.txt
Fri Jan 10 16:02:21 JST 2020:MemoryManager[82]/Add -> already contain: ka_shizuku2 at activity_history in short_memory.txt
Fri Jan 10 16:02:21 JST 2020:MemoryManager[142]/Read -> read memory: aizuchi_history = aizuchi4,aizuchi3,aizuchi2
Fri Jan 10 16:02:21 JST 2020:MemoryManager[94]/Add -> add new memory: aizuchi_history += aizuchi in long_memory.txt
Fri Jan 10 16:02:21 JST 2020:MemoryManager[82]/Add -> already contain: aizuchi at activity_history in short_memory.txt
Fri Jan 10 16:02:21 JST 2020:ActivityManager[316]/ReadBehaviors -> Load Activity: aizuchi
Fri Jan 10 16:02:21 JST 2020:ActivityManager[78]/handling -> Read activity: activities\ka_shizuku2.txt
Fri Jan 10 16:02:24 JST 2020:ActivityManager[163]/selectActivity -> Activity ERROR: Could not find activity: 16221963
Fri Jan 10 16:02:27 JST 2020:ActivityManager[163]/selectActivity -> Activity ERROR: Could not find activity: 16221994
Fri Jan 10 16:02:29 JST 2020:ActivityManager[163]/selectActivity -> Activity ERROR: Could not find activity: 16224914
