Mon Jan 13 14:33:51 JST 2020:util.Log[126]/init -> @@@ RUN STAMP @@@ -- Frontier-is
Mon Jan 13 14:33:51 JST 2020:util.FileManage[91]/ReadFile -> read setting.txt
 -> util.Config[76]/init
 -> util.Config[36]/<init>
 -> ActivityManager[41]/handling
 -> ActivityManager[21]/main
Mon Jan 13 14:33:51 JST 2020:util.Config[155]/Get -> read config ipAdress_server = localhost
Mon Jan 13 14:33:51 JST 2020:util.Config[155]/Get -> read config portNum_server = 11000
Mon Jan 13 14:33:51 JST 2020:ClientThreadUTF8[46]/<init> -> try to connect with localhost 11000
Mon Jan 13 14:33:51 JST 2020:ClientThreadUTF8[54]/<init> -> connected with localhost 11000
Mon Jan 13 14:34:06 JST 2020:ActivityManager[78]/handling -> Read activity: activities\4doc.txt
Mon Jan 13 14:34:24 JST 2020:ActivityManager[78]/handling -> Read activity: activities\clear.txt
Mon Jan 13 14:34:24 JST 2020:MemoryManager[142]/Read -> read memory: kanren_history = kanren,kanren2,kanren3,kanren4
Mon Jan 13 14:34:24 JST 2020:MemoryManager[181]/Clear -> clear memory: kanren_history = kanren,kanren2,kanren3,kanren4
Mon Jan 13 14:34:24 JST 2020:MemoryManager[94]/Add -> add new memory: kanren_history += kanren2 in long_memory.txt
Mon Jan 13 14:34:24 JST 2020:MemoryManager[82]/Add -> already contain: kanren2 at activity_history in short_memory.txt
Mon Jan 13 14:34:24 JST 2020:MemoryManager[142]/Read -> read memory: sotaaizuchi_history = sotaaizuchi,sotaaizuchi2
Mon Jan 13 14:34:24 JST 2020:MemoryManager[94]/Add -> add new memory: sotaaizuchi_history += sotaaizuchi3 in long_memory.txt
Mon Jan 13 14:34:24 JST 2020:MemoryManager[82]/Add -> already contain: sotaaizuchi3 at activity_history in short_memory.txt
Mon Jan 13 14:34:24 JST 2020:ActivityManager[316]/ReadBehaviors -> Load Activity: sotaaizuchi
Mon Jan 13 14:34:24 JST 2020:ActivityManager[78]/handling -> Read activity: activities\kanren2.txt
Mon Jan 13 14:34:43 JST 2020:ActivityManager[78]/handling -> Read activity: activities\clear.txt
Mon Jan 13 14:34:43 JST 2020:MemoryManager[142]/Read -> read memory: target_history = target4,target,target2,target3
Mon Jan 13 14:34:43 JST 2020:MemoryManager[181]/Clear -> clear memory: target_history = target4,target,target2,target3
Mon Jan 13 14:34:43 JST 2020:MemoryManager[94]/Add -> add new memory: target_history += target4 in long_memory.txt
Mon Jan 13 14:34:44 JST 2020:MemoryManager[82]/Add -> already contain: target4 at activity_history in short_memory.txt
Mon Jan 13 14:34:44 JST 2020:ActivityManager[78]/handling -> Read activity: activities\target4.txt
Mon Jan 13 14:35:03 JST 2020:ActivityManager[78]/handling -> Read activity: activities\clear.txt
Mon Jan 13 14:35:03 JST 2020:MemoryManager[142]/Read -> read memory: target_history = target4
Mon Jan 13 14:35:03 JST 2020:MemoryManager[94]/Add -> add new memory: target_history += target3 in long_memory.txt
Mon Jan 13 14:35:03 JST 2020:MemoryManager[82]/Add -> already contain: target3 at activity_history in short_memory.txt
Mon Jan 13 14:35:03 JST 2020:ActivityManager[78]/handling -> Read activity: activities\target3.txt
Mon Jan 13 14:35:19 JST 2020:ActivityManager[78]/handling -> Read activity: activities\clear.txt
Mon Jan 13 14:35:19 JST 2020:MemoryManager[142]/Read -> read memory: ok_long_history = ok_long2,ok_long
Mon Jan 13 14:35:19 JST 2020:MemoryManager[94]/Add -> add new memory: ok_long_history += ok_long4 in long_memory.txt
Mon Jan 13 14:35:19 JST 2020:MemoryManager[94]/Add -> add new memory: activity_history += ok_long4 in short_memory.txt
Mon Jan 13 14:35:19 JST 2020:MemoryManager[142]/Read -> read memory: praisesilver_history = praisesilver,praisesilver2
Mon Jan 13 14:35:19 JST 2020:MemoryManager[94]/Add -> add new memory: praisesilver_history += praisesilver4 in long_memory.txt
Mon Jan 13 14:35:19 JST 2020:MemoryManager[94]/Add -> add new memory: activity_history += praisesilver4 in short_memory.txt
Mon Jan 13 14:35:19 JST 2020:MemoryManager[142]/Read -> read memory: sotaaizuchi_history = sotaaizuchi,sotaaizuchi2,sotaaizuchi3
Mon Jan 13 14:35:19 JST 2020:MemoryManager[94]/Add -> add new memory: sotaaizuchi_history += sotaaizuchi4 in long_memory.txt
Mon Jan 13 14:35:19 JST 2020:MemoryManager[82]/Add -> already contain: sotaaizuchi4 at activity_history in short_memory.txt
Mon Jan 13 14:35:19 JST 2020:ActivityManager[316]/ReadBehaviors -> Load Activity: sotaaizuchi
Mon Jan 13 14:35:19 JST 2020:ActivityManager[316]/ReadBehaviors -> Load Activity: praisesilver
Mon Jan 13 14:35:19 JST 2020:ActivityManager[78]/handling -> Read activity: activities\ok_long4.txt
Mon Jan 13 14:35:38 JST 2020:ActivityManager[78]/handling -> Read activity: activities\clear.txt
Mon Jan 13 14:35:38 JST 2020:MemoryManager[142]/Read -> read memory: ok_silver_history = ok_silver3
Mon Jan 13 14:35:38 JST 2020:MemoryManager[94]/Add -> add new memory: ok_silver_history += ok_silver in long_memory.txt
Mon Jan 13 14:35:38 JST 2020:MemoryManager[82]/Add -> already contain: ok_silver at activity_history in short_memory.txt
Mon Jan 13 14:35:38 JST 2020:MemoryManager[142]/Read -> read memory: praiselong_history = praiselong
Mon Jan 13 14:35:38 JST 2020:MemoryManager[94]/Add -> add new memory: praiselong_history += praiselong3 in long_memory.txt
Mon Jan 13 14:35:38 JST 2020:MemoryManager[94]/Add -> add new memory: activity_history += praiselong3 in short_memory.txt
Mon Jan 13 14:35:38 JST 2020:MemoryManager[142]/Read -> read memory: sotaaizuchi_history = sotaaizuchi,sotaaizuchi2,sotaaizuchi3,sotaaizuchi4
Mon Jan 13 14:35:38 JST 2020:MemoryManager[181]/Clear -> clear memory: sotaaizuchi_history = sotaaizuchi,sotaaizuchi2,sotaaizuchi3,sotaaizuchi4
Mon Jan 13 14:35:38 JST 2020:MemoryManager[94]/Add -> add new memory: sotaaizuchi_history += sotaaizuchi2 in long_memory.txt
Mon Jan 13 14:35:38 JST 2020:MemoryManager[82]/Add -> already contain: sotaaizuchi2 at activity_history in short_memory.txt
Mon Jan 13 14:35:38 JST 2020:ActivityManager[316]/ReadBehaviors -> Load Activity: sotaaizuchi
Mon Jan 13 14:35:38 JST 2020:ActivityManager[316]/ReadBehaviors -> Load Activity: praiselong
Mon Jan 13 14:35:38 JST 2020:ActivityManager[78]/handling -> Read activity: activities\ok_silver.txt
Mon Jan 13 14:36:02 JST 2020:ActivityManager[78]/handling -> Read activity: activities\clear.txt
Mon Jan 13 14:36:02 JST 2020:ActivityManager[78]/handling -> Read activity: activities\25_2.txt
Mon Jan 13 14:36:50 JST 2020:ActivityManager[78]/handling -> Read activity: activities\clear.txt
Mon Jan 13 14:36:50 JST 2020:MemoryManager[142]/Read -> read memory: target_history = target4,target3
Mon Jan 13 14:36:50 JST 2020:MemoryManager[94]/Add -> add new memory: target_history += target2 in long_memory.txt
Mon Jan 13 14:36:50 JST 2020:MemoryManager[82]/Add -> already contain: target2 at activity_history in short_memory.txt
Mon Jan 13 14:36:50 JST 2020:ActivityManager[78]/handling -> Read activity: activities\target2.txt
Mon Jan 13 14:37:30 JST 2020:MemoryManager[142]/Read -> read memory: boost_history = boost,boost2
Mon Jan 13 14:37:30 JST 2020:MemoryManager[181]/Clear -> clear memory: boost_history = boost,boost2
Mon Jan 13 14:37:30 JST 2020:MemoryManager[94]/Add -> add new memory: boost_history += boost2 in long_memory.txt
Mon Jan 13 14:37:30 JST 2020:MemoryManager[82]/Add -> already contain: boost2 at activity_history in short_memory.txt
Mon Jan 13 14:37:30 JST 2020:ActivityManager[78]/handling -> Read activity: activities\boost2.txt
Mon Jan 13 14:39:33 JST 2020:ActivityManager[78]/handling -> Read activity: activities\clear.txt
Mon Jan 13 14:39:33 JST 2020:MemoryManager[142]/Read -> read memory: target_history = target4,target3,target2
Mon Jan 13 14:39:33 JST 2020:MemoryManager[94]/Add -> add new memory: target_history += target in long_memory.txt
Mon Jan 13 14:39:33 JST 2020:MemoryManager[82]/Add -> already contain: target at activity_history in short_memory.txt
Mon Jan 13 14:39:33 JST 2020:ActivityManager[78]/handling -> Read activity: activities\target.txt
Mon Jan 13 14:40:13 JST 2020:MemoryManager[142]/Read -> read memory: boost_history = boost2
Mon Jan 13 14:40:13 JST 2020:MemoryManager[94]/Add -> add new memory: boost_history += boost in long_memory.txt
Mon Jan 13 14:40:13 JST 2020:MemoryManager[82]/Add -> already contain: boost at activity_history in short_memory.txt
Mon Jan 13 14:40:13 JST 2020:ActivityManager[78]/handling -> Read activity: activities\boost.txt
Mon Jan 13 14:41:30 JST 2020:ActivityManager[78]/handling -> Read activity: activities\clear.txt
Mon Jan 13 14:41:30 JST 2020:ActivityManager[78]/handling -> Read activity: activities\25.txt
Mon Jan 13 14:41:34 JST 2020:ActivityManager[78]/handling -> Read activity: activities\clear.txt
Mon Jan 13 14:41:34 JST 2020:MemoryManager[142]/Read -> read memory: ok_long_history = ok_long2,ok_long,ok_long4
Mon Jan 13 14:41:34 JST 2020:MemoryManager[94]/Add -> add new memory: ok_long_history += ok_long3 in long_memory.txt
Mon Jan 13 14:41:34 JST 2020:MemoryManager[94]/Add -> add new memory: activity_history += ok_long3 in short_memory.txt
Mon Jan 13 14:41:34 JST 2020:MemoryManager[142]/Read -> read memory: praisesilver_history = praisesilver,praisesilver2,praisesilver4
Mon Jan 13 14:41:34 JST 2020:MemoryManager[94]/Add -> add new memory: praisesilver_history += praisesilver3 in long_memory.txt
Mon Jan 13 14:41:34 JST 2020:MemoryManager[94]/Add -> add new memory: activity_history += praisesilver3 in short_memory.txt
Mon Jan 13 14:41:34 JST 2020:MemoryManager[142]/Read -> read memory: sotaaizuchi_history = sotaaizuchi2
Mon Jan 13 14:41:34 JST 2020:MemoryManager[94]/Add -> add new memory: sotaaizuchi_history += sotaaizuchi in long_memory.txt
Mon Jan 13 14:41:34 JST 2020:MemoryManager[82]/Add -> already contain: sotaaizuchi at activity_history in short_memory.txt
Mon Jan 13 14:41:34 JST 2020:ActivityManager[316]/ReadBehaviors -> Load Activity: sotaaizuchi
Mon Jan 13 14:41:34 JST 2020:ActivityManager[316]/ReadBehaviors -> Load Activity: praisesilver
Mon Jan 13 14:41:34 JST 2020:ActivityManager[78]/handling -> Read activity: activities\ok_long3.txt
Mon Jan 13 14:42:01 JST 2020:ActivityManager[78]/handling -> Read activity: activities\clear.txt
Mon Jan 13 14:42:01 JST 2020:MemoryManager[142]/Read -> read memory: ok_long_history = ok_long2,ok_long,ok_long4,ok_long3
Mon Jan 13 14:42:01 JST 2020:MemoryManager[181]/Clear -> clear memory: ok_long_history = ok_long2,ok_long,ok_long4,ok_long3
Mon Jan 13 14:42:01 JST 2020:MemoryManager[94]/Add -> add new memory: ok_long_history += ok_long3 in long_memory.txt
Mon Jan 13 14:42:01 JST 2020:MemoryManager[82]/Add -> already contain: ok_long3 at activity_history in short_memory.txt
Mon Jan 13 14:42:01 JST 2020:MemoryManager[142]/Read -> read memory: praisesilver_history = praisesilver,praisesilver2,praisesilver4,praisesilver3
Mon Jan 13 14:42:01 JST 2020:MemoryManager[181]/Clear -> clear memory: praisesilver_history = praisesilver,praisesilver2,praisesilver4,praisesilver3
Mon Jan 13 14:42:01 JST 2020:MemoryManager[94]/Add -> add new memory: praisesilver_history += praisesilver3 in long_memory.txt
Mon Jan 13 14:42:01 JST 2020:MemoryManager[82]/Add -> already contain: praisesilver3 at activity_history in short_memory.txt
Mon Jan 13 14:42:01 JST 2020:MemoryManager[142]/Read -> read memory: sotaaizuchi_history = sotaaizuchi2,sotaaizuchi
Mon Jan 13 14:42:01 JST 2020:MemoryManager[94]/Add -> add new memory: sotaaizuchi_history += sotaaizuchi4 in long_memory.txt
Mon Jan 13 14:42:01 JST 2020:MemoryManager[82]/Add -> already contain: sotaaizuchi4 at activity_history in short_memory.txt
Mon Jan 13 14:42:01 JST 2020:ActivityManager[316]/ReadBehaviors -> Load Activity: sotaaizuchi
Mon Jan 13 14:42:01 JST 2020:ActivityManager[316]/ReadBehaviors -> Load Activity: praisesilver
Mon Jan 13 14:42:01 JST 2020:ActivityManager[78]/handling -> Read activity: activities\ok_long3.txt
Mon Jan 13 14:42:17 JST 2020:ActivityManager[78]/handling -> Read activity: activities\clear.txt
Mon Jan 13 14:42:17 JST 2020:MemoryManager[142]/Read -> read memory: target_history = target4,target3,target2,target
Mon Jan 13 14:42:17 JST 2020:MemoryManager[181]/Clear -> clear memory: target_history = target4,target3,target2,target
Mon Jan 13 14:42:17 JST 2020:MemoryManager[94]/Add -> add new memory: target_history += target in long_memory.txt
Mon Jan 13 14:42:17 JST 2020:MemoryManager[82]/Add -> already contain: target at activity_history in short_memory.txt
Mon Jan 13 14:42:17 JST 2020:ActivityManager[78]/handling -> Read activity: activities\target.txt
Mon Jan 13 14:42:49 JST 2020:ActivityManager[78]/handling -> Read activity: activities\clear.txt
Mon Jan 13 14:42:49 JST 2020:ActivityManager[78]/handling -> Read activity: activities\1.0.txt
Mon Jan 13 14:43:05 JST 2020:ActivityManager[78]/handling -> Read activity: activities\clear.txt
Mon Jan 13 14:43:05 JST 2020:MemoryManager[142]/Read -> read memory: target_history = target
Mon Jan 13 14:43:05 JST 2020:MemoryManager[94]/Add -> add new memory: target_history += target4 in long_memory.txt
Mon Jan 13 14:43:05 JST 2020:MemoryManager[82]/Add -> already contain: target4 at activity_history in short_memory.txt
Mon Jan 13 14:43:05 JST 2020:ActivityManager[78]/handling -> Read activity: activities\target4.txt
Mon Jan 13 14:43:33 JST 2020:ActivityManager[78]/handling -> Read activity: activities\clear.txt
Mon Jan 13 14:43:33 JST 2020:ActivityManager[78]/handling -> Read activity: activities\1_2.txt
Tue Jan 14 03:08:12 JST 2020:ActivityManager[78]/handling -> Read activity: activities\4doc.txt
Tue Jan 14 03:08:31 JST 2020:ActivityManager[78]/handling -> Read activity: activities\clear.txt
Tue Jan 14 03:08:31 JST 2020:MemoryManager[142]/Read -> read memory: kanren_history = kanren2
Tue Jan 14 03:08:31 JST 2020:MemoryManager[94]/Add -> add new memory: kanren_history += kanren3 in long_memory.txt
Tue Jan 14 03:08:31 JST 2020:MemoryManager[82]/Add -> already contain: kanren3 at activity_history in short_memory.txt
Tue Jan 14 03:08:31 JST 2020:MemoryManager[142]/Read -> read memory: aizuchi_history = aizuchi4,aizuchi3
Tue Jan 14 03:08:31 JST 2020:MemoryManager[94]/Add -> add new memory: aizuchi_history += aizuchi in long_memory.txt
Tue Jan 14 03:08:31 JST 2020:MemoryManager[82]/Add -> already contain: aizuchi at activity_history in short_memory.txt
Tue Jan 14 03:08:31 JST 2020:ActivityManager[316]/ReadBehaviors -> Load Activity: aizuchi
Tue Jan 14 03:08:31 JST 2020:ActivityManager[78]/handling -> Read activity: activities\kanren3.txt
Tue Jan 14 03:08:39 JST 2020:ActivityManager[163]/selectActivity -> Activity ERROR: Could not find activity: cool
Tue Jan 14 03:09:38 JST 2020:ActivityManager[78]/handling -> Read activity: activities\clear.txt
Tue Jan 14 03:09:38 JST 2020:ActivityManager[78]/handling -> Read activity: activities\first.txt
Tue Jan 14 03:09:47 JST 2020:ActivityManager[78]/handling -> Read activity: activities\clear.txt
Tue Jan 14 03:09:47 JST 2020:MemoryManager[142]/Read -> read memory: ka_shizuku_history = ka_shizuku2
Tue Jan 14 03:09:47 JST 2020:MemoryManager[94]/Add -> add new memory: ka_shizuku_history += ka_shizuku in long_memory.txt
Tue Jan 14 03:09:47 JST 2020:MemoryManager[82]/Add -> already contain: ka_shizuku at activity_history in short_memory.txt
Tue Jan 14 03:09:47 JST 2020:MemoryManager[142]/Read -> read memory: aizuchi_history = aizuchi4,aizuchi3,aizuchi
Tue Jan 14 03:09:47 JST 2020:MemoryManager[94]/Add -> add new memory: aizuchi_history += aizuchi2 in long_memory.txt
Tue Jan 14 03:09:47 JST 2020:MemoryManager[82]/Add -> already contain: aizuchi2 at activity_history in short_memory.txt
Tue Jan 14 03:09:47 JST 2020:ActivityManager[316]/ReadBehaviors -> Load Activity: aizuchi
Tue Jan 14 03:09:47 JST 2020:ActivityManager[78]/handling -> Read activity: activities\ka_shizuku.txt
Tue Jan 14 03:09:57 JST 2020:ActivityManager[78]/handling -> Read activity: activities\clear.txt
Tue Jan 14 03:09:57 JST 2020:ActivityManager[78]/handling -> Read activity: activities\25.txt
