Sat Dec 14 19:24:22 JST 2019:util.Log[126]/init -> @@@ RUN STAMP @@@ -- Frontier-is
Sat Dec 14 19:24:22 JST 2019:util.Config[155]/Get -> read config ipAdress_server = 100.80.194.226
Sat Dec 14 19:24:22 JST 2019:ScenarioUpdater[55]/update -> Scenario Update
Sat Dec 14 19:24:22 JST 2019:util.Config[155]/Get -> read config portNum_server = 11000
Sat Dec 14 19:24:22 JST 2019:ClientThreadUTF8[46]/<init> -> try to connect with 100.80.194.226 11000
Sat Dec 14 19:24:22 JST 2019:ClientThreadUTF8[54]/<init> -> connected with 100.80.194.226 11000
Sat Dec 14 19:24:22 JST 2019:util.Config[155]/Get -> read config init_message = name;sh
Sat Dec 14 19:24:22 JST 2019:util.Config[155]/Get -> read config scenario_file = room.txt
Sat Dec 14 19:24:22 JST 2019:util.Config[110]/Set -> Not change config ipAdress_server = 100.80.194.226
Sat Dec 14 19:24:22 JST 2019:util.Config[110]/Set -> Not change config portNum_server = 11000
Sat Dec 14 19:24:22 JST 2019:util.Config[110]/Set -> Not change config init_message = name;sh
Sat Dec 14 19:24:22 JST 2019:util.Config[110]/Set -> Not change config scenario_file = room.txt
Sat Dec 14 19:24:22 JST 2019:util.Config[155]/Get -> read config scenario_file = room.txt
Sat Dec 14 19:24:22 JST 2019:StateHandler[624]/ReadFile_sh -> read room.txt
 -> StateHandler[269]/readScenario
 -> StateHandler[65]/handling
 -> StateHandler[18]/main
Sat Dec 14 19:24:22 JST 2019:util.Config[155]/Get -> read config scenario_file = room.txt
Sat Dec 14 19:24:22 JST 2019:StateHandler[66]/handling -> Load room.txt
Sat Dec 14 19:24:25 JST 2019:MemoryManager[142]/Read -> read memory: newnews = false
Sat Dec 14 19:24:25 JST 2019:MemoryManager[139]/Read -> Could Not find 'reported_news' in long_memory.txt
Sat Dec 14 19:24:25 JST 2019:MemoryManager[139]/Read -> Could Not find 'reported_news' in long_memory.txt
Sat Dec 14 19:24:25 JST 2019:MemoryManager[139]/Read -> Could Not find 'reported_news' in long_memory.txt
Sat Dec 14 19:24:25 JST 2019:MemoryManager[139]/Read -> Could Not find 'reported_news' in long_memory.txt
Sat Dec 14 19:24:25 JST 2019:MemoryManager[139]/Read -> Could Not find 'reported_news' in long_memory.txt
Sat Dec 14 19:24:25 JST 2019:MemoryManager[139]/Read -> Could Not find 'reported_news' in long_memory.txt
Sat Dec 14 19:24:25 JST 2019:MemoryManager[139]/Read -> Could Not find 'reported_news' in long_memory.txt
Sat Dec 14 19:24:25 JST 2019:MemoryManager[139]/Read -> Could Not find 'reported_news' in long_memory.txt
Sat Dec 14 19:24:25 JST 2019:MemoryManager[139]/Read -> Could Not find 'reported_news' in long_memory.txt
Sat Dec 14 19:24:25 JST 2019:MemoryManager[139]/Read -> Could Not find 'reported_news' in long_memory.txt
Sat Dec 14 19:24:25 JST 2019:MemoryManager[139]/Read -> Could Not find 'reported_news' in long_memory.txt
Sat Dec 14 19:24:25 JST 2019:MemoryManager[139]/Read -> Could Not find 'reported_news' in long_memory.txt
Sat Dec 14 19:24:25 JST 2019:MemoryManager[139]/Read -> Could Not find 'reported_news' in long_memory.txt
Sat Dec 14 19:24:25 JST 2019:MemoryManager[260]/Contain -> Not Contained!: true at newnews in long_memory.txt
Sat Dec 14 19:24:26 JST 2019:MemoryManager[255]/Contain -> Contained!: 2019 at year in long_memory.txt
Sat Dec 14 19:24:26 JST 2019:MemoryManager[255]/Contain -> Contained!: 12 at month in long_memory.txt
Sat Dec 14 19:24:26 JST 2019:MemoryManager[255]/Contain -> Contained!: 14 at day in long_memory.txt
Sat Dec 14 19:24:26 JST 2019:MemoryManager[255]/Contain -> Contained!: 7 at day_of_week in long_memory.txt
Sat Dec 14 19:24:26 JST 2019:MemoryManager[255]/Contain -> Contained!: 19 at hour in long_memory.txt
Sat Dec 14 19:24:46 JST 2019:StateHandler[80]/handling -> received: 1_2 (current state: start )
Sat Dec 14 19:24:46 JST 2019:util.Config[155]/Get -> read config scenario_file = room.txt
Sat Dec 14 19:24:46 JST 2019:StateHandler[624]/ReadFile_sh -> read room.txt
 -> StateHandler[269]/readScenario
 -> StateHandler[119]/handling
 -> StateHandler[18]/main
Sat Dec 14 19:24:46 JST 2019:StateHandler[172]/handling -> Read transition: start:1_2:start:1_2:na
Sat Dec 14 19:24:54 JST 2019:StateHandler[80]/handling -> received: heart (current state: start )
Sat Dec 14 19:24:54 JST 2019:util.Config[155]/Get -> read config scenario_file = room.txt
Sat Dec 14 19:24:54 JST 2019:StateHandler[624]/ReadFile_sh -> read room.txt
 -> StateHandler[269]/readScenario
 -> StateHandler[119]/handling
 -> StateHandler[18]/main
Sat Dec 14 19:24:54 JST 2019:StateHandler[172]/handling -> Read transition: start:heart:start:heart:na
Sat Dec 14 19:25:21 JST 2019:StateHandler[80]/handling -> received: 1_2 (current state: start )
Sat Dec 14 19:25:21 JST 2019:util.Config[155]/Get -> read config scenario_file = room.txt
Sat Dec 14 19:25:21 JST 2019:StateHandler[624]/ReadFile_sh -> read room.txt
 -> StateHandler[269]/readScenario
 -> StateHandler[119]/handling
 -> StateHandler[18]/main
Sat Dec 14 19:25:21 JST 2019:StateHandler[172]/handling -> Read transition: start:1_2:start:1_2:na
Sat Dec 14 19:25:26 JST 2019:ScenarioUpdater[55]/update -> Scenario Update
Sat Dec 14 19:25:26 JST 2019:MemoryManager[142]/Read -> read memory: newnews = false
Sat Dec 14 19:25:26 JST 2019:MemoryManager[139]/Read -> Could Not find 'reported_news' in long_memory.txt
Sat Dec 14 19:25:26 JST 2019:MemoryManager[139]/Read -> Could Not find 'reported_news' in long_memory.txt
Sat Dec 14 19:25:26 JST 2019:MemoryManager[139]/Read -> Could Not find 'reported_news' in long_memory.txt
Sat Dec 14 19:25:26 JST 2019:MemoryManager[139]/Read -> Could Not find 'reported_news' in long_memory.txt
Sat Dec 14 19:25:26 JST 2019:MemoryManager[139]/Read -> Could Not find 'reported_news' in long_memory.txt
Sat Dec 14 19:25:26 JST 2019:MemoryManager[139]/Read -> Could Not find 'reported_news' in long_memory.txt
Sat Dec 14 19:25:26 JST 2019:MemoryManager[139]/Read -> Could Not find 'reported_news' in long_memory.txt
Sat Dec 14 19:25:26 JST 2019:MemoryManager[139]/Read -> Could Not find 'reported_news' in long_memory.txt
Sat Dec 14 19:25:26 JST 2019:MemoryManager[139]/Read -> Could Not find 'reported_news' in long_memory.txt
Sat Dec 14 19:25:26 JST 2019:MemoryManager[139]/Read -> Could Not find 'reported_news' in long_memory.txt
Sat Dec 14 19:25:26 JST 2019:MemoryManager[139]/Read -> Could Not find 'reported_news' in long_memory.txt
Sat Dec 14 19:25:26 JST 2019:MemoryManager[139]/Read -> Could Not find 'reported_news' in long_memory.txt
Sat Dec 14 19:25:26 JST 2019:MemoryManager[139]/Read -> Could Not find 'reported_news' in long_memory.txt
Sat Dec 14 19:25:26 JST 2019:MemoryManager[260]/Contain -> Not Contained!: true at newnews in long_memory.txt
Sat Dec 14 19:25:26 JST 2019:MemoryManager[255]/Contain -> Contained!: 2019 at year in long_memory.txt
Sat Dec 14 19:25:26 JST 2019:MemoryManager[255]/Contain -> Contained!: 12 at month in long_memory.txt
Sat Dec 14 19:25:26 JST 2019:MemoryManager[255]/Contain -> Contained!: 14 at day in long_memory.txt
Sat Dec 14 19:25:26 JST 2019:MemoryManager[255]/Contain -> Contained!: 7 at day_of_week in long_memory.txt
Sat Dec 14 19:25:26 JST 2019:MemoryManager[255]/Contain -> Contained!: 19 at hour in long_memory.txt
Sat Dec 14 19:25:31 JST 2019:StateHandler[80]/handling -> received: 1 (current state: start )
Sat Dec 14 19:25:31 JST 2019:util.Config[155]/Get -> read config scenario_file = room.txt
Sat Dec 14 19:25:31 JST 2019:StateHandler[624]/ReadFile_sh -> read room.txt
 -> StateHandler[269]/readScenario
 -> StateHandler[119]/handling
 -> StateHandler[18]/main
Sat Dec 14 19:25:31 JST 2019:StateHandler[172]/handling -> Read transition: start:1:start:1:na
Sat Dec 14 19:25:47 JST 2019:StateHandler[80]/handling -> received: 1 (current state: start )
Sat Dec 14 19:25:47 JST 2019:util.Config[155]/Get -> read config scenario_file = room.txt
Sat Dec 14 19:25:47 JST 2019:StateHandler[624]/ReadFile_sh -> read room.txt
 -> StateHandler[269]/readScenario
 -> StateHandler[119]/handling
 -> StateHandler[18]/main
Sat Dec 14 19:25:47 JST 2019:StateHandler[172]/handling -> Read transition: start:1:start:1:na
Sat Dec 14 19:26:11 JST 2019:StateHandler[80]/handling -> received: heart (current state: start )
Sat Dec 14 19:26:11 JST 2019:util.Config[155]/Get -> read config scenario_file = room.txt
Sat Dec 14 19:26:11 JST 2019:StateHandler[624]/ReadFile_sh -> read room.txt
 -> StateHandler[269]/readScenario
 -> StateHandler[119]/handling
 -> StateHandler[18]/main
Sat Dec 14 19:26:11 JST 2019:StateHandler[172]/handling -> Read transition: start:heart:start:heart:na
Sat Dec 14 19:26:26 JST 2019:ScenarioUpdater[55]/update -> Scenario Update
Sat Dec 14 19:26:26 JST 2019:MemoryManager[142]/Read -> read memory: newnews = false
Sat Dec 14 19:26:26 JST 2019:MemoryManager[139]/Read -> Could Not find 'reported_news' in long_memory.txt
Sat Dec 14 19:26:26 JST 2019:MemoryManager[139]/Read -> Could Not find 'reported_news' in long_memory.txt
Sat Dec 14 19:26:26 JST 2019:MemoryManager[139]/Read -> Could Not find 'reported_news' in long_memory.txt
Sat Dec 14 19:26:26 JST 2019:MemoryManager[139]/Read -> Could Not find 'reported_news' in long_memory.txt
Sat Dec 14 19:26:26 JST 2019:MemoryManager[139]/Read -> Could Not find 'reported_news' in long_memory.txt
Sat Dec 14 19:26:26 JST 2019:MemoryManager[139]/Read -> Could Not find 'reported_news' in long_memory.txt
Sat Dec 14 19:26:26 JST 2019:MemoryManager[139]/Read -> Could Not find 'reported_news' in long_memory.txt
Sat Dec 14 19:26:26 JST 2019:MemoryManager[139]/Read -> Could Not find 'reported_news' in long_memory.txt
Sat Dec 14 19:26:26 JST 2019:MemoryManager[139]/Read -> Could Not find 'reported_news' in long_memory.txt
Sat Dec 14 19:26:26 JST 2019:MemoryManager[139]/Read -> Could Not find 'reported_news' in long_memory.txt
Sat Dec 14 19:26:26 JST 2019:MemoryManager[139]/Read -> Could Not find 'reported_news' in long_memory.txt
Sat Dec 14 19:26:26 JST 2019:MemoryManager[139]/Read -> Could Not find 'reported_news' in long_memory.txt
Sat Dec 14 19:26:26 JST 2019:MemoryManager[139]/Read -> Could Not find 'reported_news' in long_memory.txt
Sat Dec 14 19:26:26 JST 2019:MemoryManager[260]/Contain -> Not Contained!: true at newnews in long_memory.txt
Sat Dec 14 19:26:26 JST 2019:MemoryManager[255]/Contain -> Contained!: 2019 at year in long_memory.txt
Sat Dec 14 19:26:26 JST 2019:MemoryManager[255]/Contain -> Contained!: 12 at month in long_memory.txt
Sat Dec 14 19:26:26 JST 2019:MemoryManager[255]/Contain -> Contained!: 14 at day in long_memory.txt
Sat Dec 14 19:26:26 JST 2019:MemoryManager[255]/Contain -> Contained!: 7 at day_of_week in long_memory.txt
Sat Dec 14 19:26:26 JST 2019:MemoryManager[255]/Contain -> Contained!: 19 at hour in long_memory.txt
Sat Dec 14 19:27:12 JST 2019:StateHandler[80]/handling -> received: heart (current state: start )
Sat Dec 14 19:27:12 JST 2019:util.Config[155]/Get -> read config scenario_file = room.txt
Sat Dec 14 19:27:12 JST 2019:StateHandler[624]/ReadFile_sh -> read room.txt
 -> StateHandler[269]/readScenario
 -> StateHandler[119]/handling
 -> StateHandler[18]/main
Sat Dec 14 19:27:12 JST 2019:StateHandler[172]/handling -> Read transition: start:heart:start:heart:na
Sat Dec 14 19:27:26 JST 2019:ScenarioUpdater[55]/update -> Scenario Update
Sat Dec 14 19:27:26 JST 2019:MemoryManager[142]/Read -> read memory: newnews = false
Sat Dec 14 19:27:26 JST 2019:MemoryManager[139]/Read -> Could Not find 'reported_news' in long_memory.txt
Sat Dec 14 19:27:26 JST 2019:MemoryManager[139]/Read -> Could Not find 'reported_news' in long_memory.txt
Sat Dec 14 19:27:26 JST 2019:MemoryManager[139]/Read -> Could Not find 'reported_news' in long_memory.txt
Sat Dec 14 19:27:26 JST 2019:MemoryManager[139]/Read -> Could Not find 'reported_news' in long_memory.txt
Sat Dec 14 19:27:26 JST 2019:MemoryManager[139]/Read -> Could Not find 'reported_news' in long_memory.txt
Sat Dec 14 19:27:26 JST 2019:MemoryManager[139]/Read -> Could Not find 'reported_news' in long_memory.txt
Sat Dec 14 19:27:26 JST 2019:MemoryManager[139]/Read -> Could Not find 'reported_news' in long_memory.txt
Sat Dec 14 19:27:26 JST 2019:MemoryManager[139]/Read -> Could Not find 'reported_news' in long_memory.txt
Sat Dec 14 19:27:26 JST 2019:MemoryManager[139]/Read -> Could Not find 'reported_news' in long_memory.txt
Sat Dec 14 19:27:26 JST 2019:MemoryManager[139]/Read -> Could Not find 'reported_news' in long_memory.txt
Sat Dec 14 19:27:26 JST 2019:MemoryManager[139]/Read -> Could Not find 'reported_news' in long_memory.txt
Sat Dec 14 19:27:26 JST 2019:MemoryManager[139]/Read -> Could Not find 'reported_news' in long_memory.txt
Sat Dec 14 19:27:26 JST 2019:MemoryManager[139]/Read -> Could Not find 'reported_news' in long_memory.txt
Sat Dec 14 19:27:26 JST 2019:MemoryManager[260]/Contain -> Not Contained!: true at newnews in long_memory.txt
Sat Dec 14 19:27:27 JST 2019:MemoryManager[255]/Contain -> Contained!: 2019 at year in long_memory.txt
Sat Dec 14 19:27:27 JST 2019:MemoryManager[255]/Contain -> Contained!: 12 at month in long_memory.txt
Sat Dec 14 19:27:27 JST 2019:MemoryManager[255]/Contain -> Contained!: 14 at day in long_memory.txt
Sat Dec 14 19:27:27 JST 2019:MemoryManager[255]/Contain -> Contained!: 7 at day_of_week in long_memory.txt
Sat Dec 14 19:27:27 JST 2019:MemoryManager[255]/Contain -> Contained!: 19 at hour in long_memory.txt
Sat Dec 14 19:28:02 JST 2019:util.FileManage[91]/ReadFile -> read setting.txt
 -> util.Config[76]/init
 -> util.Config[36]/<init>
 -> StateHandler[40]/handling
 -> StateHandler[18]/main
Sat Dec 14 19:28:02 JST 2019:util.Config[155]/Get -> read config ipAdress_server = 100.80.194.226
Sat Dec 14 19:28:02 JST 2019:util.Config[155]/Get -> read config portNum_server = 11000
Sat Dec 14 19:28:02 JST 2019:ClientThreadUTF8[46]/<init> -> try to connect with 100.80.194.226 11000
Sat Dec 14 19:28:03 JST 2019:StateHandler[202]/handling -> wait for re-connecting: 1.5 second
Sat Dec 14 19:28:04 JST 2019:util.FileManage[91]/ReadFile -> read setting.txt
 -> util.Config[76]/init
 -> util.Config[36]/<init>
 -> StateHandler[40]/handling
 -> StateHandler[18]/main
Sat Dec 14 19:28:04 JST 2019:util.Config[155]/Get -> read config ipAdress_server = 100.80.194.226
Sat Dec 14 19:28:04 JST 2019:util.Config[155]/Get -> read config portNum_server = 11000
Sat Dec 14 19:28:04 JST 2019:ClientThreadUTF8[46]/<init> -> try to connect with 100.80.194.226 11000
Sat Dec 14 19:28:05 JST 2019:StateHandler[202]/handling -> wait for re-connecting: 3.0 second
Sat Dec 14 19:28:08 JST 2019:util.FileManage[91]/ReadFile -> read setting.txt
 -> util.Config[76]/init
 -> util.Config[36]/<init>
 -> StateHandler[40]/handling
 -> StateHandler[18]/main
Sat Dec 14 19:28:08 JST 2019:util.Config[155]/Get -> read config ipAdress_server = 100.80.194.226
Sat Dec 14 19:28:08 JST 2019:util.Config[155]/Get -> read config portNum_server = 11000
Sat Dec 14 19:28:08 JST 2019:ClientThreadUTF8[46]/<init> -> try to connect with 100.80.194.226 11000
Sat Dec 14 19:28:09 JST 2019:StateHandler[202]/handling -> wait for re-connecting: 5.5 second
Sat Dec 14 19:28:14 JST 2019:util.FileManage[91]/ReadFile -> read setting.txt
 -> util.Config[76]/init
 -> util.Config[36]/<init>
 -> StateHandler[40]/handling
 -> StateHandler[18]/main
Sat Dec 14 19:28:14 JST 2019:util.Config[155]/Get -> read config ipAdress_server = 100.80.194.226
Sat Dec 14 19:28:14 JST 2019:util.Config[155]/Get -> read config portNum_server = 11000
Sat Dec 14 19:28:14 JST 2019:ClientThreadUTF8[46]/<init> -> try to connect with 100.80.194.226 11000
Sat Dec 14 19:28:15 JST 2019:StateHandler[202]/handling -> wait for re-connecting: 9.0 second
Sat Dec 14 19:28:24 JST 2019:util.FileManage[91]/ReadFile -> read setting.txt
 -> util.Config[76]/init
 -> util.Config[36]/<init>
 -> StateHandler[40]/handling
 -> StateHandler[18]/main
Sat Dec 14 19:28:24 JST 2019:util.Config[155]/Get -> read config ipAdress_server = 100.80.194.226
Sat Dec 14 19:28:24 JST 2019:util.Config[155]/Get -> read config portNum_server = 11000
Sat Dec 14 19:28:24 JST 2019:ClientThreadUTF8[46]/<init> -> try to connect with 100.80.194.226 11000
Sat Dec 14 19:28:25 JST 2019:StateHandler[202]/handling -> wait for re-connecting: 13.5 second
Sat Dec 14 19:28:27 JST 2019:ScenarioUpdater[55]/update -> Scenario Update
Sat Dec 14 19:28:27 JST 2019:MemoryManager[142]/Read -> read memory: newnews = false
Sat Dec 14 19:28:27 JST 2019:MemoryManager[139]/Read -> Could Not find 'reported_news' in long_memory.txt
Sat Dec 14 19:28:27 JST 2019:MemoryManager[139]/Read -> Could Not find 'reported_news' in long_memory.txt
Sat Dec 14 19:28:27 JST 2019:MemoryManager[139]/Read -> Could Not find 'reported_news' in long_memory.txt
Sat Dec 14 19:28:27 JST 2019:MemoryManager[139]/Read -> Could Not find 'reported_news' in long_memory.txt
Sat Dec 14 19:28:27 JST 2019:MemoryManager[139]/Read -> Could Not find 'reported_news' in long_memory.txt
Sat Dec 14 19:28:27 JST 2019:MemoryManager[139]/Read -> Could Not find 'reported_news' in long_memory.txt
Sat Dec 14 19:28:27 JST 2019:MemoryManager[139]/Read -> Could Not find 'reported_news' in long_memory.txt
Sat Dec 14 19:28:27 JST 2019:MemoryManager[139]/Read -> Could Not find 'reported_news' in long_memory.txt
Sat Dec 14 19:28:27 JST 2019:MemoryManager[139]/Read -> Could Not find 'reported_news' in long_memory.txt
Sat Dec 14 19:28:27 JST 2019:MemoryManager[139]/Read -> Could Not find 'reported_news' in long_memory.txt
Sat Dec 14 19:28:27 JST 2019:MemoryManager[139]/Read -> Could Not find 'reported_news' in long_memory.txt
Sat Dec 14 19:28:27 JST 2019:MemoryManager[139]/Read -> Could Not find 'reported_news' in long_memory.txt
Sat Dec 14 19:28:27 JST 2019:MemoryManager[139]/Read -> Could Not find 'reported_news' in long_memory.txt
Sat Dec 14 19:28:27 JST 2019:MemoryManager[260]/Contain -> Not Contained!: true at newnews in long_memory.txt
Sat Dec 14 19:28:27 JST 2019:MemoryManager[255]/Contain -> Contained!: 2019 at year in long_memory.txt
Sat Dec 14 19:28:27 JST 2019:MemoryManager[255]/Contain -> Contained!: 12 at month in long_memory.txt
Sat Dec 14 19:28:27 JST 2019:MemoryManager[255]/Contain -> Contained!: 14 at day in long_memory.txt
Sat Dec 14 19:28:27 JST 2019:MemoryManager[255]/Contain -> Contained!: 7 at day_of_week in long_memory.txt
Sat Dec 14 19:28:27 JST 2019:MemoryManager[255]/Contain -> Contained!: 19 at hour in long_memory.txt
Sat Dec 14 19:28:38 JST 2019:util.FileManage[91]/ReadFile -> read setting.txt
 -> util.Config[76]/init
 -> util.Config[36]/<init>
 -> StateHandler[40]/handling
 -> StateHandler[18]/main
Sat Dec 14 19:28:38 JST 2019:util.Config[155]/Get -> read config ipAdress_server = 100.80.194.226
Sat Dec 14 19:28:38 JST 2019:util.Config[155]/Get -> read config portNum_server = 11000
Sat Dec 14 19:28:38 JST 2019:ClientThreadUTF8[46]/<init> -> try to connect with 100.80.194.226 11000
Sat Dec 14 19:28:39 JST 2019:StateHandler[202]/handling -> wait for re-connecting: 19.0 second
