Tue Dec 17 19:00:20 JST 2019:util.Log[126]/init -> @@@ RUN STAMP @@@ -- Frontier-is
Tue Dec 17 19:00:20 JST 2019:util.FileManage[91]/ReadFile -> read setting.txt
 -> util.Config[76]/init
 -> util.Config[36]/<init>
 -> ActivityManager[41]/handling
 -> ActivityManager[21]/main
Tue Dec 17 19:00:20 JST 2019:util.Config[155]/Get -> read config ipAdress_server = 100.80.194.226
Tue Dec 17 19:00:20 JST 2019:util.Config[155]/Get -> read config portNum_server = 11000
Tue Dec 17 19:00:20 JST 2019:ClientThreadUTF8[46]/<init> -> try to connect with 100.80.194.226 11000
Tue Dec 17 19:00:20 JST 2019:ClientThreadUTF8[54]/<init> -> connected with 100.80.194.226 11000
Tue Dec 17 19:01:03 JST 2019:ActivityManager[78]/handling -> Read activity: activities\a4doc.txt
Tue Dec 17 19:06:45 JST 2019:ActivityManager[78]/handling -> Read activity: activities\agold.txt
Tue Dec 17 19:09:17 JST 2019:ActivityManager[78]/handling -> Read activity: activities\silver.txt
Tue Dec 17 19:15:35 JST 2019:ActivityManager[78]/handling -> Read activity: activities\aheart.txt
Tue Dec 17 19:19:41 JST 2019:ActivityManager[78]/handling -> Read activity: activities\akanren.txt
Tue Dec 17 19:24:35 JST 2019:ActivityManager[78]/handling -> Read activity: activities\akanren2.txt
Tue Dec 17 20:37:44 JST 2019:ActivityManager[78]/handling -> Read activity: activities\2_3.txt
Tue Dec 17 21:54:23 JST 2019:ActivityManager[78]/handling -> Read activity: activities\31_3.txt
Tue Dec 17 22:07:42 JST 2019:ActivityManager[78]/handling -> Read activity: activities\a2_3.txt
Tue Dec 17 23:11:03 JST 2019:ActivityManager[163]/selectActivity -> Activity ERROR: Could not find activity: 2.txt
Tue Dec 17 23:11:03 JST 2019:ActivityManager[591]/IsAvailable -> File EROOR: NULL
Tue Dec 17 23:11:03 JST 2019:ActivityManager[316]/ReadBehaviors -> Load Activity: 2.txt
Tue Dec 17 23:11:03 JST 2019:ActivityManager[78]/handling -> Read activity: activities\ok_long2.txt
Tue Dec 17 23:12:50 JST 2019:ActivityManager[163]/selectActivity -> Activity ERROR: Could not find activity: ok_long2.txt
Tue Dec 17 23:12:50 JST 2019:ActivityManager[591]/IsAvailable -> File EROOR: NULL
Tue Dec 17 23:12:50 JST 2019:ActivityManager[316]/ReadBehaviors -> Load Activity: ok_long2.txt
Tue Dec 17 23:12:50 JST 2019:ActivityManager[78]/handling -> Read activity: activities\ok_long2.txt
