Fri Jan 10 16:01:03 JST 2020:util.Log[126]/init -> @@@ RUN STAMP @@@ -- Frontier-is
Fri Jan 10 16:01:03 JST 2020:ScenarioUpdater[55]/update -> Scenario Update
Fri Jan 10 16:01:03 JST 2020:util.Config[155]/Get -> read config ipAdress_server = localhost
Fri Jan 10 16:01:03 JST 2020:util.Config[155]/Get -> read config portNum_server = 11000
Fri Jan 10 16:01:03 JST 2020:ClientThreadUTF8[46]/<init> -> try to connect with localhost 11000
Fri Jan 10 16:01:03 JST 2020:ScenarioUpdater[66]/update -> Delete news: news2020180.txt
Fri Jan 10 16:01:03 JST 2020:ScenarioUpdater[66]/update -> Delete news: news2020181.txt
Fri Jan 10 16:01:03 JST 2020:ClientThreadUTF8[54]/<init> -> connected with localhost 11000
Fri Jan 10 16:01:03 JST 2020:util.Config[155]/Get -> read config init_message = name;sh
Fri Jan 10 16:01:03 JST 2020:ScenarioUpdater[66]/update -> Delete news: news20201810.txt
Fri Jan 10 16:01:03 JST 2020:util.Config[155]/Get -> read config scenario_file = room.txt
Fri Jan 10 16:01:03 JST 2020:ScenarioUpdater[66]/update -> Delete news: news2020182.txt
Fri Jan 10 16:01:03 JST 2020:util.Config[110]/Set -> Not change config ipAdress_server = localhost
Fri Jan 10 16:01:03 JST 2020:ScenarioUpdater[66]/update -> Delete news: news2020183.txt
Fri Jan 10 16:01:03 JST 2020:util.Config[110]/Set -> Not change config portNum_server = 11000
Fri Jan 10 16:01:03 JST 2020:ScenarioUpdater[66]/update -> Delete news: news2020184.txt
Fri Jan 10 16:01:03 JST 2020:ScenarioUpdater[66]/update -> Delete news: news2020185.txt
Fri Jan 10 16:01:03 JST 2020:util.Config[110]/Set -> Not change config init_message = name;sh
Fri Jan 10 16:01:03 JST 2020:ScenarioUpdater[66]/update -> Delete news: news2020186.txt
Fri Jan 10 16:01:03 JST 2020:util.Config[110]/Set -> Not change config scenario_file = room.txt
Fri Jan 10 16:01:03 JST 2020:ScenarioUpdater[66]/update -> Delete news: news2020187.txt
Fri Jan 10 16:01:03 JST 2020:ScenarioUpdater[66]/update -> Delete news: news2020188.txt
Fri Jan 10 16:01:03 JST 2020:util.Config[155]/Get -> read config scenario_file = room.txt
Fri Jan 10 16:01:03 JST 2020:ScenarioUpdater[66]/update -> Delete news: news2020189.txt
Fri Jan 10 16:01:03 JST 2020:StateHandler[624]/ReadFile_sh -> read room.txt
 -> StateHandler[269]/readScenario
 -> StateHandler[65]/handling
 -> StateHandler[18]/main
Fri Jan 10 16:01:03 JST 2020:util.Config[155]/Get -> read config scenario_file = room.txt
Fri Jan 10 16:01:03 JST 2020:StateHandler[66]/handling -> Load room.txt
Fri Jan 10 16:01:06 JST 2020:ScenarioUpdater[186]/makeActivity_news -> Make New File : C:\Users\Frontier-is\Desktop\StateHandler_java-master\activities\news20201100.txt
Fri Jan 10 16:01:06 JST 2020:ScenarioUpdater[186]/makeActivity_news -> Make New File : C:\Users\Frontier-is\Desktop\StateHandler_java-master\activities\news20201101.txt
Fri Jan 10 16:01:06 JST 2020:ScenarioUpdater[186]/makeActivity_news -> Make New File : C:\Users\Frontier-is\Desktop\StateHandler_java-master\activities\news20201102.txt
Fri Jan 10 16:01:06 JST 2020:ScenarioUpdater[186]/makeActivity_news -> Make New File : C:\Users\Frontier-is\Desktop\StateHandler_java-master\activities\news20201103.txt
Fri Jan 10 16:01:06 JST 2020:ScenarioUpdater[186]/makeActivity_news -> Make New File : C:\Users\Frontier-is\Desktop\StateHandler_java-master\activities\news20201104.txt
Fri Jan 10 16:01:06 JST 2020:ScenarioUpdater[186]/makeActivity_news -> Make New File : C:\Users\Frontier-is\Desktop\StateHandler_java-master\activities\news20201105.txt
Fri Jan 10 16:01:06 JST 2020:ScenarioUpdater[186]/makeActivity_news -> Make New File : C:\Users\Frontier-is\Desktop\StateHandler_java-master\activities\news20201106.txt
Fri Jan 10 16:01:06 JST 2020:MemoryManager[142]/Read -> read memory: newnews = false
Fri Jan 10 16:01:06 JST 2020:MemoryManager[139]/Read -> Could Not find 'reported_news' in long_memory.txt
Fri Jan 10 16:01:06 JST 2020:MemoryManager[139]/Read -> Could Not find 'reported_news' in long_memory.txt
Fri Jan 10 16:01:06 JST 2020:MemoryManager[139]/Read -> Could Not find 'reported_news' in long_memory.txt
Fri Jan 10 16:01:06 JST 2020:MemoryManager[139]/Read -> Could Not find 'reported_news' in long_memory.txt
Fri Jan 10 16:01:06 JST 2020:MemoryManager[139]/Read -> Could Not find 'reported_news' in long_memory.txt
Fri Jan 10 16:01:06 JST 2020:MemoryManager[139]/Read -> Could Not find 'reported_news' in long_memory.txt
Fri Jan 10 16:01:06 JST 2020:MemoryManager[139]/Read -> Could Not find 'reported_news' in long_memory.txt
Fri Jan 10 16:01:06 JST 2020:MemoryManager[260]/Contain -> Not Contained!: true at newnews in long_memory.txt
Fri Jan 10 16:01:07 JST 2020:MemoryManager[255]/Contain -> Contained!: 2020 at year in long_memory.txt
Fri Jan 10 16:01:07 JST 2020:MemoryManager[255]/Contain -> Contained!: 1 at month in long_memory.txt
Fri Jan 10 16:01:07 JST 2020:MemoryManager[260]/Contain -> Not Contained!: 10 at day in long_memory.txt
Fri Jan 10 16:01:07 JST 2020:MemoryManager[181]/Clear -> clear memory: day = 8
Fri Jan 10 16:01:07 JST 2020:MemoryManager[94]/Add -> add new memory: day += 10 in long_memory.txt
Fri Jan 10 16:01:07 JST 2020:MemoryManager[260]/Contain -> Not Contained!: 6 at day_of_week in long_memory.txt
Fri Jan 10 16:01:07 JST 2020:MemoryManager[181]/Clear -> clear memory: day_of_week = 4
Fri Jan 10 16:01:08 JST 2020:MemoryManager[94]/Add -> add new memory: day_of_week += 6 in long_memory.txt
Fri Jan 10 16:01:08 JST 2020:MemoryManager[260]/Contain -> Not Contained!: 16 at hour in long_memory.txt
Fri Jan 10 16:01:08 JST 2020:MemoryManager[181]/Clear -> clear memory: hour = 20
Fri Jan 10 16:01:08 JST 2020:MemoryManager[94]/Add -> add new memory: hour += 16 in long_memory.txt
Fri Jan 10 16:01:19 JST 2020:StateHandler[80]/handling -> received: 4doc (current state: start )
Fri Jan 10 16:01:19 JST 2020:util.Config[155]/Get -> read config scenario_file = room.txt
Fri Jan 10 16:01:19 JST 2020:StateHandler[624]/ReadFile_sh -> read room.txt
 -> StateHandler[269]/readScenario
 -> StateHandler[119]/handling
 -> StateHandler[18]/main
Fri Jan 10 16:01:19 JST 2020:StateHandler[172]/handling -> Read transition: start:4doc:start:4doc:na
Fri Jan 10 16:01:40 JST 2020:StateHandler[80]/handling -> received: clear (current state: start )
Fri Jan 10 16:01:40 JST 2020:util.Config[155]/Get -> read config scenario_file = room.txt
Fri Jan 10 16:01:40 JST 2020:StateHandler[624]/ReadFile_sh -> read room.txt
 -> StateHandler[269]/readScenario
 -> StateHandler[119]/handling
 -> StateHandler[18]/main
Fri Jan 10 16:01:41 JST 2020:StateHandler[172]/handling -> Read transition: start:clear:start:clear:na
Fri Jan 10 16:01:41 JST 2020:StateHandler[80]/handling -> received: ok_long (current state: start )
Fri Jan 10 16:01:41 JST 2020:util.Config[155]/Get -> read config scenario_file = room.txt
Fri Jan 10 16:01:41 JST 2020:StateHandler[624]/ReadFile_sh -> read room.txt
 -> StateHandler[269]/readScenario
 -> StateHandler[119]/handling
 -> StateHandler[18]/main
Fri Jan 10 16:01:41 JST 2020:StateHandler[172]/handling -> Read transition: start:ok_long:start:ok_long:na
Fri Jan 10 16:01:51 JST 2020:StateHandler[80]/handling -> received: silver (current state: start )
Fri Jan 10 16:01:51 JST 2020:util.Config[155]/Get -> read config scenario_file = room.txt
Fri Jan 10 16:01:51 JST 2020:StateHandler[624]/ReadFile_sh -> read room.txt
 -> StateHandler[269]/readScenario
 -> StateHandler[119]/handling
 -> StateHandler[18]/main
Fri Jan 10 16:01:51 JST 2020:StateHandler[172]/handling -> Read transition: start:silver:start:silver:na
Fri Jan 10 16:02:08 JST 2020:ScenarioUpdater[55]/update -> Scenario Update
Fri Jan 10 16:02:08 JST 2020:MemoryManager[142]/Read -> read memory: newnews = false
Fri Jan 10 16:02:08 JST 2020:MemoryManager[139]/Read -> Could Not find 'reported_news' in long_memory.txt
Fri Jan 10 16:02:08 JST 2020:MemoryManager[139]/Read -> Could Not find 'reported_news' in long_memory.txt
Fri Jan 10 16:02:08 JST 2020:MemoryManager[139]/Read -> Could Not find 'reported_news' in long_memory.txt
Fri Jan 10 16:02:08 JST 2020:MemoryManager[139]/Read -> Could Not find 'reported_news' in long_memory.txt
Fri Jan 10 16:02:08 JST 2020:MemoryManager[139]/Read -> Could Not find 'reported_news' in long_memory.txt
Fri Jan 10 16:02:08 JST 2020:MemoryManager[139]/Read -> Could Not find 'reported_news' in long_memory.txt
Fri Jan 10 16:02:08 JST 2020:MemoryManager[139]/Read -> Could Not find 'reported_news' in long_memory.txt
Fri Jan 10 16:02:08 JST 2020:MemoryManager[260]/Contain -> Not Contained!: true at newnews in long_memory.txt
Fri Jan 10 16:02:08 JST 2020:MemoryManager[255]/Contain -> Contained!: 2020 at year in long_memory.txt
Fri Jan 10 16:02:08 JST 2020:MemoryManager[255]/Contain -> Contained!: 1 at month in long_memory.txt
Fri Jan 10 16:02:08 JST 2020:MemoryManager[255]/Contain -> Contained!: 10 at day in long_memory.txt
Fri Jan 10 16:02:08 JST 2020:MemoryManager[255]/Contain -> Contained!: 6 at day_of_week in long_memory.txt
Fri Jan 10 16:02:08 JST 2020:MemoryManager[255]/Contain -> Contained!: 16 at hour in long_memory.txt
Fri Jan 10 16:02:21 JST 2020:StateHandler[80]/handling -> received: clear (current state: start )
Fri Jan 10 16:02:21 JST 2020:util.Config[155]/Get -> read config scenario_file = room.txt
Fri Jan 10 16:02:21 JST 2020:StateHandler[624]/ReadFile_sh -> read room.txt
 -> StateHandler[269]/readScenario
 -> StateHandler[119]/handling
 -> StateHandler[18]/main
Fri Jan 10 16:02:21 JST 2020:StateHandler[172]/handling -> Read transition: start:clear:start:clear:na
Fri Jan 10 16:02:21 JST 2020:StateHandler[80]/handling -> received: ka_shizuku (current state: start )
Fri Jan 10 16:02:21 JST 2020:util.Config[155]/Get -> read config scenario_file = room.txt
Fri Jan 10 16:02:21 JST 2020:StateHandler[624]/ReadFile_sh -> read room.txt
 -> StateHandler[269]/readScenario
 -> StateHandler[119]/handling
 -> StateHandler[18]/main
Fri Jan 10 16:02:21 JST 2020:StateHandler[172]/handling -> Read transition: start:ka_shizuku:start:ka_shizuku:na
