Sat Dec 14 19:29:07 JST 2019:util.Log[126]/init -> @@@ RUN STAMP @@@ -- Frontier-is
Sat Dec 14 19:29:07 JST 2019:util.FileManage[91]/ReadFile -> read setting.txt
 -> util.Config[76]/init
 -> util.Config[36]/<init>
 -> ActivityManager[41]/handling
 -> ActivityManager[21]/main
Sat Dec 14 19:29:07 JST 2019:util.Config[155]/Get -> read config ipAdress_server = 100.80.194.226
Sat Dec 14 19:29:07 JST 2019:util.Config[155]/Get -> read config portNum_server = 11000
Sat Dec 14 19:29:07 JST 2019:ClientThreadUTF8[46]/<init> -> try to connect with 100.80.194.226 11000
Sat Dec 14 19:29:07 JST 2019:ClientThreadUTF8[54]/<init> -> connected with 100.80.194.226 11000
Sat Dec 14 19:29:17 JST 2019:ActivityManager[78]/handling -> Read activity: activities\heart.txt
Sat Dec 14 19:30:42 JST 2019:ActivityManager[78]/handling -> Read activity: activities\heart.txt
Sat Dec 14 19:30:50 JST 2019:ActivityManager[78]/handling -> Read activity: activities\1_2.txt
Sat Dec 14 19:30:52 JST 2019:ActivityManager[163]/selectActivity -> Activity ERROR: Could not find activity: 193049156
Sat Dec 14 19:30:55 JST 2019:ActivityManager[163]/selectActivity -> Activity ERROR: Could not find activity: 193050719
Sat Dec 14 19:31:04 JST 2019:ActivityManager[78]/handling -> Read activity: activities\1_2.txt
Sat Dec 14 19:31:13 JST 2019:ActivityManager[78]/handling -> Read activity: activities\heart.txt
Sun Dec 15 03:57:44 JST 2019:ActivityManager[78]/handling -> Read activity: activities\4doc.txt
Sun Dec 15 03:58:20 JST 2019:ActivityManager[78]/handling -> Read activity: activities\clear.txt
Sun Dec 15 03:58:20 JST 2019:ActivityManager[78]/handling -> Read activity: activities\long.txt
Sun Dec 15 03:58:54 JST 2019:ActivityManager[78]/handling -> Read activity: activities\clear.txt
Sun Dec 15 03:58:54 JST 2019:ActivityManager[78]/handling -> Read activity: activities\heart.txt
Sun Dec 15 03:59:29 JST 2019:ActivityManager[78]/handling -> Read activity: activities\clear.txt
Sun Dec 15 03:59:29 JST 2019:ActivityManager[78]/handling -> Read activity: activities\long.txt
Sun Dec 15 04:00:04 JST 2019:ActivityManager[78]/handling -> Read activity: activities\clear.txt
Sun Dec 15 04:00:04 JST 2019:MemoryManager[142]/Read -> read memory: shizuku_history = shizuku
Sun Dec 15 04:00:04 JST 2019:MemoryManager[94]/Add -> add new memory: shizuku_history += shizuku2 in long_memory.txt
Sun Dec 15 04:00:05 JST 2019:MemoryManager[82]/Add -> already contain: shizuku2 at activity_history in short_memory.txt
Sun Dec 15 04:00:05 JST 2019:ActivityManager[78]/handling -> Read activity: activities\shizuku2.txt
Sun Dec 15 04:00:39 JST 2019:ActivityManager[78]/handling -> Read activity: activities\clear.txt
Sun Dec 15 04:00:39 JST 2019:ActivityManager[78]/handling -> Read activity: activities\long.txt
Sun Dec 15 04:01:14 JST 2019:ActivityManager[78]/handling -> Read activity: activities\clear.txt
Sun Dec 15 04:01:14 JST 2019:ActivityManager[78]/handling -> Read activity: activities\heart.txt
Sun Dec 15 04:01:49 JST 2019:ActivityManager[78]/handling -> Read activity: activities\clear.txt
Sun Dec 15 04:01:50 JST 2019:ActivityManager[78]/handling -> Read activity: activities\nega_long.txt
Sun Dec 15 04:02:24 JST 2019:ActivityManager[78]/handling -> Read activity: activities\clear.txt
Sun Dec 15 04:02:24 JST 2019:ActivityManager[78]/handling -> Read activity: activities\long.txt
Sun Dec 15 04:02:59 JST 2019:ActivityManager[78]/handling -> Read activity: activities\clear.txt
Sun Dec 15 04:02:59 JST 2019:ActivityManager[78]/handling -> Read activity: activities\gold.txt
Sun Dec 15 04:03:34 JST 2019:ActivityManager[78]/handling -> Read activity: activities\clear.txt
Sun Dec 15 04:03:34 JST 2019:ActivityManager[78]/handling -> Read activity: activities\silver.txt
Sun Dec 15 04:04:09 JST 2019:ActivityManager[78]/handling -> Read activity: activities\clear.txt
Sun Dec 15 04:04:09 JST 2019:ActivityManager[78]/handling -> Read activity: activities\nega_long.txt
Sun Dec 15 04:04:44 JST 2019:ActivityManager[78]/handling -> Read activity: activities\clear.txt
Sun Dec 15 04:04:44 JST 2019:ActivityManager[78]/handling -> Read activity: activities\nega_long.txt
Sun Dec 15 04:05:19 JST 2019:ActivityManager[78]/handling -> Read activity: activities\clear.txt
Sun Dec 15 04:05:19 JST 2019:ActivityManager[78]/handling -> Read activity: activities\nega_long.txt
Sun Dec 15 04:05:54 JST 2019:ActivityManager[78]/handling -> Read activity: activities\clear.txt
Sun Dec 15 04:05:54 JST 2019:ActivityManager[78]/handling -> Read activity: activities\silver.txt
Sun Dec 15 04:06:25 JST 2019:ActivityManager[78]/handling -> Read activity: activities\clear.txt
Sun Dec 15 04:06:25 JST 2019:ActivityManager[78]/handling -> Read activity: activities\ka_heart.txt
Sun Dec 15 04:09:49 JST 2019:ActivityManager[78]/handling -> Read activity: activities\long.txt
Sun Dec 15 04:10:04 JST 2019:ActivityManager[78]/handling -> Read activity: activities\clear.txt
Sun Dec 15 04:10:04 JST 2019:ActivityManager[78]/handling -> Read activity: activities\ka_shizuku.txt
Sun Dec 15 04:15:10 JST 2019:ActivityManager[78]/handling -> Read activity: activities\silver.txt
Sun Dec 15 04:15:45 JST 2019:ActivityManager[78]/handling -> Read activity: activities\clear.txt
Sun Dec 15 04:15:45 JST 2019:ActivityManager[78]/handling -> Read activity: activities\rubi.txt
Sun Dec 15 04:16:20 JST 2019:ActivityManager[78]/handling -> Read activity: activities\clear.txt
Sun Dec 15 04:16:20 JST 2019:ActivityManager[78]/handling -> Read activity: activities\heart.txt
Sun Dec 15 04:18:41 JST 2019:ActivityManager[78]/handling -> Read activity: activities\rubi.txt
Sun Dec 15 04:19:16 JST 2019:ActivityManager[78]/handling -> Read activity: activities\clear.txt
Sun Dec 15 04:19:16 JST 2019:ActivityManager[78]/handling -> Read activity: activities\gold.txt
Sun Dec 15 04:19:52 JST 2019:ActivityManager[78]/handling -> Read activity: activities\clear.txt
Sun Dec 15 04:19:52 JST 2019:ActivityManager[78]/handling -> Read activity: activities\ok_gold.txt
Sun Dec 15 04:25:44 JST 2019:ActivityManager[78]/handling -> Read activity: activities\clear.txt
Sun Dec 15 04:25:44 JST 2019:MemoryManager[142]/Read -> read memory: good_history = good4,good3,good2,good
Sun Dec 15 04:25:44 JST 2019:MemoryManager[181]/Clear -> clear memory: good_history = good4,good3,good2,good
Sun Dec 15 04:25:44 JST 2019:MemoryManager[94]/Add -> add new memory: good_history += good4 in long_memory.txt
Sun Dec 15 04:25:44 JST 2019:MemoryManager[82]/Add -> already contain: good4 at activity_history in short_memory.txt
Sun Dec 15 04:25:44 JST 2019:ActivityManager[78]/handling -> Read activity: activities\good4.txt
Sun Dec 15 04:26:09 JST 2019:MemoryManager[142]/Read -> read memory: boost_history = boost
Sun Dec 15 04:26:09 JST 2019:MemoryManager[94]/Add -> add new memory: boost_history += boost2 in long_memory.txt
Sun Dec 15 04:26:09 JST 2019:MemoryManager[82]/Add -> already contain: boost2 at activity_history in short_memory.txt
Sun Dec 15 04:26:09 JST 2019:ActivityManager[78]/handling -> Read activity: activities\boost2.txt
Sun Dec 15 04:26:59 JST 2019:ActivityManager[78]/handling -> Read activity: activities\clear.txt
Sun Dec 15 04:26:59 JST 2019:ActivityManager[78]/handling -> Read activity: activities\34.txt
Sun Dec 15 04:29:58 JST 2019:ActivityManager[78]/handling -> Read activity: activities\clear.txt
Sun Dec 15 04:29:58 JST 2019:MemoryManager[142]/Read -> read memory: good_history = good4
Sun Dec 15 04:29:58 JST 2019:MemoryManager[94]/Add -> add new memory: good_history += good in long_memory.txt
Sun Dec 15 04:29:58 JST 2019:MemoryManager[82]/Add -> already contain: good at activity_history in short_memory.txt
Sun Dec 15 04:29:58 JST 2019:ActivityManager[78]/handling -> Read activity: activities\good.txt
Sun Dec 15 04:30:23 JST 2019:MemoryManager[142]/Read -> read memory: boost_history = boost,boost2
Sun Dec 15 04:30:23 JST 2019:MemoryManager[181]/Clear -> clear memory: boost_history = boost,boost2
Sun Dec 15 04:30:23 JST 2019:MemoryManager[94]/Add -> add new memory: boost_history += boost2 in long_memory.txt
Sun Dec 15 04:30:23 JST 2019:MemoryManager[82]/Add -> already contain: boost2 at activity_history in short_memory.txt
Sun Dec 15 04:30:23 JST 2019:ActivityManager[78]/handling -> Read activity: activities\boost2.txt
Sun Dec 15 04:31:03 JST 2019:ActivityManager[78]/handling -> Read activity: activities\clear.txt
Sun Dec 15 04:31:03 JST 2019:MemoryManager[142]/Read -> read memory: dis_history = dis2,dis
Sun Dec 15 04:31:03 JST 2019:MemoryManager[181]/Clear -> clear memory: dis_history = dis2,dis
Sun Dec 15 04:31:03 JST 2019:MemoryManager[94]/Add -> add new memory: dis_history += dis in long_memory.txt
Sun Dec 15 04:31:03 JST 2019:MemoryManager[82]/Add -> already contain: dis at activity_history in short_memory.txt
Sun Dec 15 04:31:03 JST 2019:ActivityManager[78]/handling -> Read activity: activities\dis.txt
Sun Dec 15 04:31:35 JST 2019:ActivityManager[78]/handling -> Read activity: activities\clear.txt
Sun Dec 15 04:31:35 JST 2019:ActivityManager[78]/handling -> Read activity: activities\32.txt
Sun Dec 15 04:31:53 JST 2019:ActivityManager[78]/handling -> Read activity: activities\clear.txt
Sun Dec 15 04:31:53 JST 2019:MemoryManager[142]/Read -> read memory: dis_history = dis
Sun Dec 15 04:31:53 JST 2019:MemoryManager[94]/Add -> add new memory: dis_history += dis2 in long_memory.txt
Sun Dec 15 04:31:53 JST 2019:MemoryManager[82]/Add -> already contain: dis2 at activity_history in short_memory.txt
Sun Dec 15 04:31:53 JST 2019:ActivityManager[78]/handling -> Read activity: activities\dis2.txt
Sun Dec 15 04:32:30 JST 2019:ActivityManager[78]/handling -> Read activity: activities\clear.txt
Sun Dec 15 04:32:30 JST 2019:ActivityManager[78]/handling -> Read activity: activities\5.txt
Sun Dec 15 04:33:12 JST 2019:ActivityManager[78]/handling -> Read activity: activities\clear.txt
Sun Dec 15 04:33:12 JST 2019:ActivityManager[78]/handling -> Read activity: activities\ok_gold.txt
Sun Dec 15 04:36:09 JST 2019:ActivityManager[78]/handling -> Read activity: activities\clear.txt
Sun Dec 15 04:36:09 JST 2019:MemoryManager[142]/Read -> read memory: 3_history = 32
Sun Dec 15 04:36:09 JST 2019:MemoryManager[94]/Add -> add new memory: 3_history += 3 in long_memory.txt
Sun Dec 15 04:36:09 JST 2019:MemoryManager[94]/Add -> add new memory: activity_history += 3 in short_memory.txt
Sun Dec 15 04:36:09 JST 2019:ActivityManager[78]/handling -> Read activity: activities\3.txt
Sun Dec 15 04:36:34 JST 2019:ActivityManager[78]/handling -> Read activity: activities\clear.txt
Sun Dec 15 04:36:34 JST 2019:MemoryManager[142]/Read -> read memory: good_history = good4,good
Sun Dec 15 04:36:34 JST 2019:MemoryManager[94]/Add -> add new memory: good_history += good2 in long_memory.txt
Sun Dec 15 04:36:34 JST 2019:MemoryManager[82]/Add -> already contain: good2 at activity_history in short_memory.txt
Sun Dec 15 04:36:34 JST 2019:ActivityManager[78]/handling -> Read activity: activities\good2.txt
Sun Dec 15 04:37:04 JST 2019:ActivityManager[78]/handling -> Read activity: activities\clear.txt
Sun Dec 15 04:37:04 JST 2019:ActivityManager[78]/handling -> Read activity: activities\8.txt
Sun Dec 15 04:37:10 JST 2019:ActivityManager[78]/handling -> Read activity: activities\clear.txt
Sun Dec 15 04:37:10 JST 2019:MemoryManager[142]/Read -> read memory: good_history = good4,good,good2
Sun Dec 15 04:37:10 JST 2019:MemoryManager[94]/Add -> add new memory: good_history += good3 in long_memory.txt
Sun Dec 15 04:37:10 JST 2019:MemoryManager[82]/Add -> already contain: good3 at activity_history in short_memory.txt
Sun Dec 15 04:37:10 JST 2019:ActivityManager[78]/handling -> Read activity: activities\good3.txt
Sun Dec 15 04:37:35 JST 2019:MemoryManager[142]/Read -> read memory: boost_history = boost2
Sun Dec 15 04:37:35 JST 2019:MemoryManager[94]/Add -> add new memory: boost_history += boost in long_memory.txt
Sun Dec 15 04:37:35 JST 2019:MemoryManager[82]/Add -> already contain: boost at activity_history in short_memory.txt
Sun Dec 15 04:37:35 JST 2019:ActivityManager[78]/handling -> Read activity: activities\boost.txt
Sun Dec 15 04:38:48 JST 2019:ActivityManager[78]/handling -> Read activity: activities\clear.txt
Sun Dec 15 04:38:48 JST 2019:ActivityManager[78]/handling -> Read activity: activities\ok_shizuku.txt
Sun Dec 15 04:39:18 JST 2019:ActivityManager[78]/handling -> Read activity: activities\clear.txt
Sun Dec 15 04:39:18 JST 2019:ActivityManager[78]/handling -> Read activity: activities\23.txt
Sun Dec 15 04:41:35 JST 2019:ActivityManager[78]/handling -> Read activity: activities\clear.txt
Sun Dec 15 04:41:35 JST 2019:MemoryManager[142]/Read -> read memory: dis_history = dis,dis2
Sun Dec 15 04:41:35 JST 2019:MemoryManager[181]/Clear -> clear memory: dis_history = dis,dis2
Sun Dec 15 04:41:35 JST 2019:MemoryManager[94]/Add -> add new memory: dis_history += dis in long_memory.txt
Sun Dec 15 04:41:35 JST 2019:MemoryManager[82]/Add -> already contain: dis at activity_history in short_memory.txt
Sun Dec 15 04:41:35 JST 2019:ActivityManager[78]/handling -> Read activity: activities\dis.txt
Sun Dec 15 04:43:34 JST 2019:ActivityManager[78]/handling -> Read activity: activities\clear.txt
Sun Dec 15 04:43:34 JST 2019:ActivityManager[78]/handling -> Read activity: activities\30.txt
Sun Dec 15 04:44:32 JST 2019:ActivityManager[78]/handling -> Read activity: activities\clear.txt
Sun Dec 15 04:44:32 JST 2019:ActivityManager[78]/handling -> Read activity: activities\ok_shizuku.txt
Sun Dec 15 04:45:41 JST 2019:ActivityManager[78]/handling -> Read activity: activities\clear.txt
Sun Dec 15 04:45:41 JST 2019:ActivityManager[78]/handling -> Read activity: activities\21.txt
Sun Dec 15 04:47:15 JST 2019:ActivityManager[78]/handling -> Read activity: activities\clear.txt
Sun Dec 15 04:47:15 JST 2019:MemoryManager[142]/Read -> read memory: dis_history = dis
Sun Dec 15 04:47:15 JST 2019:MemoryManager[94]/Add -> add new memory: dis_history += dis2 in long_memory.txt
Sun Dec 15 04:47:15 JST 2019:MemoryManager[82]/Add -> already contain: dis2 at activity_history in short_memory.txt
Sun Dec 15 04:47:15 JST 2019:ActivityManager[78]/handling -> Read activity: activities\dis2.txt
Sun Dec 15 04:50:15 JST 2019:ActivityManager[78]/handling -> Read activity: activities\clear.txt
Sun Dec 15 04:50:15 JST 2019:ActivityManager[78]/handling -> Read activity: activities\7.txt
Sun Dec 15 04:51:13 JST 2019:ActivityManager[78]/handling -> Read activity: activities\clear.txt
Sun Dec 15 04:51:13 JST 2019:ActivityManager[78]/handling -> Read activity: activities\ok_gold.txt
Sun Dec 15 04:53:57 JST 2019:ActivityManager[78]/handling -> Read activity: activities\clear.txt
Sun Dec 15 04:53:57 JST 2019:ActivityManager[78]/handling -> Read activity: activities\27.txt
Sun Dec 15 04:54:05 JST 2019:ActivityManager[78]/handling -> Read activity: activities\clear.txt
Sun Dec 15 04:54:18 JST 2019:ActivityManager[78]/handling -> Read activity: activities\clear.txt
Sun Dec 15 04:54:18 JST 2019:MemoryManager[142]/Read -> read memory: 1_history = 10,14,19,17,11
Sun Dec 15 04:54:18 JST 2019:MemoryManager[94]/Add -> add new memory: 1_history += 18 in long_memory.txt
Sun Dec 15 04:54:18 JST 2019:MemoryManager[94]/Add -> add new memory: activity_history += 18 in short_memory.txt
Sun Dec 15 04:54:18 JST 2019:ActivityManager[78]/handling -> Read activity: activities\18.txt
Sun Dec 15 04:56:08 JST 2019:ActivityManager[78]/handling -> Read activity: activities\clear.txt
Sun Dec 15 04:59:33 JST 2019:ActivityManager[78]/handling -> Read activity: activities\clear.txt
Sun Dec 15 04:59:34 JST 2019:ActivityManager[78]/handling -> Read activity: activities\6.txt
Sun Dec 15 05:12:20 JST 2019:ActivityManager[78]/handling -> Read activity: activities\clear.txt
Sun Dec 15 05:12:20 JST 2019:ActivityManager[78]/handling -> Read activity: activities\ok_heart.txt
Sun Dec 15 05:12:33 JST 2019:ActivityManager[78]/handling -> Read activity: activities\clear.txt
Sun Dec 15 05:12:33 JST 2019:ActivityManager[78]/handling -> Read activity: activities\29.txt
Sun Dec 15 05:14:22 JST 2019:ActivityManager[78]/handling -> Read activity: activities\clear.txt
Sun Dec 15 05:14:22 JST 2019:ActivityManager[78]/handling -> Read activity: activities\ok_heart.txt
Sun Dec 15 05:14:53 JST 2019:ActivityManager[78]/handling -> Read activity: activities\clear.txt
Sun Dec 15 05:14:53 JST 2019:MemoryManager[142]/Read -> read memory: good_history = good4,good,good2,good3
Sun Dec 15 05:14:53 JST 2019:MemoryManager[181]/Clear -> clear memory: good_history = good4,good,good2,good3
Sun Dec 15 05:14:53 JST 2019:MemoryManager[94]/Add -> add new memory: good_history += good3 in long_memory.txt
Sun Dec 15 05:14:53 JST 2019:MemoryManager[82]/Add -> already contain: good3 at activity_history in short_memory.txt
Sun Dec 15 05:14:53 JST 2019:ActivityManager[78]/handling -> Read activity: activities\good3.txt
Sun Dec 15 05:15:18 JST 2019:MemoryManager[142]/Read -> read memory: boost_history = boost2,boost
Sun Dec 15 05:15:18 JST 2019:MemoryManager[181]/Clear -> clear memory: boost_history = boost2,boost
Sun Dec 15 05:15:18 JST 2019:MemoryManager[94]/Add -> add new memory: boost_history += boost in long_memory.txt
Sun Dec 15 05:15:18 JST 2019:MemoryManager[82]/Add -> already contain: boost at activity_history in short_memory.txt
Sun Dec 15 05:15:18 JST 2019:ActivityManager[78]/handling -> Read activity: activities\boost.txt
Sun Dec 15 05:17:17 JST 2019:ActivityManager[78]/handling -> Read activity: activities\clear.txt
Sun Dec 15 05:17:17 JST 2019:ActivityManager[78]/handling -> Read activity: activities\28.txt
Sun Dec 15 05:17:30 JST 2019:ActivityManager[78]/handling -> Read activity: activities\clear.txt
Sun Dec 15 05:17:30 JST 2019:MemoryManager[142]/Read -> read memory: good_history = good3
Sun Dec 15 05:17:30 JST 2019:MemoryManager[94]/Add -> add new memory: good_history += good4 in long_memory.txt
Sun Dec 15 05:17:30 JST 2019:MemoryManager[82]/Add -> already contain: good4 at activity_history in short_memory.txt
Sun Dec 15 05:17:30 JST 2019:ActivityManager[78]/handling -> Read activity: activities\good4.txt
Sun Dec 15 05:17:55 JST 2019:MemoryManager[142]/Read -> read memory: boost_history = boost
Sun Dec 15 05:17:55 JST 2019:MemoryManager[94]/Add -> add new memory: boost_history += boost2 in long_memory.txt
Sun Dec 15 05:17:55 JST 2019:MemoryManager[82]/Add -> already contain: boost2 at activity_history in short_memory.txt
Sun Dec 15 05:17:55 JST 2019:ActivityManager[78]/handling -> Read activity: activities\boost2.txt
Sun Dec 15 05:21:33 JST 2019:ActivityManager[78]/handling -> Read activity: activities\clear.txt
Sun Dec 15 05:21:33 JST 2019:ActivityManager[78]/handling -> Read activity: activities\ok_heart.txt
Sun Dec 15 05:26:27 JST 2019:ActivityManager[78]/handling -> Read activity: activities\clear.txt
Sun Dec 15 05:26:27 JST 2019:MemoryManager[142]/Read -> read memory: dis_history = dis,dis2
Sun Dec 15 05:26:27 JST 2019:MemoryManager[181]/Clear -> clear memory: dis_history = dis,dis2
Sun Dec 15 05:26:27 JST 2019:MemoryManager[94]/Add -> add new memory: dis_history += dis in long_memory.txt
Sun Dec 15 05:26:27 JST 2019:MemoryManager[82]/Add -> already contain: dis at activity_history in short_memory.txt
Sun Dec 15 05:26:27 JST 2019:ActivityManager[78]/handling -> Read activity: activities\dis.txt
Sun Dec 15 05:27:02 JST 2019:ActivityManager[78]/handling -> Read activity: activities\clear.txt
Sun Dec 15 05:27:02 JST 2019:MemoryManager[142]/Read -> read memory: good_history = good3,good4
Sun Dec 15 05:27:02 JST 2019:MemoryManager[94]/Add -> add new memory: good_history += good2 in long_memory.txt
Sun Dec 15 05:27:02 JST 2019:MemoryManager[82]/Add -> already contain: good2 at activity_history in short_memory.txt
Sun Dec 15 05:27:02 JST 2019:ActivityManager[78]/handling -> Read activity: activities\good2.txt
Sun Dec 15 05:27:12 JST 2019:ActivityManager[78]/handling -> Read activity: activities\clear.txt
Sun Dec 15 05:27:12 JST 2019:MemoryManager[142]/Read -> read memory: good_history = good3,good4,good2
Sun Dec 15 05:27:12 JST 2019:MemoryManager[94]/Add -> add new memory: good_history += good in long_memory.txt
Sun Dec 15 05:27:12 JST 2019:MemoryManager[82]/Add -> already contain: good at activity_history in short_memory.txt
Sun Dec 15 05:27:12 JST 2019:ActivityManager[78]/handling -> Read activity: activities\good.txt
Sun Dec 15 05:27:20 JST 2019:ActivityManager[78]/handling -> Read activity: activities\clear.txt
Sun Dec 15 05:27:20 JST 2019:MemoryManager[142]/Read -> read memory: good_history = good3,good4,good2,good
Sun Dec 15 05:27:20 JST 2019:MemoryManager[181]/Clear -> clear memory: good_history = good3,good4,good2,good
Sun Dec 15 05:27:20 JST 2019:MemoryManager[94]/Add -> add new memory: good_history += good4 in long_memory.txt
Sun Dec 15 05:27:20 JST 2019:MemoryManager[82]/Add -> already contain: good4 at activity_history in short_memory.txt
Sun Dec 15 05:27:20 JST 2019:ActivityManager[78]/handling -> Read activity: activities\good4.txt
Sun Dec 15 05:27:45 JST 2019:MemoryManager[142]/Read -> read memory: boost_history = boost,boost2
Sun Dec 15 05:27:45 JST 2019:MemoryManager[181]/Clear -> clear memory: boost_history = boost,boost2
Sun Dec 15 05:27:45 JST 2019:MemoryManager[94]/Add -> add new memory: boost_history += boost2 in long_memory.txt
Sun Dec 15 05:27:45 JST 2019:MemoryManager[82]/Add -> already contain: boost2 at activity_history in short_memory.txt
Sun Dec 15 05:27:45 JST 2019:ActivityManager[78]/handling -> Read activity: activities\boost2.txt
Sun Dec 15 05:29:41 JST 2019:ActivityManager[78]/handling -> Read activity: activities\clear.txt
Sun Dec 15 05:32:14 JST 2019:ActivityManager[78]/handling -> Read activity: activities\clear.txt
Sun Dec 15 05:32:14 JST 2019:ActivityManager[78]/handling -> Read activity: activities\ok_gold.txt
Sun Dec 15 05:33:00 JST 2019:ActivityManager[78]/handling -> Read activity: activities\clear.txt
Sun Dec 15 05:33:00 JST 2019:ActivityManager[78]/handling -> Read activity: activities\ok_gold.txt
Sun Dec 15 05:35:24 JST 2019:ActivityManager[78]/handling -> Read activity: activities\clear.txt
Sun Dec 15 05:35:49 JST 2019:ActivityManager[78]/handling -> Read activity: activities\clear.txt
Sun Dec 15 05:36:56 JST 2019:ActivityManager[78]/handling -> Read activity: activities\clear.txt
Sun Dec 15 05:38:32 JST 2019:ActivityManager[78]/handling -> Read activity: activities\clear.txt
Sun Dec 15 07:21:06 JST 2019:ActivityManager[78]/handling -> Read activity: activities\4doc.txt
Sun Dec 15 07:21:13 JST 2019:ActivityManager[78]/handling -> Read activity: activities\clear.txt
Sun Dec 15 07:21:13 JST 2019:MemoryManager[142]/Read -> read memory: kanren_history = kanren3,kanren,kanren2,kanren4
Sun Dec 15 07:21:13 JST 2019:MemoryManager[181]/Clear -> clear memory: kanren_history = kanren3,kanren,kanren2,kanren4
Sun Dec 15 07:21:13 JST 2019:MemoryManager[94]/Add -> add new memory: kanren_history += kanren in long_memory.txt
Sun Dec 15 07:21:13 JST 2019:MemoryManager[82]/Add -> already contain: kanren at activity_history in short_memory.txt
Sun Dec 15 07:21:13 JST 2019:ActivityManager[78]/handling -> Read activity: activities\kanren.txt
Sun Dec 15 07:21:51 JST 2019:ActivityManager[78]/handling -> Read activity: activities\clear.txt
Sun Dec 15 07:21:51 JST 2019:ActivityManager[78]/handling -> Read activity: activities\ka_shizuku.txt
Sun Dec 15 07:22:09 JST 2019:ActivityManager[78]/handling -> Read activity: activities\clear.txt
Sun Dec 15 07:22:09 JST 2019:MemoryManager[142]/Read -> read memory: kanren_history = kanren
Sun Dec 15 07:22:09 JST 2019:MemoryManager[94]/Add -> add new memory: kanren_history += kanren4 in long_memory.txt
Sun Dec 15 07:22:09 JST 2019:MemoryManager[82]/Add -> already contain: kanren4 at activity_history in short_memory.txt
Sun Dec 15 07:22:09 JST 2019:ActivityManager[78]/handling -> Read activity: activities\kanren4.txt
Sun Dec 15 07:22:27 JST 2019:ActivityManager[78]/handling -> Read activity: activities\clear.txt
Sun Dec 15 07:23:45 JST 2019:ActivityManager[78]/handling -> Read activity: activities\clear.txt
Sun Dec 15 07:23:45 JST 2019:MemoryManager[142]/Read -> read memory: kanren_history = kanren,kanren4
Sun Dec 15 07:23:45 JST 2019:MemoryManager[94]/Add -> add new memory: kanren_history += kanren2 in long_memory.txt
Sun Dec 15 07:23:45 JST 2019:MemoryManager[82]/Add -> already contain: kanren2 at activity_history in short_memory.txt
Sun Dec 15 07:23:45 JST 2019:ActivityManager[78]/handling -> Read activity: activities\kanren2.txt
Sun Dec 15 07:23:53 JST 2019:ActivityManager[78]/handling -> Read activity: activities\clear.txt
Sun Dec 15 07:23:53 JST 2019:MemoryManager[142]/Read -> read memory: kanren_history = kanren,kanren4,kanren2
Sun Dec 15 07:23:53 JST 2019:MemoryManager[94]/Add -> add new memory: kanren_history += kanren3 in long_memory.txt
Sun Dec 15 07:23:53 JST 2019:MemoryManager[82]/Add -> already contain: kanren3 at activity_history in short_memory.txt
Sun Dec 15 07:23:53 JST 2019:ActivityManager[78]/handling -> Read activity: activities\kanren3.txt
Sun Dec 15 07:24:06 JST 2019:ActivityManager[78]/handling -> Read activity: activities\clear.txt
Sun Dec 15 07:24:06 JST 2019:MemoryManager[142]/Read -> read memory: kanren_history = kanren,kanren4,kanren2,kanren3
Sun Dec 15 07:24:06 JST 2019:MemoryManager[181]/Clear -> clear memory: kanren_history = kanren,kanren4,kanren2,kanren3
Sun Dec 15 07:24:06 JST 2019:MemoryManager[94]/Add -> add new memory: kanren_history += kanren in long_memory.txt
Sun Dec 15 07:24:06 JST 2019:MemoryManager[82]/Add -> already contain: kanren at activity_history in short_memory.txt
Sun Dec 15 07:24:06 JST 2019:ActivityManager[78]/handling -> Read activity: activities\kanren.txt
Sun Dec 15 07:24:16 JST 2019:ActivityManager[78]/handling -> Read activity: activities\clear.txt
Sun Dec 15 07:24:29 JST 2019:ActivityManager[78]/handling -> Read activity: activities\clear.txt
Sun Dec 15 07:27:44 JST 2019:ActivityManager[78]/handling -> Read activity: activities\clear.txt
Sun Dec 15 07:27:44 JST 2019:MemoryManager[142]/Read -> read memory: kanren_history = kanren
Sun Dec 15 07:27:44 JST 2019:MemoryManager[94]/Add -> add new memory: kanren_history += kanren4 in long_memory.txt
Sun Dec 15 07:27:44 JST 2019:MemoryManager[82]/Add -> already contain: kanren4 at activity_history in short_memory.txt
Sun Dec 15 07:27:44 JST 2019:ActivityManager[78]/handling -> Read activity: activities\kanren4.txt
Sun Dec 15 07:27:56 JST 2019:ActivityManager[78]/handling -> Read activity: activities\clear.txt
Sun Dec 15 07:27:56 JST 2019:MemoryManager[142]/Read -> read memory: kanren_history = kanren,kanren4
Sun Dec 15 07:27:56 JST 2019:MemoryManager[94]/Add -> add new memory: kanren_history += kanren2 in long_memory.txt
Sun Dec 15 07:27:56 JST 2019:MemoryManager[82]/Add -> already contain: kanren2 at activity_history in short_memory.txt
Sun Dec 15 07:27:56 JST 2019:ActivityManager[78]/handling -> Read activity: activities\kanren2.txt
Sun Dec 15 07:28:04 JST 2019:ActivityManager[78]/handling -> Read activity: activities\clear.txt
Sun Dec 15 07:28:04 JST 2019:MemoryManager[142]/Read -> read memory: kanren_history = kanren,kanren4,kanren2
Sun Dec 15 07:28:04 JST 2019:MemoryManager[94]/Add -> add new memory: kanren_history += kanren3 in long_memory.txt
Sun Dec 15 07:28:04 JST 2019:MemoryManager[82]/Add -> already contain: kanren3 at activity_history in short_memory.txt
Sun Dec 15 07:28:04 JST 2019:ActivityManager[78]/handling -> Read activity: activities\kanren3.txt
Sun Dec 15 07:28:16 JST 2019:ActivityManager[78]/handling -> Read activity: activities\clear.txt
Sun Dec 15 07:28:16 JST 2019:MemoryManager[142]/Read -> read memory: kanren_history = kanren,kanren4,kanren2,kanren3
Sun Dec 15 07:28:16 JST 2019:MemoryManager[181]/Clear -> clear memory: kanren_history = kanren,kanren4,kanren2,kanren3
Sun Dec 15 07:28:16 JST 2019:MemoryManager[94]/Add -> add new memory: kanren_history += kanren2 in long_memory.txt
Sun Dec 15 07:28:16 JST 2019:MemoryManager[82]/Add -> already contain: kanren2 at activity_history in short_memory.txt
Sun Dec 15 07:28:16 JST 2019:ActivityManager[78]/handling -> Read activity: activities\kanren2.txt
Sun Dec 15 07:28:25 JST 2019:ActivityManager[78]/handling -> Read activity: activities\clear.txt
Sun Dec 15 07:28:25 JST 2019:ActivityManager[78]/handling -> Read activity: activities\ka_heart.txt
Sun Dec 15 07:28:37 JST 2019:ActivityManager[78]/handling -> Read activity: activities\clear.txt
Sun Dec 15 07:28:37 JST 2019:ActivityManager[78]/handling -> Read activity: activities\ok_gold.txt
Sun Dec 15 07:28:49 JST 2019:ActivityManager[78]/handling -> Read activity: activities\clear.txt
Sun Dec 15 07:28:49 JST 2019:ActivityManager[78]/handling -> Read activity: activities\5.txt
Sun Dec 15 07:29:16 JST 2019:ActivityManager[78]/handling -> Read activity: activities\clear.txt
Sun Dec 15 07:29:16 JST 2019:ActivityManager[78]/handling -> Read activity: activities\ok_shizuku.txt
Sun Dec 15 07:29:46 JST 2019:ActivityManager[78]/handling -> Read activity: activities\clear.txt
Sun Dec 15 07:29:46 JST 2019:MemoryManager[142]/Read -> read memory: 3_history = 32,3
Sun Dec 15 07:29:46 JST 2019:MemoryManager[94]/Add -> add new memory: 3_history += 31 in long_memory.txt
Sun Dec 15 07:29:46 JST 2019:MemoryManager[94]/Add -> add new memory: activity_history += 31 in short_memory.txt
Sun Dec 15 07:29:46 JST 2019:ActivityManager[78]/handling -> Read activity: activities\31.txt
Sun Dec 15 07:34:05 JST 2019:ActivityManager[78]/handling -> Read activity: activities\clear.txt
Sun Dec 15 07:34:05 JST 2019:ActivityManager[78]/handling -> Read activity: activities\ka_heart.txt
Sun Dec 15 07:34:14 JST 2019:ActivityManager[78]/handling -> Read activity: activities\clear.txt
Sun Dec 15 07:34:14 JST 2019:MemoryManager[142]/Read -> read memory: kanren_history = kanren2
Sun Dec 15 07:34:14 JST 2019:MemoryManager[94]/Add -> add new memory: kanren_history += kanren4 in long_memory.txt
Sun Dec 15 07:34:14 JST 2019:MemoryManager[82]/Add -> already contain: kanren4 at activity_history in short_memory.txt
Sun Dec 15 07:34:14 JST 2019:ActivityManager[78]/handling -> Read activity: activities\kanren4.txt
Sun Dec 15 07:34:21 JST 2019:ActivityManager[78]/handling -> Read activity: activities\clear.txt
Sun Dec 15 07:34:21 JST 2019:MemoryManager[142]/Read -> read memory: kanren_history = kanren2,kanren4
Sun Dec 15 07:34:21 JST 2019:MemoryManager[94]/Add -> add new memory: kanren_history += kanren in long_memory.txt
Sun Dec 15 07:34:21 JST 2019:MemoryManager[82]/Add -> already contain: kanren at activity_history in short_memory.txt
Sun Dec 15 07:34:21 JST 2019:ActivityManager[78]/handling -> Read activity: activities\kanren.txt
Sun Dec 15 07:34:30 JST 2019:ActivityManager[78]/handling -> Read activity: activities\clear.txt
Sun Dec 15 07:34:30 JST 2019:ActivityManager[78]/handling -> Read activity: activities\ok_shizuku.txt
Sun Dec 15 07:34:39 JST 2019:ActivityManager[78]/handling -> Read activity: activities\clear.txt
Sun Dec 15 07:34:39 JST 2019:ActivityManager[78]/handling -> Read activity: activities\34.txt
Sun Dec 15 07:34:59 JST 2019:ActivityManager[78]/handling -> Read activity: activities\clear.txt
Sun Dec 15 07:34:59 JST 2019:ActivityManager[78]/handling -> Read activity: activities\32.txt
Sun Dec 15 07:44:42 JST 2019:ActivityManager[78]/handling -> Read activity: activities\clear.txt
Sun Dec 15 07:44:42 JST 2019:MemoryManager[142]/Read -> read memory: kanren_history = kanren2,kanren4,kanren
Sun Dec 15 07:44:42 JST 2019:MemoryManager[94]/Add -> add new memory: kanren_history += kanren3 in long_memory.txt
Sun Dec 15 07:44:42 JST 2019:MemoryManager[82]/Add -> already contain: kanren3 at activity_history in short_memory.txt
Sun Dec 15 07:44:42 JST 2019:ActivityManager[78]/handling -> Read activity: activities\kanren3.txt
Sun Dec 15 07:45:02 JST 2019:ActivityManager[78]/handling -> Read activity: activities\clear.txt
Sun Dec 15 07:45:02 JST 2019:MemoryManager[142]/Read -> read memory: kanren_history = kanren2,kanren4,kanren,kanren3
Sun Dec 15 07:45:02 JST 2019:MemoryManager[181]/Clear -> clear memory: kanren_history = kanren2,kanren4,kanren,kanren3
Sun Dec 15 07:45:02 JST 2019:MemoryManager[94]/Add -> add new memory: kanren_history += kanren3 in long_memory.txt
Sun Dec 15 07:45:02 JST 2019:MemoryManager[82]/Add -> already contain: kanren3 at activity_history in short_memory.txt
Sun Dec 15 07:45:02 JST 2019:ActivityManager[78]/handling -> Read activity: activities\kanren3.txt
Sun Dec 15 07:45:15 JST 2019:ActivityManager[78]/handling -> Read activity: activities\clear.txt
Sun Dec 15 07:45:15 JST 2019:ActivityManager[78]/handling -> Read activity: activities\ok_shizuku.txt
Sun Dec 15 07:45:27 JST 2019:ActivityManager[78]/handling -> Read activity: activities\clear.txt
Sun Dec 15 07:45:27 JST 2019:ActivityManager[78]/handling -> Read activity: activities\6.txt
Sun Dec 15 07:45:40 JST 2019:ActivityManager[78]/handling -> Read activity: activities\clear.txt
Sun Dec 15 07:45:40 JST 2019:ActivityManager[78]/handling -> Read activity: activities\ok_gold.txt
Sun Dec 15 07:45:52 JST 2019:ActivityManager[78]/handling -> Read activity: activities\clear.txt
Sun Dec 15 07:45:52 JST 2019:ActivityManager[78]/handling -> Read activity: activities\12.txt
Sun Dec 15 07:45:52 JST 2019:ActivityManager[78]/handling -> Read activity: activities\clear.txt
Sun Dec 15 07:45:52 JST 2019:ActivityManager[78]/handling -> Read activity: activities\12.txt
Sun Dec 15 07:45:52 JST 2019:ActivityManager[78]/handling -> Read activity: activities\clear.txt
Sun Dec 15 07:45:52 JST 2019:ActivityManager[78]/handling -> Read activity: activities\12.txt
Sun Dec 15 07:46:38 JST 2019:ActivityManager[78]/handling -> Read activity: activities\clear.txt
Sun Dec 15 07:46:38 JST 2019:ActivityManager[78]/handling -> Read activity: activities\ok_heart.txt
Sun Dec 15 07:46:50 JST 2019:ActivityManager[78]/handling -> Read activity: activities\clear.txt
Sun Dec 15 07:46:50 JST 2019:ActivityManager[78]/handling -> Read activity: activities\32.txt
Sun Dec 15 07:46:50 JST 2019:ActivityManager[78]/handling -> Read activity: activities\clear.txt
Sun Dec 15 07:46:50 JST 2019:ActivityManager[78]/handling -> Read activity: activities\32.txt
Sun Dec 15 07:46:50 JST 2019:ActivityManager[78]/handling -> Read activity: activities\clear.txt
Sun Dec 15 07:46:50 JST 2019:ActivityManager[78]/handling -> Read activity: activities\32.txt
Sun Dec 15 07:50:04 JST 2019:ActivityManager[78]/handling -> Read activity: activities\clear.txt
Sun Dec 15 07:50:04 JST 2019:ActivityManager[78]/handling -> Read activity: activities\ka_heart.txt
Sun Dec 15 07:50:11 JST 2019:ActivityManager[78]/handling -> Read activity: activities\clear.txt
Sun Dec 15 07:50:11 JST 2019:ActivityManager[78]/handling -> Read activity: activities\ka_shizuku.txt
Sun Dec 15 07:50:25 JST 2019:ActivityManager[78]/handling -> Read activity: activities\clear.txt
Sun Dec 15 07:50:25 JST 2019:MemoryManager[142]/Read -> read memory: kanren_history = kanren3
Sun Dec 15 07:50:25 JST 2019:MemoryManager[94]/Add -> add new memory: kanren_history += kanren in long_memory.txt
Sun Dec 15 07:50:25 JST 2019:MemoryManager[82]/Add -> already contain: kanren at activity_history in short_memory.txt
Sun Dec 15 07:50:25 JST 2019:ActivityManager[78]/handling -> Read activity: activities\kanren.txt
Sun Dec 15 07:50:41 JST 2019:ActivityManager[78]/handling -> Read activity: activities\clear.txt
Sun Dec 15 07:50:41 JST 2019:MemoryManager[142]/Read -> read memory: kanren_history = kanren3,kanren
Sun Dec 15 07:50:42 JST 2019:MemoryManager[94]/Add -> add new memory: kanren_history += kanren4 in long_memory.txt
Sun Dec 15 07:50:42 JST 2019:MemoryManager[82]/Add -> already contain: kanren4 at activity_history in short_memory.txt
Sun Dec 15 07:50:42 JST 2019:ActivityManager[78]/handling -> Read activity: activities\kanren4.txt
Sun Dec 15 07:50:51 JST 2019:ActivityManager[78]/handling -> Read activity: activities\clear.txt
Sun Dec 15 07:50:51 JST 2019:ActivityManager[78]/handling -> Read activity: activities\ok_gold.txt
Sun Dec 15 07:51:02 JST 2019:ActivityManager[78]/handling -> Read activity: activities\clear.txt
Sun Dec 15 07:51:02 JST 2019:ActivityManager[78]/handling -> Read activity: activities\34.txt
Sun Dec 15 07:51:14 JST 2019:ActivityManager[78]/handling -> Read activity: activities\clear.txt
Sun Dec 15 07:51:14 JST 2019:MemoryManager[142]/Read -> read memory: good_history = good4
Sun Dec 15 07:51:14 JST 2019:MemoryManager[94]/Add -> add new memory: good_history += good3 in long_memory.txt
Sun Dec 15 07:51:14 JST 2019:MemoryManager[82]/Add -> already contain: good3 at activity_history in short_memory.txt
Sun Dec 15 07:51:14 JST 2019:ActivityManager[78]/handling -> Read activity: activities\good3.txt
Sun Dec 15 07:51:28 JST 2019:ActivityManager[78]/handling -> Read activity: activities\clear.txt
Sun Dec 15 07:51:28 JST 2019:ActivityManager[78]/handling -> Read activity: activities\33.txt
Sun Dec 15 07:51:28 JST 2019:ActivityManager[78]/handling -> Read activity: activities\clear.txt
Sun Dec 15 07:51:28 JST 2019:ActivityManager[78]/handling -> Read activity: activities\33.txt
Sun Dec 15 07:51:28 JST 2019:ActivityManager[78]/handling -> Read activity: activities\clear.txt
Sun Dec 15 07:51:28 JST 2019:ActivityManager[78]/handling -> Read activity: activities\33.txt
Sun Dec 15 07:53:34 JST 2019:ActivityManager[78]/handling -> Read activity: activities\clear.txt
Sun Dec 15 07:53:34 JST 2019:MemoryManager[142]/Read -> read memory: kanren_history = kanren3,kanren,kanren4
Sun Dec 15 07:53:34 JST 2019:MemoryManager[94]/Add -> add new memory: kanren_history += kanren2 in long_memory.txt
Sun Dec 15 07:53:34 JST 2019:MemoryManager[82]/Add -> already contain: kanren2 at activity_history in short_memory.txt
Sun Dec 15 07:53:34 JST 2019:ActivityManager[78]/handling -> Read activity: activities\kanren2.txt
Sun Dec 15 07:53:49 JST 2019:ActivityManager[78]/handling -> Read activity: activities\clear.txt
Sun Dec 15 07:53:49 JST 2019:ActivityManager[78]/handling -> Read activity: activities\ka_heart.txt
Sun Dec 15 07:53:59 JST 2019:ActivityManager[78]/handling -> Read activity: activities\clear.txt
Sun Dec 15 07:53:59 JST 2019:MemoryManager[142]/Read -> read memory: kanren_history = kanren3,kanren,kanren4,kanren2
Sun Dec 15 07:53:59 JST 2019:MemoryManager[181]/Clear -> clear memory: kanren_history = kanren3,kanren,kanren4,kanren2
Sun Dec 15 07:53:59 JST 2019:MemoryManager[94]/Add -> add new memory: kanren_history += kanren2 in long_memory.txt
Sun Dec 15 07:53:59 JST 2019:MemoryManager[82]/Add -> already contain: kanren2 at activity_history in short_memory.txt
Sun Dec 15 07:53:59 JST 2019:ActivityManager[78]/handling -> Read activity: activities\kanren2.txt
Sun Dec 15 07:54:09 JST 2019:ActivityManager[78]/handling -> Read activity: activities\clear.txt
Sun Dec 15 07:54:09 JST 2019:MemoryManager[142]/Read -> read memory: kanren_history = kanren2
Sun Dec 15 07:54:09 JST 2019:MemoryManager[94]/Add -> add new memory: kanren_history += kanren3 in long_memory.txt
Sun Dec 15 07:54:09 JST 2019:MemoryManager[82]/Add -> already contain: kanren3 at activity_history in short_memory.txt
Sun Dec 15 07:54:09 JST 2019:ActivityManager[78]/handling -> Read activity: activities\kanren3.txt
Sun Dec 15 07:54:17 JST 2019:ActivityManager[78]/handling -> Read activity: activities\clear.txt
Sun Dec 15 07:54:17 JST 2019:ActivityManager[78]/handling -> Read activity: activities\ka_shizuku.txt
Sun Dec 15 07:54:27 JST 2019:ActivityManager[78]/handling -> Read activity: activities\clear.txt
Sun Dec 15 07:54:27 JST 2019:ActivityManager[78]/handling -> Read activity: activities\ok_shizuku.txt
Sun Dec 15 07:54:37 JST 2019:ActivityManager[78]/handling -> Read activity: activities\clear.txt
Sun Dec 15 07:54:37 JST 2019:ActivityManager[78]/handling -> Read activity: activities\5.txt
Sun Dec 15 07:54:54 JST 2019:ActivityManager[78]/handling -> Read activity: activities\clear.txt
Sun Dec 15 07:54:54 JST 2019:ActivityManager[78]/handling -> Read activity: activities\clear.txt
Sun Dec 15 07:54:54 JST 2019:ActivityManager[78]/handling -> Read activity: activities\clear.txt
Sun Dec 15 07:54:54 JST 2019:ActivityManager[78]/handling -> Read activity: activities\clear.txt
Sun Dec 15 07:54:54 JST 2019:ActivityManager[78]/handling -> Read activity: activities\clear.txt
Sun Dec 15 07:54:54 JST 2019:ActivityManager[78]/handling -> Read activity: activities\clear.txt
Sun Dec 15 07:54:54 JST 2019:ActivityManager[78]/handling -> Read activity: activities\clear.txt
Sun Dec 15 07:54:54 JST 2019:ActivityManager[78]/handling -> Read activity: activities\clear.txt
Sun Dec 15 07:54:54 JST 2019:ActivityManager[78]/handling -> Read activity: activities\clear.txt
Sun Dec 15 07:54:54 JST 2019:ActivityManager[78]/handling -> Read activity: activities\clear.txt
Sun Dec 15 07:54:54 JST 2019:ActivityManager[78]/handling -> Read activity: activities\clear.txt
Sun Dec 15 07:54:54 JST 2019:ActivityManager[78]/handling -> Read activity: activities\clear.txt
Sun Dec 15 07:54:54 JST 2019:ActivityManager[78]/handling -> Read activity: activities\clear.txt
Sun Dec 15 07:55:08 JST 2019:ActivityManager[78]/handling -> Read activity: activities\clear.txt
Sun Dec 15 07:55:08 JST 2019:ActivityManager[78]/handling -> Read activity: activities\ok_heart.txt
Sun Dec 15 07:55:22 JST 2019:ActivityManager[78]/handling -> Read activity: activities\clear.txt
Sun Dec 15 07:55:22 JST 2019:ActivityManager[78]/handling -> Read activity: activities\clear.txt
Sun Dec 15 07:55:22 JST 2019:ActivityManager[78]/handling -> Read activity: activities\clear.txt
Sun Dec 15 07:55:22 JST 2019:ActivityManager[78]/handling -> Read activity: activities\clear.txt
Sun Dec 15 07:55:22 JST 2019:ActivityManager[78]/handling -> Read activity: activities\clear.txt
Sun Dec 15 07:55:22 JST 2019:ActivityManager[78]/handling -> Read activity: activities\clear.txt
Sun Dec 15 07:55:22 JST 2019:ActivityManager[78]/handling -> Read activity: activities\clear.txt
Sun Dec 15 07:55:22 JST 2019:ActivityManager[78]/handling -> Read activity: activities\clear.txt
Sun Dec 15 07:55:22 JST 2019:ActivityManager[78]/handling -> Read activity: activities\clear.txt
Sun Dec 15 07:55:22 JST 2019:ActivityManager[78]/handling -> Read activity: activities\clear.txt
Sun Dec 15 07:55:22 JST 2019:ActivityManager[78]/handling -> Read activity: activities\clear.txt
Sun Dec 15 07:55:22 JST 2019:ActivityManager[78]/handling -> Read activity: activities\clear.txt
Sun Dec 15 07:55:22 JST 2019:ActivityManager[78]/handling -> Read activity: activities\clear.txt
Sun Dec 15 07:55:22 JST 2019:ActivityManager[78]/handling -> Read activity: activities\clear.txt
